<?xml version="1.0" encoding="UTF-8" ?>
<testsuites name="vitest tests" tests="247" failures="120" errors="0" time="14.235561814">
    <testsuite name="__tests__/api/index.test.ts" timestamp="2025-09-06T16:34:54.974Z" hostname="c82ba9db4d53" tests="3" failures="0" errors="0" skipped="0" time="0.010970856">
        <testcase classname="__tests__/api/index.test.ts" name="API Routes Test Suite &gt; should have comprehensive test coverage for API routes" time="0.005290986">
        </testcase>
        <testcase classname="__tests__/api/index.test.ts" name="API Routes Test Suite &gt; should exclude sync-worker and MQTT functionality from tests" time="0.001369589">
        </testcase>
        <testcase classname="__tests__/api/index.test.ts" name="API Routes Test Suite &gt; should verify test utilities are available" time="0.001203708">
        </testcase>
    </testsuite>
    <testsuite name="__tests__/api/plex-connection.test.ts" timestamp="2025-09-06T16:34:54.976Z" hostname="c82ba9db4d53" tests="1" failures="1" errors="0" skipped="0" time="0">
        <testcase classname="__tests__/api/plex-connection.test.ts" name="__tests__/api/plex-connection.test.ts" time="0">
            <failure message="[vitest] There was an error when mocking a module. If you are using &quot;vi.mock&quot; factory, make sure there are no top level variables inside, since this call is hoisted to top of the file. Read more: https://vitest.dev/api/vi.html#vi-mock" type="Error">
Error: [vitest] There was an error when mocking a module. If you are using &quot;vi.mock&quot; factory, make sure there are no top level variables inside, since this call is hoisted to top of the file. Read more: https://vitest.dev/api/vi.html#vi-mock
 ❯ pages/api/plex/resources.ts:2:1

Caused by: Caused by: ReferenceError: Cannot access &apos;mockPlex&apos; before initialization
 ❯ __tests__/api/plex-connection.test.ts:28:11
 ❯ pages/api/plex/resources.ts:2:1
            </failure>
        </testcase>
    </testsuite>
    <testsuite name="__tests__/api/plex-tracks.test.ts" timestamp="2025-09-06T16:34:55.466Z" hostname="c82ba9db4d53" tests="1" failures="1" errors="0" skipped="0" time="0">
        <testcase classname="__tests__/api/plex-tracks.test.ts" name="__tests__/api/plex-tracks.test.ts" time="0">
            <failure message="[vitest] There was an error when mocking a module. If you are using &quot;vi.mock&quot; factory, make sure there are no top level variables inside, since this call is hoisted to top of the file. Read more: https://vitest.dev/api/vi.html#vi-mock" type="Error">
Error: [vitest] There was an error when mocking a module. If you are using &quot;vi.mock&quot; factory, make sure there are no top level variables inside, since this call is hoisted to top of the file. Read more: https://vitest.dev/api/vi.html#vi-mock
 ❯ pages/api/plex/tracks.ts:4:1

Caused by: Caused by: ReferenceError: Cannot access &apos;mockPlex&apos; before initialization
 ❯ __tests__/api/plex-tracks.test.ts:22:11
 ❯ pages/api/plex/tracks.ts:4:1
            </failure>
        </testcase>
    </testsuite>
    <testsuite name="__tests__/api/settings-create.test.ts" timestamp="2025-09-06T16:34:55.468Z" hostname="c82ba9db4d53" tests="1" failures="1" errors="0" skipped="0" time="0">
        <testcase classname="__tests__/api/settings-create.test.ts" name="__tests__/api/settings-create.test.ts" time="0">
            <failure message="[vitest] There was an error when mocking a module. If you are using &quot;vi.mock&quot; factory, make sure there are no top level variables inside, since this call is hoisted to top of the file. Read more: https://vitest.dev/api/vi.html#vi-mock" type="Error">
Error: [vitest] There was an error when mocking a module. If you are using &quot;vi.mock&quot; factory, make sure there are no top level variables inside, since this call is hoisted to top of the file. Read more: https://vitest.dev/api/vi.html#vi-mock
 ❯ pages/api/settings.ts:2:1

Caused by: Caused by: ReferenceError: Cannot access &apos;mockPlex&apos; before initialization
 ❯ __tests__/api/settings-create.test.ts:21:42
 ❯ pages/api/settings.ts:2:1
            </failure>
        </testcase>
    </testsuite>
    <testsuite name="__tests__/api/settings.test.ts" timestamp="2025-09-06T16:34:55.468Z" hostname="c82ba9db4d53" tests="1" failures="1" errors="0" skipped="0" time="0">
        <testcase classname="__tests__/api/settings.test.ts" name="__tests__/api/settings.test.ts" time="0">
            <failure message="[vitest] There was an error when mocking a module. If you are using &quot;vi.mock&quot; factory, make sure there are no top level variables inside, since this call is hoisted to top of the file. Read more: https://vitest.dev/api/vi.html#vi-mock" type="Error">
Error: [vitest] There was an error when mocking a module. If you are using &quot;vi.mock&quot; factory, make sure there are no top level variables inside, since this call is hoisted to top of the file. Read more: https://vitest.dev/api/vi.html#vi-mock
 ❯ pages/api/settings.ts:2:1

Caused by: ReferenceError: Cannot access &apos;mockPlex&apos; before initialization
 ❯ __tests__/api/settings.test.ts:20:11
 ❯ pages/api/settings.ts:2:1
            </failure>
        </testcase>
    </testsuite>
    <testsuite name="__tests__/api/spotify-auth.test.ts" timestamp="2025-09-06T16:34:55.470Z" hostname="c82ba9db4d53" tests="22" failures="7" errors="0" skipped="0" time="0.084991992">
        <testcase classname="__tests__/api/spotify-auth.test.ts" name="/api/spotify/login - Spotify OAuth Flow &gt; GET requests - OAuth initiation &gt; should redirect to Spotify authorization URL" time="0.006492423">
        </testcase>
        <testcase classname="__tests__/api/spotify-auth.test.ts" name="/api/spotify/login - Spotify OAuth Flow &gt; GET requests - OAuth initiation &gt; should include required OAuth scopes" time="0.001341539">
        </testcase>
        <testcase classname="__tests__/api/spotify-auth.test.ts" name="/api/spotify/login - Spotify OAuth Flow &gt; GET requests - OAuth initiation &gt; should handle missing SPOTIFY_API_REDIRECT_URI" time="0.007103801">
            <failure message="promise resolved &quot;undefined&quot; instead of rejecting" type="AssertionError">
AssertionError: promise resolved &quot;undefined&quot; instead of rejecting

- Expected: 
Error {
  &quot;message&quot;: &quot;rejected promise&quot;,
}

+ Received: 
undefined

 ❯ __tests__/api/spotify-auth.test.ts:86:43
            </failure>
        </testcase>
        <testcase classname="__tests__/api/spotify-auth.test.ts" name="/api/spotify/login - Spotify OAuth Flow &gt; GET requests - OAuth initiation &gt; should handle missing SPOTIFY_API_CLIENT_ID" time="0.002119921">
            <failure message="promise resolved &quot;undefined&quot; instead of rejecting" type="AssertionError">
AssertionError: promise resolved &quot;undefined&quot; instead of rejecting

- Expected: 
Error {
  &quot;message&quot;: &quot;rejected promise&quot;,
}

+ Received: 
undefined

 ❯ __tests__/api/spotify-auth.test.ts:97:43
            </failure>
        </testcase>
        <testcase classname="__tests__/api/spotify-auth.test.ts" name="/api/spotify/login - Spotify OAuth Flow &gt; GET requests - OAuth initiation &gt; should handle both missing environment variables" time="0.002441975">
            <failure message="promise resolved &quot;undefined&quot; instead of rejecting" type="AssertionError">
AssertionError: promise resolved &quot;undefined&quot; instead of rejecting

- Expected: 
Error {
  &quot;message&quot;: &quot;rejected promise&quot;,
}

+ Received: 
undefined

 ❯ __tests__/api/spotify-auth.test.ts:110:43
            </failure>
        </testcase>
        <testcase classname="__tests__/api/spotify-auth.test.ts" name="/api/spotify/login - Spotify OAuth Flow &gt; OAuth URL construction &gt; should properly encode redirect URI with special characters" time="0.001510772">
        </testcase>
        <testcase classname="__tests__/api/spotify-auth.test.ts" name="/api/spotify/login - Spotify OAuth Flow &gt; OAuth URL construction &gt; should properly encode client ID with special characters" time="0.013809447">
            <failure message="expected &apos;https://accounts.spotify.com/authoriz…&apos; to contain &apos;client_id=client-id-with-special_char…&apos;" type="AssertionError">
AssertionError: expected &apos;https://accounts.spotify.com/authoriz…&apos; to contain &apos;client_id=client-id-with-special_char…&apos;

Expected: &quot;client_id=client-id-with-special_chars%2Band%3Dsymbols&quot;
Received: &quot;https://accounts.spotify.com/authorize?response_type=code&amp;client_id=client-id-with-special_chars+and=symbols&amp;scope=user-read-recently-played%20user-library-read%20playlist-read-private%20playlist-read-collaborative%20user-read-playback-state&amp;redirect_uri=http%3A%2F%2Flocalhost%3A3000%2Fapi%2Fauth%2Fcallback&quot;

 ❯ __tests__/api/spotify-auth.test.ts:138:30
            </failure>
        </testcase>
        <testcase classname="__tests__/api/spotify-auth.test.ts" name="/api/spotify/login - Spotify OAuth Flow &gt; OAuth URL construction &gt; should construct valid authorization URL structure" time="0.008980558">
        </testcase>
        <testcase classname="__tests__/api/spotify-auth.test.ts" name="/api/spotify/login - Spotify OAuth Flow &gt; OAuth URL construction &gt; should handle localhost redirect URIs correctly" time="0.002939112">
        </testcase>
        <testcase classname="__tests__/api/spotify-auth.test.ts" name="/api/spotify/login - Spotify OAuth Flow &gt; OAuth URL construction &gt; should handle HTTPS redirect URIs correctly" time="0.002457805">
        </testcase>
        <testcase classname="__tests__/api/spotify-auth.test.ts" name="/api/spotify/login - Spotify OAuth Flow &gt; Request validation &gt; should only accept GET requests" time="0.002967472">
        </testcase>
        <testcase classname="__tests__/api/spotify-auth.test.ts" name="/api/spotify/login - Spotify OAuth Flow &gt; Request validation &gt; should ignore query parameters in GET request" time="0.001993709">
        </testcase>
        <testcase classname="__tests__/api/spotify-auth.test.ts" name="/api/spotify/login - Spotify OAuth Flow &gt; Request validation &gt; should ignore request body in GET request" time="0.001496932">
        </testcase>
        <testcase classname="__tests__/api/spotify-auth.test.ts" name="/api/spotify/login - Spotify OAuth Flow &gt; Security considerations &gt; should not leak environment variables in error messages" time="0.002480285">
            <failure message="expected &apos;Should have thrown an error&apos; to contain &apos;SPOTIFY_API_REDIRECT_URI&apos;" type="AssertionError">
AssertionError: expected &apos;Should have thrown an error&apos; to contain &apos;SPOTIFY_API_REDIRECT_URI&apos;

Expected: &quot;SPOTIFY_API_REDIRECT_URI&quot;
Received: &quot;Should have thrown an error&quot;

 ❯ __tests__/api/spotify-auth.test.ts:266:50
            </failure>
        </testcase>
        <testcase classname="__tests__/api/spotify-auth.test.ts" name="/api/spotify/login - Spotify OAuth Flow &gt; Security considerations &gt; should use HTTPS for authorization URL" time="0.001574443">
        </testcase>
        <testcase classname="__tests__/api/spotify-auth.test.ts" name="/api/spotify/login - Spotify OAuth Flow &gt; Security considerations &gt; should not include sensitive data in redirect URL" time="0.001841717">
        </testcase>
        <testcase classname="__tests__/api/spotify-auth.test.ts" name="/api/spotify/login - Spotify OAuth Flow &gt; OAuth scope validation &gt; should include minimum required scopes" time="0.005787202">
        </testcase>
        <testcase classname="__tests__/api/spotify-auth.test.ts" name="/api/spotify/login - Spotify OAuth Flow &gt; OAuth scope validation &gt; should not include unnecessary scopes" time="0.003847365">
        </testcase>
        <testcase classname="__tests__/api/spotify-auth.test.ts" name="/api/spotify/login - Spotify OAuth Flow &gt; OAuth scope validation &gt; should properly space-separate multiple scopes" time="0.003802074">
        </testcase>
        <testcase classname="__tests__/api/spotify-auth.test.ts" name="/api/spotify/login - Spotify OAuth Flow &gt; Edge cases and error handling &gt; should handle empty environment variables" time="0.002043529">
            <failure message="promise resolved &quot;undefined&quot; instead of rejecting" type="AssertionError">
AssertionError: promise resolved &quot;undefined&quot; instead of rejecting

- Expected: 
Error {
  &quot;message&quot;: &quot;rejected promise&quot;,
}

+ Received: 
undefined

 ❯ __tests__/api/spotify-auth.test.ts:367:43
            </failure>
        </testcase>
        <testcase classname="__tests__/api/spotify-auth.test.ts" name="/api/spotify/login - Spotify OAuth Flow &gt; Edge cases and error handling &gt; should handle whitespace-only environment variables" time="0.00209485">
            <failure message="promise resolved &quot;undefined&quot; instead of rejecting" type="AssertionError">
AssertionError: promise resolved &quot;undefined&quot; instead of rejecting

- Expected: 
Error {
  &quot;message&quot;: &quot;rejected promise&quot;,
}

+ Received: 
undefined

 ❯ __tests__/api/spotify-auth.test.ts:376:43
            </failure>
        </testcase>
        <testcase classname="__tests__/api/spotify-auth.test.ts" name="/api/spotify/login - Spotify OAuth Flow &gt; Edge cases and error handling &gt; should handle very long environment variables" time="0.00143596">
        </testcase>
    </testsuite>
    <testsuite name="__tests__/api/spotify-data-playlists.test.ts" timestamp="2025-09-06T16:34:55.477Z" hostname="c82ba9db4d53" tests="7" failures="7" errors="0" skipped="0" time="0.072723037">
        <testcase classname="__tests__/api/spotify-data-playlists.test.ts" name="/api/spotify/data - Playlists &gt; Get User Playlists &gt; should retrieve user playlists successfully" time="0.025552434">
            <failure message="expected 400 to be 200 // Object.is equality" type="AssertionError">
AssertionError: expected 400 to be 200 // Object.is equality

- Expected
+ Received

- 200
+ 400

 ❯ Module.expectResponse __tests__/api/api-test-helpers.ts:37:34
 ❯ __tests__/api/spotify-data-playlists.test.ts:48:13
            </failure>
        </testcase>
        <testcase classname="__tests__/api/spotify-data-playlists.test.ts" name="/api/spotify/data - Playlists &gt; Get User Playlists &gt; should handle pagination for playlists" time="0.023250852">
            <failure message="expected &quot;spy&quot; to be called with arguments: [ ObjectContaining{…} ][90m

Number of calls: [1m0[22m
[39m" type="AssertionError">
AssertionError: expected &quot;spy&quot; to be called with arguments: [ ObjectContaining{…} ]

Number of calls: 0

 ❯ __tests__/api/spotify-data-playlists.test.ts:67:50
            </failure>
        </testcase>
        <testcase classname="__tests__/api/spotify-data-playlists.test.ts" name="/api/spotify/data - Playlists &gt; Get Playlist Tracks &gt; should retrieve tracks for specific playlist" time="0.003128104">
            <failure message="expected 400 to be 200 // Object.is equality" type="AssertionError">
AssertionError: expected 400 to be 200 // Object.is equality

- Expected
+ Received

- 200
+ 400

 ❯ Module.expectResponse __tests__/api/api-test-helpers.ts:37:34
 ❯ __tests__/api/spotify-data-playlists.test.ts:88:13
            </failure>
        </testcase>
        <testcase classname="__tests__/api/spotify-data-playlists.test.ts" name="/api/spotify/data - Playlists &gt; Get Playlist Tracks &gt; should handle missing playlist ID" time="0.00629143">
            <failure message="expected { Object (error) } to deeply equal { error: &apos;Playlist ID is required&apos; }" type="AssertionError">
AssertionError: expected { Object (error) } to deeply equal { error: &apos;Playlist ID is required&apos; }

- Expected
+ Received

  {
-   &quot;error&quot;: &quot;Playlist ID is required&quot;,
+   &quot;error&quot;: &quot;No users are currently connected.&quot;,
  }

 ❯ Module.expectResponse __tests__/api/api-test-helpers.ts:41:30
 ❯ __tests__/api/spotify-data-playlists.test.ts:103:13
            </failure>
        </testcase>
        <testcase classname="__tests__/api/spotify-data-playlists.test.ts" name="/api/spotify/data - Playlists &gt; Get Single Playlist &gt; should retrieve single playlist details" time="0.002732419">
            <failure message="expected 400 to be 200 // Object.is equality" type="AssertionError">
AssertionError: expected 400 to be 200 // Object.is equality

- Expected
+ Received

- 200
+ 400

 ❯ Module.expectResponse __tests__/api/api-test-helpers.ts:37:34
 ❯ __tests__/api/spotify-data-playlists.test.ts:121:13
            </failure>
        </testcase>
        <testcase classname="__tests__/api/spotify-data-playlists.test.ts" name="/api/spotify/data - Playlists &gt; Error Handling &gt; should handle Spotify API errors" time="0.002473965">
            <failure message="expected 400 to be 500 // Object.is equality" type="AssertionError">
AssertionError: expected 400 to be 500 // Object.is equality

- Expected
+ Received

- 500
+ 400

 ❯ Module.expectResponse __tests__/api/api-test-helpers.ts:37:34
 ❯ __tests__/api/spotify-data-playlists.test.ts:140:13
            </failure>
        </testcase>
        <testcase classname="__tests__/api/spotify-data-playlists.test.ts" name="/api/spotify/data - Playlists &gt; Error Handling &gt; should handle unauthorized access" time="0.0027721">
            <failure message="expected 400 to be 401 // Object.is equality" type="AssertionError">
AssertionError: expected 400 to be 401 // Object.is equality

- Expected
+ Received

- 401
+ 400

 ❯ Module.expectResponse __tests__/api/api-test-helpers.ts:37:34
 ❯ __tests__/api/spotify-data-playlists.test.ts:155:13
            </failure>
        </testcase>
    </testsuite>
    <testsuite name="__tests__/api/spotify-data.test.ts" timestamp="2025-09-06T16:34:55.482Z" hostname="c82ba9db4d53" tests="22" failures="20" errors="0" skipped="0" time="0.076791235">
        <testcase classname="__tests__/api/spotify-data.test.ts" name="Spotify Data API Routes &gt; /api/spotify/users - User Data &gt; should fetch user profile data" time="0.022863576">
            <failure message="expected 400 to be 200 // Object.is equality" type="AssertionError">
AssertionError: expected 400 to be 200 // Object.is equality

- Expected
+ Received

- 200
+ 400

 ❯ __tests__/api/spotify-data.test.ts:55:42
            </failure>
        </testcase>
        <testcase classname="__tests__/api/spotify-data.test.ts" name="Spotify Data API Routes &gt; /api/spotify/users - User Data &gt; should handle missing authorization header" time="0.003137085">
            <failure message="expected 400 to be 401 // Object.is equality" type="AssertionError">
AssertionError: expected 400 to be 401 // Object.is equality

- Expected
+ Received

- 401
+ 400

 ❯ __tests__/api/spotify-data.test.ts:78:42
            </failure>
        </testcase>
        <testcase classname="__tests__/api/spotify-data.test.ts" name="Spotify Data API Routes &gt; /api/spotify/users - User Data &gt; should handle invalid authorization token" time="0.003373438">
            <failure message="expected 400 to be 401 // Object.is equality" type="AssertionError">
AssertionError: expected 400 to be 401 // Object.is equality

- Expected
+ Received

- 401
+ 400

 ❯ __tests__/api/spotify-data.test.ts:102:42
            </failure>
        </testcase>
        <testcase classname="__tests__/api/spotify-data.test.ts" name="Spotify Data API Routes &gt; /api/spotify/users - User Data &gt; should handle Spotify API errors" time="0.002290683">
            <failure message="expected 400 to be 503 // Object.is equality" type="AssertionError">
AssertionError: expected 400 to be 503 // Object.is equality

- Expected
+ Received

- 503
+ 400

 ❯ __tests__/api/spotify-data.test.ts:125:42
            </failure>
        </testcase>
        <testcase classname="__tests__/api/spotify-data.test.ts" name="Spotify Data API Routes &gt; /api/spotify/track - Individual Track Data &gt; should fetch track data by ID" time="0.002237802">
            <failure message="expected 404 to be 200 // Object.is equality" type="AssertionError">
AssertionError: expected 404 to be 200 // Object.is equality

- Expected
+ Received

- 200
+ 404

 ❯ __tests__/api/spotify-data.test.ts:167:42
            </failure>
        </testcase>
        <testcase classname="__tests__/api/spotify-data.test.ts" name="Spotify Data API Routes &gt; /api/spotify/track - Individual Track Data &gt; should handle missing track ID parameter" time="0.002046639">
            <failure message="expected 404 to be 400 // Object.is equality" type="AssertionError">
AssertionError: expected 404 to be 400 // Object.is equality

- Expected
+ Received

- 400
+ 404

 ❯ __tests__/api/spotify-data.test.ts:195:42
            </failure>
        </testcase>
        <testcase classname="__tests__/api/spotify-data.test.ts" name="Spotify Data API Routes &gt; /api/spotify/track - Individual Track Data &gt; should handle track not found" time="0.001972218">
            <failure message="Unexpected token &apos;R&apos;, &quot;Route GET  not found&quot; is not valid JSON" type="SyntaxError">
SyntaxError: Unexpected token &apos;R&apos;, &quot;Route GET  not found&quot; is not valid JSON
 ❯ __tests__/api/spotify-data.test.ts:222:39
            </failure>
        </testcase>
        <testcase classname="__tests__/api/spotify-data.test.ts" name="Spotify Data API Routes &gt; /api/spotify/track - Individual Track Data &gt; should handle malformed track ID" time="0.002343434">
            <failure message="expected 404 to be 400 // Object.is equality" type="AssertionError">
AssertionError: expected 404 to be 400 // Object.is equality

- Expected
+ Received

- 400
+ 404

 ❯ __tests__/api/spotify-data.test.ts:244:42
            </failure>
        </testcase>
        <testcase classname="__tests__/api/spotify-data.test.ts" name="Spotify Data API Routes &gt; /api/spotify/users/[id]/items - User Playlist/Track Items &gt; should fetch user playlists" time="0.002954122">
            <failure message="Unexpected end of JSON input" type="SyntaxError">
SyntaxError: Unexpected end of JSON input
 ❯ __tests__/api/spotify-data.test.ts:272:39
            </failure>
        </testcase>
        <testcase classname="__tests__/api/spotify-data.test.ts" name="Spotify Data API Routes &gt; /api/spotify/users/[id]/items - User Playlist/Track Items &gt; should fetch user saved tracks" time="0.002361794">
            <failure message="Unexpected end of JSON input" type="SyntaxError">
SyntaxError: Unexpected end of JSON input
 ❯ __tests__/api/spotify-data.test.ts:316:39
            </failure>
        </testcase>
        <testcase classname="__tests__/api/spotify-data.test.ts" name="Spotify Data API Routes &gt; /api/spotify/users/[id]/items - User Playlist/Track Items &gt; should handle pagination parameters" time="0.00487221">
            <failure message="expected &quot;wrap&quot; to be called with arguments: [ …(2) ][90m

Number of calls: [1m0[22m
[39m" type="AssertionError">
AssertionError: expected &quot;wrap&quot; to be called with arguments: [ …(2) ]

Number of calls: 0

 ❯ __tests__/api/spotify-data.test.ts:351:48
            </failure>
        </testcase>
        <testcase classname="__tests__/api/spotify-data.test.ts" name="Spotify Data API Routes &gt; /api/spotify/users/[id]/items - User Playlist/Track Items &gt; should handle missing user ID" time="0.002148281">
            <failure message="expected 200 to be 400 // Object.is equality" type="AssertionError">
AssertionError: expected 200 to be 400 // Object.is equality

- Expected
+ Received

- 400
+ 200

 ❯ __tests__/api/spotify-data.test.ts:378:42
            </failure>
        </testcase>
        <testcase classname="__tests__/api/spotify-data.test.ts" name="Spotify Data API Routes &gt; /api/spotify/users/[id]/items - User Playlist/Track Items &gt; should handle user not found" time="0.001936238">
            <failure message="expected 200 to be 404 // Object.is equality" type="AssertionError">
AssertionError: expected 200 to be 404 // Object.is equality

- Expected
+ Received

- 404
+ 200

 ❯ __tests__/api/spotify-data.test.ts:403:42
            </failure>
        </testcase>
        <testcase classname="__tests__/api/spotify-data.test.ts" name="Spotify Data API Routes &gt; /api/spotify/users/[id]/items - User Playlist/Track Items &gt; should handle private playlists access denied" time="0.001678534">
            <failure message="expected 200 to be 403 // Object.is equality" type="AssertionError">
AssertionError: expected 200 to be 403 // Object.is equality

- Expected
+ Received

- 403
+ 200

 ❯ __tests__/api/spotify-data.test.ts:427:42
            </failure>
        </testcase>
        <testcase classname="__tests__/api/spotify-data.test.ts" name="Spotify Data API Routes &gt; Common functionality across endpoints &gt; should handle rate limiting from Spotify API" time="0.00146563">
            <failure message="expected 400 to be 429 // Object.is equality" type="AssertionError">
AssertionError: expected 400 to be 429 // Object.is equality

- Expected
+ Received

- 429
+ 400

 ❯ __tests__/api/spotify-data.test.ts:455:42
            </failure>
        </testcase>
        <testcase classname="__tests__/api/spotify-data.test.ts" name="Spotify Data API Routes &gt; Common functionality across endpoints &gt; should handle expired access tokens" time="0.00143565">
            <failure message="expected 400 to be 401 // Object.is equality" type="AssertionError">
AssertionError: expected 400 to be 401 // Object.is equality

- Expected
+ Received

- 401
+ 400

 ❯ __tests__/api/spotify-data.test.ts:479:42
            </failure>
        </testcase>
        <testcase classname="__tests__/api/spotify-data.test.ts" name="Spotify Data API Routes &gt; Common functionality across endpoints &gt; should handle malformed authorization headers" time="0.003010052">
        </testcase>
        <testcase classname="__tests__/api/spotify-data.test.ts" name="Spotify Data API Routes &gt; Common functionality across endpoints &gt; should handle network timeouts gracefully" time="0.001679814">
            <failure message="expected 400 to be 408 // Object.is equality" type="AssertionError">
AssertionError: expected 400 to be 408 // Object.is equality

- Expected
+ Received

- 408
+ 400

 ❯ __tests__/api/spotify-data.test.ts:529:42
            </failure>
        </testcase>
        <testcase classname="__tests__/api/spotify-data.test.ts" name="Spotify Data API Routes &gt; Common functionality across endpoints &gt; should sanitize sensitive data from error responses" time="0.001554062">
        </testcase>
        <testcase classname="__tests__/api/spotify-data.test.ts" name="Spotify Data API Routes &gt; Data validation and transformation &gt; should validate playlist data structure" time="0.001556012">
            <failure message="Unexpected end of JSON input" type="SyntaxError">
SyntaxError: Unexpected end of JSON input
 ❯ __tests__/api/spotify-data.test.ts:588:39
            </failure>
        </testcase>
        <testcase classname="__tests__/api/spotify-data.test.ts" name="Spotify Data API Routes &gt; Data validation and transformation &gt; should handle empty API responses" time="0.002219511">
            <failure message="Unexpected end of JSON input" type="SyntaxError">
SyntaxError: Unexpected end of JSON input
 ❯ Module.expectResponse __tests__/api/api-test-helpers.ts:40:35
 ❯ __tests__/api/spotify-data.test.ts:610:13
            </failure>
        </testcase>
        <testcase classname="__tests__/api/spotify-data.test.ts" name="Spotify Data API Routes &gt; Data validation and transformation &gt; should handle large dataset responses efficiently" time="0.002740039">
            <failure message="Unexpected end of JSON input" type="SyntaxError">
SyntaxError: Unexpected end of JSON input
 ❯ __tests__/api/spotify-data.test.ts:649:39
            </failure>
        </testcase>
    </testsuite>
    <testsuite name="__tests__/api/sync-operations.test.ts" timestamp="2025-09-06T16:34:55.492Z" hostname="c82ba9db4d53" tests="1" failures="1" errors="0" skipped="0" time="0">
        <testcase classname="__tests__/api/sync-operations.test.ts" name="__tests__/api/sync-operations.test.ts" time="0">
            <failure message="Failed to resolve import &quot;cronjob/albums&quot; from &quot;pages/api/sync/[type].ts&quot;. Does the file exist?" type="Error">
Error: Failed to resolve import &quot;cronjob/albums&quot; from &quot;pages/api/sync/[type].ts&quot;. Does the file exist?
  Plugin: vite:import-analysis
  File: /var/tmp/vibe-kanban/worktrees/vk-b25b-create-tes/apps/web/pages/api/sync/[type].ts:2:27
  1  |  &quot;use strict&quot;;
  2  |  import { generateError } from &quot;@/helpers/errors/generateError&quot;;
  3  |  import { syncAlbums } from &quot;cronjob/albums&quot;;
     |                              ^
  4  |  import { syncPlaylists } from &quot;cronjob/playlists&quot;;
  5  |  import { syncUsers } from &quot;cronjob/users&quot;;
 ❯ TransformPluginContext._formatLog ../../node_modules/.pnpm/vite@7.1.4_@types+node@20.19.11_sass@1.90.0/node_modules/vite/dist/node/chunks/dep-C6pp_iVS.js:31522:43
 ❯ TransformPluginContext.error ../../node_modules/.pnpm/vite@7.1.4_@types+node@20.19.11_sass@1.90.0/node_modules/vite/dist/node/chunks/dep-C6pp_iVS.js:31519:14
 ❯ normalizeUrl ../../node_modules/.pnpm/vite@7.1.4_@types+node@20.19.11_sass@1.90.0/node_modules/vite/dist/node/chunks/dep-C6pp_iVS.js:29991:18
 ❯ ../../node_modules/.pnpm/vite@7.1.4_@types+node@20.19.11_sass@1.90.0/node_modules/vite/dist/node/chunks/dep-C6pp_iVS.js:30049:32
 ❯ TransformPluginContext.transform ../../node_modules/.pnpm/vite@7.1.4_@types+node@20.19.11_sass@1.90.0/node_modules/vite/dist/node/chunks/dep-C6pp_iVS.js:30017:4
 ❯ EnvironmentPluginContainer.transform ../../node_modules/.pnpm/vite@7.1.4_@types+node@20.19.11_sass@1.90.0/node_modules/vite/dist/node/chunks/dep-C6pp_iVS.js:31320:14
 ❯ loadAndTransform ../../node_modules/.pnpm/vite@7.1.4_@types+node@20.19.11_sass@1.90.0/node_modules/vite/dist/node/chunks/dep-C6pp_iVS.js:26407:26
            </failure>
        </testcase>
    </testsuite>
    <testsuite name="__tests__/hooks/useDualModeEditor.test.ts" timestamp="2025-09-06T16:34:55.493Z" hostname="c82ba9db4d53" tests="26" failures="14" errors="0" skipped="0" time="0.32396831">
        <testcase classname="__tests__/hooks/useDualModeEditor.test.ts" name="useDualModeEditor Hook &gt; Initialization &gt; should initialize with correct default state" time="0.030214251">
        </testcase>
        <testcase classname="__tests__/hooks/useDualModeEditor.test.ts" name="useDualModeEditor Hook &gt; Initialization &gt; should call jsonToUI converter on initialization" time="0.006074716">
        </testcase>
        <testcase classname="__tests__/hooks/useDualModeEditor.test.ts" name="useDualModeEditor Hook &gt; Data Loading &gt; should load data successfully" time="0.04413734">
            <failure message="expected &quot;spy&quot; to be called with arguments: [ &apos;/api/test/load&apos; ][90m

Number of calls: [1m0[22m
[39m" type="AssertionError">
AssertionError: expected &quot;spy&quot; to be called with arguments: [ &apos;/api/test/load&apos; ]

Number of calls: 0

 ❯ __tests__/hooks/useDualModeEditor.test.ts:147:43
            </failure>
        </testcase>
        <testcase classname="__tests__/hooks/useDualModeEditor.test.ts" name="useDualModeEditor Hook &gt; Data Loading &gt; should handle loading errors gracefully" time="0.017327267">
            <failure message="expected true to be false // Object.is equality" type="AssertionError">
AssertionError: expected true to be false // Object.is equality

- Expected
+ Received

- false
+ true

 ❯ __tests__/hooks/useDualModeEditor.test.ts:168:44
            </failure>
        </testcase>
        <testcase classname="__tests__/hooks/useDualModeEditor.test.ts" name="useDualModeEditor Hook &gt; Data Loading &gt; should set loading state correctly during load operation" time="0.021985394">
            <system-err>
Error: Error: connect ECONNREFUSED 127.0.0.1:3000
    at Object.dispatchError (/var/tmp/vibe-kanban/worktrees/vk-b25b-create-tes/node_modules/.pnpm/jsdom@26.1.0/node_modules/jsdom/lib/jsdom/living/xhr/xhr-utils.js:62:19)
    at Request.&lt;anonymous&gt; (/var/tmp/vibe-kanban/worktrees/vk-b25b-create-tes/node_modules/.pnpm/jsdom@26.1.0/node_modules/jsdom/lib/jsdom/living/xhr/XMLHttpRequest-impl.js:655:18)
    at Request.emit (node:events:536:35)
    at ClientRequest.&lt;anonymous&gt; (/var/tmp/vibe-kanban/worktrees/vk-b25b-create-tes/node_modules/.pnpm/jsdom@26.1.0/node_modules/jsdom/lib/jsdom/living/helpers/http-request.js:127:14)
    at ClientRequest.emit (node:events:524:28)
    at emitErrorEvent (node:_http_client:101:11)
    at Socket.socketErrorListener (node:_http_client:504:5)
    at Socket.emit (node:events:524:28)
    at emitErrorNT (node:internal/streams/destroy:169:8)
    at emitErrorCloseNT (node:internal/streams/destroy:128:3) [90mundefined[39m

Error: Error: connect ECONNREFUSED 127.0.0.1:3000
    at Object.dispatchError (/var/tmp/vibe-kanban/worktrees/vk-b25b-create-tes/node_modules/.pnpm/jsdom@26.1.0/node_modules/jsdom/lib/jsdom/living/xhr/xhr-utils.js:62:19)
    at Request.&lt;anonymous&gt; (/var/tmp/vibe-kanban/worktrees/vk-b25b-create-tes/node_modules/.pnpm/jsdom@26.1.0/node_modules/jsdom/lib/jsdom/living/xhr/XMLHttpRequest-impl.js:655:18)
    at Request.emit (node:events:536:35)
    at ClientRequest.&lt;anonymous&gt; (/var/tmp/vibe-kanban/worktrees/vk-b25b-create-tes/node_modules/.pnpm/jsdom@26.1.0/node_modules/jsdom/lib/jsdom/living/helpers/http-request.js:127:14)
    at ClientRequest.emit (node:events:524:28)
    at emitErrorEvent (node:_http_client:101:11)
    at Socket.socketErrorListener (node:_http_client:504:5)
    at Socket.emit (node:events:524:28)
    at emitErrorNT (node:internal/streams/destroy:169:8)
    at emitErrorCloseNT (node:internal/streams/destroy:128:3) [90mundefined[39m

            </system-err>
            <failure message="expected true to be false // Object.is equality" type="AssertionError">
AssertionError: expected true to be false // Object.is equality

- Expected
+ Received

- false
+ true

 ❯ __tests__/hooks/useDualModeEditor.test.ts:196:44
            </failure>
        </testcase>
        <testcase classname="__tests__/hooks/useDualModeEditor.test.ts" name="useDualModeEditor Hook &gt; View Mode Switching &gt; should switch from UI to JSON mode" time="0.007524388">
        </testcase>
        <testcase classname="__tests__/hooks/useDualModeEditor.test.ts" name="useDualModeEditor Hook &gt; View Mode Switching &gt; should switch from JSON to UI mode" time="0.005801433">
        </testcase>
        <testcase classname="__tests__/hooks/useDualModeEditor.test.ts" name="useDualModeEditor Hook &gt; View Mode Switching &gt; should not change mode when null is passed" time="0.003334378">
        </testcase>
        <testcase classname="__tests__/hooks/useDualModeEditor.test.ts" name="useDualModeEditor Hook &gt; View Mode Switching &gt; should synchronize data when switching modes" time="0.005519239">
        </testcase>
        <testcase classname="__tests__/hooks/useDualModeEditor.test.ts" name="useDualModeEditor Hook &gt; Data Changes &gt; should update UI data and clear validation error" time="0.009601207">
        </testcase>
        <testcase classname="__tests__/hooks/useDualModeEditor.test.ts" name="useDualModeEditor Hook &gt; Data Changes &gt; should update JSON data and clear validation error" time="0.003184096">
        </testcase>
        <testcase classname="__tests__/hooks/useDualModeEditor.test.ts" name="useDualModeEditor Hook &gt; Save Operations &gt; should save UI data successfully" time="0.016767289">
            <system-err>
Error: Error: connect ECONNREFUSED 127.0.0.1:3000
    at Object.dispatchError (/var/tmp/vibe-kanban/worktrees/vk-b25b-create-tes/node_modules/.pnpm/jsdom@26.1.0/node_modules/jsdom/lib/jsdom/living/xhr/xhr-utils.js:62:19)
    at Request.&lt;anonymous&gt; (/var/tmp/vibe-kanban/worktrees/vk-b25b-create-tes/node_modules/.pnpm/jsdom@26.1.0/node_modules/jsdom/lib/jsdom/living/xhr/XMLHttpRequest-impl.js:655:18)
    at Request.emit (node:events:536:35)
    at ClientRequest.&lt;anonymous&gt; (/var/tmp/vibe-kanban/worktrees/vk-b25b-create-tes/node_modules/.pnpm/jsdom@26.1.0/node_modules/jsdom/lib/jsdom/living/helpers/http-request.js:127:14)
    at ClientRequest.emit (node:events:524:28)
    at emitErrorEvent (node:_http_client:101:11)
    at Socket.socketErrorListener (node:_http_client:504:5)
    at Socket.emit (node:events:524:28)
    at emitErrorNT (node:internal/streams/destroy:169:8)
    at emitErrorCloseNT (node:internal/streams/destroy:128:3) [90mundefined[39m

            </system-err>
            <failure message="expected &quot;spy&quot; to be called with arguments: [ &apos;/api/test/save&apos;, …(1) ][90m

Number of calls: [1m0[22m
[39m" type="AssertionError">
AssertionError: expected &quot;spy&quot; to be called with arguments: [ &apos;/api/test/save&apos;, …(1) ]

Number of calls: 0

 ❯ __tests__/hooks/useDualModeEditor.test.ts:318:44
            </failure>
        </testcase>
        <testcase classname="__tests__/hooks/useDualModeEditor.test.ts" name="useDualModeEditor Hook &gt; Save Operations &gt; should save JSON data when in JSON mode" time="0.014916953">
            <system-err>
Error: Error: connect ECONNREFUSED 127.0.0.1:3000
    at Object.dispatchError (/var/tmp/vibe-kanban/worktrees/vk-b25b-create-tes/node_modules/.pnpm/jsdom@26.1.0/node_modules/jsdom/lib/jsdom/living/xhr/xhr-utils.js:62:19)
    at Request.&lt;anonymous&gt; (/var/tmp/vibe-kanban/worktrees/vk-b25b-create-tes/node_modules/.pnpm/jsdom@26.1.0/node_modules/jsdom/lib/jsdom/living/xhr/XMLHttpRequest-impl.js:655:18)
    at Request.emit (node:events:536:35)
    at ClientRequest.&lt;anonymous&gt; (/var/tmp/vibe-kanban/worktrees/vk-b25b-create-tes/node_modules/.pnpm/jsdom@26.1.0/node_modules/jsdom/lib/jsdom/living/helpers/http-request.js:127:14)
    at ClientRequest.emit (node:events:524:28)
    at emitErrorEvent (node:_http_client:101:11)
    at Socket.socketErrorListener (node:_http_client:504:5)
    at Socket.emit (node:events:524:28)
    at emitErrorNT (node:internal/streams/destroy:169:8)
    at emitErrorCloseNT (node:internal/streams/destroy:128:3) [90mundefined[39m

Error: Error: connect ECONNREFUSED 127.0.0.1:3000
    at Object.dispatchError (/var/tmp/vibe-kanban/worktrees/vk-b25b-create-tes/node_modules/.pnpm/jsdom@26.1.0/node_modules/jsdom/lib/jsdom/living/xhr/xhr-utils.js:62:19)
    at Request.&lt;anonymous&gt; (/var/tmp/vibe-kanban/worktrees/vk-b25b-create-tes/node_modules/.pnpm/jsdom@26.1.0/node_modules/jsdom/lib/jsdom/living/xhr/XMLHttpRequest-impl.js:655:18)
    at Request.emit (node:events:536:35)
    at ClientRequest.&lt;anonymous&gt; (/var/tmp/vibe-kanban/worktrees/vk-b25b-create-tes/node_modules/.pnpm/jsdom@26.1.0/node_modules/jsdom/lib/jsdom/living/helpers/http-request.js:127:14)
    at ClientRequest.emit (node:events:524:28)
    at emitErrorEvent (node:_http_client:101:11)
    at Socket.socketErrorListener (node:_http_client:504:5)
    at Socket.emit (node:events:524:28)
    at emitErrorNT (node:internal/streams/destroy:169:8)
    at emitErrorCloseNT (node:internal/streams/destroy:128:3) [90mundefined[39m

            </system-err>
            <failure message="expected &quot;spy&quot; to be called with arguments: [ &apos;/api/test/save&apos;, …(1) ][90m

Number of calls: [1m0[22m
[39m" type="AssertionError">
AssertionError: expected &quot;spy&quot; to be called with arguments: [ &apos;/api/test/save&apos;, …(1) ]

Number of calls: 0

 ❯ __tests__/hooks/useDualModeEditor.test.ts:352:44
            </failure>
        </testcase>
        <testcase classname="__tests__/hooks/useDualModeEditor.test.ts" name="useDualModeEditor Hook &gt; Save Operations &gt; should handle validation errors during save" time="0.012580449">
            <system-err>
Error: Error: connect ECONNREFUSED 127.0.0.1:3000
    at Object.dispatchError (/var/tmp/vibe-kanban/worktrees/vk-b25b-create-tes/node_modules/.pnpm/jsdom@26.1.0/node_modules/jsdom/lib/jsdom/living/xhr/xhr-utils.js:62:19)
    at Request.&lt;anonymous&gt; (/var/tmp/vibe-kanban/worktrees/vk-b25b-create-tes/node_modules/.pnpm/jsdom@26.1.0/node_modules/jsdom/lib/jsdom/living/xhr/XMLHttpRequest-impl.js:655:18)
    at Request.emit (node:events:536:35)
    at ClientRequest.&lt;anonymous&gt; (/var/tmp/vibe-kanban/worktrees/vk-b25b-create-tes/node_modules/.pnpm/jsdom@26.1.0/node_modules/jsdom/lib/jsdom/living/helpers/http-request.js:127:14)
    at ClientRequest.emit (node:events:524:28)
    at emitErrorEvent (node:_http_client:101:11)
    at Socket.socketErrorListener (node:_http_client:504:5)
    at Socket.emit (node:events:524:28)
    at emitErrorNT (node:internal/streams/destroy:169:8)
    at emitErrorCloseNT (node:internal/streams/destroy:128:3) [90mundefined[39m

            </system-err>
            <failure message="expected &quot;spy&quot; to be called with arguments: [ …(2) ][90m

Number of calls: [1m0[22m
[39m" type="AssertionError">
AssertionError: expected &quot;spy&quot; to be called with arguments: [ …(2) ]

Number of calls: 0

 ❯ __tests__/hooks/useDualModeEditor.test.ts:369:41
            </failure>
        </testcase>
        <testcase classname="__tests__/hooks/useDualModeEditor.test.ts" name="useDualModeEditor Hook &gt; Save Operations &gt; should handle empty data during save" time="0.014278014">
            <failure message="expected &quot;spy&quot; to be called with arguments: [ &apos;No valid data to save&apos;, …(1) ][90m

Number of calls: [1m0[22m
[39m" type="AssertionError">
AssertionError: expected &quot;spy&quot; to be called with arguments: [ &apos;No valid data to save&apos;, …(1) ]

Number of calls: 0

 ❯ __tests__/hooks/useDualModeEditor.test.ts:392:41
            </failure>
        </testcase>
        <testcase classname="__tests__/hooks/useDualModeEditor.test.ts" name="useDualModeEditor Hook &gt; Save Operations &gt; should handle save API errors" time="0.007157872">
            <failure message="expected &quot;spy&quot; to be called at least once" type="AssertionError">
AssertionError: expected &quot;spy&quot; to be called at least once
 ❯ __tests__/hooks/useDualModeEditor.test.ts:411:44
            </failure>
        </testcase>
        <testcase classname="__tests__/hooks/useDualModeEditor.test.ts" name="useDualModeEditor Hook &gt; Save Operations &gt; should update local state after successful save" time="0.012950145">
            <system-err>
Error: Error: connect ECONNREFUSED 127.0.0.1:3000
    at Object.dispatchError (/var/tmp/vibe-kanban/worktrees/vk-b25b-create-tes/node_modules/.pnpm/jsdom@26.1.0/node_modules/jsdom/lib/jsdom/living/xhr/xhr-utils.js:62:19)
    at Request.&lt;anonymous&gt; (/var/tmp/vibe-kanban/worktrees/vk-b25b-create-tes/node_modules/.pnpm/jsdom@26.1.0/node_modules/jsdom/lib/jsdom/living/xhr/XMLHttpRequest-impl.js:655:18)
    at Request.emit (node:events:536:35)
    at ClientRequest.&lt;anonymous&gt; (/var/tmp/vibe-kanban/worktrees/vk-b25b-create-tes/node_modules/.pnpm/jsdom@26.1.0/node_modules/jsdom/lib/jsdom/living/helpers/http-request.js:127:14)
    at ClientRequest.emit (node:events:524:28)
    at emitErrorEvent (node:_http_client:101:11)
    at Socket.socketErrorListener (node:_http_client:504:5)
    at Socket.emit (node:events:524:28)
    at emitErrorNT (node:internal/streams/destroy:169:8)
    at emitErrorCloseNT (node:internal/streams/destroy:128:3) [90mundefined[39m

            </system-err>
            <failure message="expected { name: &apos;Initial&apos;, value: 10, …(1) } to deeply equal { name: &apos;Updated&apos;, value: 75, …(1) }" type="AssertionError">
AssertionError: expected { name: &apos;Initial&apos;, value: 10, …(1) } to deeply equal { name: &apos;Updated&apos;, value: 75, …(1) }

- Expected
+ Received

  {
-   &quot;active&quot;: false,
-   &quot;name&quot;: &quot;Updated&quot;,
-   &quot;value&quot;: 75,
+   &quot;active&quot;: true,
+   &quot;name&quot;: &quot;Initial&quot;,
+   &quot;value&quot;: 10,
  }

 ❯ __tests__/hooks/useDualModeEditor.test.ts:431:45
            </failure>
        </testcase>
        <testcase classname="__tests__/hooks/useDualModeEditor.test.ts" name="useDualModeEditor Hook &gt; Reset Operations &gt; should reset data when confirmed" time="0.010814785">
            <system-err>
Error: Error: connect ECONNREFUSED 127.0.0.1:3000
    at Object.dispatchError (/var/tmp/vibe-kanban/worktrees/vk-b25b-create-tes/node_modules/.pnpm/jsdom@26.1.0/node_modules/jsdom/lib/jsdom/living/xhr/xhr-utils.js:62:19)
    at Request.&lt;anonymous&gt; (/var/tmp/vibe-kanban/worktrees/vk-b25b-create-tes/node_modules/.pnpm/jsdom@26.1.0/node_modules/jsdom/lib/jsdom/living/xhr/XMLHttpRequest-impl.js:655:18)
    at Request.emit (node:events:536:35)
    at ClientRequest.&lt;anonymous&gt; (/var/tmp/vibe-kanban/worktrees/vk-b25b-create-tes/node_modules/.pnpm/jsdom@26.1.0/node_modules/jsdom/lib/jsdom/living/helpers/http-request.js:127:14)
    at ClientRequest.emit (node:events:524:28)
    at emitErrorEvent (node:_http_client:101:11)
    at Socket.socketErrorListener (node:_http_client:504:5)
    at Socket.emit (node:events:524:28)
    at emitErrorNT (node:internal/streams/destroy:169:8)
    at emitErrorCloseNT (node:internal/streams/destroy:128:3) [90mundefined[39m

            </system-err>
            <failure message="expected &quot;spy&quot; to be called with arguments: [ &apos;/api/test/load&apos; ][90m

Number of calls: [1m0[22m
[39m" type="AssertionError">
AssertionError: expected &quot;spy&quot; to be called with arguments: [ &apos;/api/test/load&apos; ]

Number of calls: 0

 ❯ __tests__/hooks/useDualModeEditor.test.ts:465:43
            </failure>
        </testcase>
        <testcase classname="__tests__/hooks/useDualModeEditor.test.ts" name="useDualModeEditor Hook &gt; Reset Operations &gt; should not reset data when not confirmed" time="0.006629714">
            <system-err>
Error: Error: connect ECONNREFUSED 127.0.0.1:3000
    at Object.dispatchError (/var/tmp/vibe-kanban/worktrees/vk-b25b-create-tes/node_modules/.pnpm/jsdom@26.1.0/node_modules/jsdom/lib/jsdom/living/xhr/xhr-utils.js:62:19)
    at Request.&lt;anonymous&gt; (/var/tmp/vibe-kanban/worktrees/vk-b25b-create-tes/node_modules/.pnpm/jsdom@26.1.0/node_modules/jsdom/lib/jsdom/living/xhr/XMLHttpRequest-impl.js:655:18)
    at Request.emit (node:events:536:35)
    at ClientRequest.&lt;anonymous&gt; (/var/tmp/vibe-kanban/worktrees/vk-b25b-create-tes/node_modules/.pnpm/jsdom@26.1.0/node_modules/jsdom/lib/jsdom/living/helpers/http-request.js:127:14)
    at ClientRequest.emit (node:events:524:28)
    at emitErrorEvent (node:_http_client:101:11)
    at Socket.socketErrorListener (node:_http_client:504:5)
    at Socket.emit (node:events:524:28)
    at emitErrorNT (node:internal/streams/destroy:169:8)
    at emitErrorCloseNT (node:internal/streams/destroy:128:3) [90mundefined[39m

            </system-err>
        </testcase>
        <testcase classname="__tests__/hooks/useDualModeEditor.test.ts" name="useDualModeEditor Hook &gt; Reset Operations &gt; should clear validation error on reset" time="0.00841948">
            <failure message="expected &apos;&apos; to be truthy" type="AssertionError">
AssertionError: expected &apos;&apos; to be truthy

- Expected: 
true

+ Received: 
&quot;&quot;

 ❯ __tests__/hooks/useDualModeEditor.test.ts:507:52
            </failure>
        </testcase>
        <testcase classname="__tests__/hooks/useDualModeEditor.test.ts" name="useDualModeEditor Hook &gt; Validation &gt; should validate data with custom validator" time="0.002568466">
        </testcase>
        <testcase classname="__tests__/hooks/useDualModeEditor.test.ts" name="useDualModeEditor Hook &gt; Validation &gt; should clear validation error when data changes" time="0.002921261">
        </testcase>
        <testcase classname="__tests__/hooks/useDualModeEditor.test.ts" name="useDualModeEditor Hook &gt; Edge Cases &gt; should handle concurrent save operations" time="0.016586817">
            <system-err>
Error: Error: connect ECONNREFUSED 127.0.0.1:3000
    at Object.dispatchError (/var/tmp/vibe-kanban/worktrees/vk-b25b-create-tes/node_modules/.pnpm/jsdom@26.1.0/node_modules/jsdom/lib/jsdom/living/xhr/xhr-utils.js:62:19)
    at Request.&lt;anonymous&gt; (/var/tmp/vibe-kanban/worktrees/vk-b25b-create-tes/node_modules/.pnpm/jsdom@26.1.0/node_modules/jsdom/lib/jsdom/living/xhr/XMLHttpRequest-impl.js:655:18)
    at Request.emit (node:events:536:35)
    at ClientRequest.&lt;anonymous&gt; (/var/tmp/vibe-kanban/worktrees/vk-b25b-create-tes/node_modules/.pnpm/jsdom@26.1.0/node_modules/jsdom/lib/jsdom/living/helpers/http-request.js:127:14)
    at ClientRequest.emit (node:events:524:28)
    at emitErrorEvent (node:_http_client:101:11)
    at Socket.socketErrorListener (node:_http_client:504:5)
    at Socket.emit (node:events:524:28)
    at emitErrorNT (node:internal/streams/destroy:169:8)
    at emitErrorCloseNT (node:internal/streams/destroy:128:3) [90mundefined[39m

            </system-err>
            <failure message="expected &quot;spy&quot; to be called at least once" type="AssertionError">
AssertionError: expected &quot;spy&quot; to be called at least once
 ❯ __tests__/hooks/useDualModeEditor.test.ts:571:44
            </failure>
        </testcase>
        <testcase classname="__tests__/hooks/useDualModeEditor.test.ts" name="useDualModeEditor Hook &gt; Edge Cases &gt; should handle malformed JSON data" time="0.011700527">
            <system-err>
Error: Error: connect ECONNREFUSED 127.0.0.1:3000
    at Object.dispatchError (/var/tmp/vibe-kanban/worktrees/vk-b25b-create-tes/node_modules/.pnpm/jsdom@26.1.0/node_modules/jsdom/lib/jsdom/living/xhr/xhr-utils.js:62:19)
    at Request.&lt;anonymous&gt; (/var/tmp/vibe-kanban/worktrees/vk-b25b-create-tes/node_modules/.pnpm/jsdom@26.1.0/node_modules/jsdom/lib/jsdom/living/xhr/XMLHttpRequest-impl.js:655:18)
    at Request.emit (node:events:536:35)
    at ClientRequest.&lt;anonymous&gt; (/var/tmp/vibe-kanban/worktrees/vk-b25b-create-tes/node_modules/.pnpm/jsdom@26.1.0/node_modules/jsdom/lib/jsdom/living/helpers/http-request.js:127:14)
    at ClientRequest.emit (node:events:524:28)
    at emitErrorEvent (node:_http_client:101:11)
    at Socket.socketErrorListener (node:_http_client:504:5)
    at Socket.emit (node:events:524:28)
    at emitErrorNT (node:internal/streams/destroy:169:8)
    at emitErrorCloseNT (node:internal/streams/destroy:128:3) [90mundefined[39m

Error: Error: connect ECONNREFUSED 127.0.0.1:3000
    at Object.dispatchError (/var/tmp/vibe-kanban/worktrees/vk-b25b-create-tes/node_modules/.pnpm/jsdom@26.1.0/node_modules/jsdom/lib/jsdom/living/xhr/xhr-utils.js:62:19)
    at Request.&lt;anonymous&gt; (/var/tmp/vibe-kanban/worktrees/vk-b25b-create-tes/node_modules/.pnpm/jsdom@26.1.0/node_modules/jsdom/lib/jsdom/living/xhr/XMLHttpRequest-impl.js:655:18)
    at Request.emit (node:events:536:35)
    at ClientRequest.&lt;anonymous&gt; (/var/tmp/vibe-kanban/worktrees/vk-b25b-create-tes/node_modules/.pnpm/jsdom@26.1.0/node_modules/jsdom/lib/jsdom/living/helpers/http-request.js:127:14)
    at ClientRequest.emit (node:events:524:28)
    at emitErrorEvent (node:_http_client:101:11)
    at Socket.socketErrorListener (node:_http_client:504:5)
    at Socket.emit (node:events:524:28)
    at emitErrorNT (node:internal/streams/destroy:169:8)
    at emitErrorCloseNT (node:internal/streams/destroy:128:3) [90mundefined[39m

Error: Error: connect ECONNREFUSED 127.0.0.1:3000
    at Object.dispatchError (/var/tmp/vibe-kanban/worktrees/vk-b25b-create-tes/node_modules/.pnpm/jsdom@26.1.0/node_modules/jsdom/lib/jsdom/living/xhr/xhr-utils.js:62:19)
    at Request.&lt;anonymous&gt; (/var/tmp/vibe-kanban/worktrees/vk-b25b-create-tes/node_modules/.pnpm/jsdom@26.1.0/node_modules/jsdom/lib/jsdom/living/xhr/XMLHttpRequest-impl.js:655:18)
    at Request.emit (node:events:536:35)
    at ClientRequest.&lt;anonymous&gt; (/var/tmp/vibe-kanban/worktrees/vk-b25b-create-tes/node_modules/.pnpm/jsdom@26.1.0/node_modules/jsdom/lib/jsdom/living/helpers/http-request.js:127:14)
    at ClientRequest.emit (node:events:524:28)
    at emitErrorEvent (node:_http_client:101:11)
    at Socket.socketErrorListener (node:_http_client:504:5)
    at Socket.emit (node:events:524:28)
    at emitErrorNT (node:internal/streams/destroy:169:8)
    at emitErrorCloseNT (node:internal/streams/destroy:128:3) [90mundefined[39m

            </system-err>
            <failure message="expected &quot;spy&quot; to be called with arguments: [ &apos;No valid data to save&apos;, …(1) ][90m

Number of calls: [1m0[22m
[39m" type="AssertionError">
AssertionError: expected &quot;spy&quot; to be called with arguments: [ &apos;No valid data to save&apos;, …(1) ]

Number of calls: 0

 ❯ __tests__/hooks/useDualModeEditor.test.ts:591:41
            </failure>
        </testcase>
        <testcase classname="__tests__/hooks/useDualModeEditor.test.ts" name="useDualModeEditor Hook &gt; Edge Cases &gt; should handle converter function errors" time="0.024324567">
            <system-err>
Error: Uncaught [Error: Conversion failed]
    at reportException (/var/tmp/vibe-kanban/worktrees/vk-b25b-create-tes/node_modules/.pnpm/jsdom@26.1.0/node_modules/jsdom/lib/jsdom/living/helpers/runtime-script-errors.js:66:24)
    at innerInvokeEventListeners (/var/tmp/vibe-kanban/worktrees/vk-b25b-create-tes/node_modules/.pnpm/jsdom@26.1.0/node_modules/jsdom/lib/jsdom/living/events/EventTarget-impl.js:353:9)
    at invokeEventListeners (/var/tmp/vibe-kanban/worktrees/vk-b25b-create-tes/node_modules/.pnpm/jsdom@26.1.0/node_modules/jsdom/lib/jsdom/living/events/EventTarget-impl.js:286:3)
    at HTMLUnknownElementImpl._dispatch (/var/tmp/vibe-kanban/worktrees/vk-b25b-create-tes/node_modules/.pnpm/jsdom@26.1.0/node_modules/jsdom/lib/jsdom/living/events/EventTarget-impl.js:233:9)
    at HTMLUnknownElementImpl.dispatchEvent (/var/tmp/vibe-kanban/worktrees/vk-b25b-create-tes/node_modules/.pnpm/jsdom@26.1.0/node_modules/jsdom/lib/jsdom/living/events/EventTarget-impl.js:104:17)
    at HTMLUnknownElement.dispatchEvent (/var/tmp/vibe-kanban/worktrees/vk-b25b-create-tes/node_modules/.pnpm/jsdom@26.1.0/node_modules/jsdom/lib/jsdom/living/generated/EventTarget.js:241:34)
    at Object.invokeGuardedCallbackDev (/var/tmp/vibe-kanban/worktrees/vk-b25b-create-tes/node_modules/.pnpm/react-dom@18.3.1_react@18.3.1/node_modules/react-dom/cjs/react-dom.development.js:4213:16)
    at invokeGuardedCallback (/var/tmp/vibe-kanban/worktrees/vk-b25b-create-tes/node_modules/.pnpm/react-dom@18.3.1_react@18.3.1/node_modules/react-dom/cjs/react-dom.development.js:4277:31)
    at beginWork$1 (/var/tmp/vibe-kanban/worktrees/vk-b25b-create-tes/node_modules/.pnpm/react-dom@18.3.1_react@18.3.1/node_modules/react-dom/cjs/react-dom.development.js:27490:7)
    at performUnitOfWork (/var/tmp/vibe-kanban/worktrees/vk-b25b-create-tes/node_modules/.pnpm/react-dom@18.3.1_react@18.3.1/node_modules/react-dom/cjs/react-dom.development.js:26599:12) Error: Conversion failed
    at Object.&lt;anonymous&gt; [90m(/var/tmp/vibe-kanban/worktrees/vk-b25b-create-tes/apps/web/[39m__tests__/hooks/useDualModeEditor.test.ts:601:27[90m)[39m
    at Object.mockCall (file:///var/tmp/vibe-kanban/worktrees/vk-b25b-create-tes/node_modules/[4m.pnpm[24m/@vitest+spy@3.2.4/node_modules/[4m@vitest[24m/spy/dist/index.js:96:15)
    at Object.spy [as jsonToUI] (file:///var/tmp/vibe-kanban/worktrees/vk-b25b-create-tes/node_modules/[4m.pnpm[24m/tinyspy@4.0.3/node_modules/[4mtinyspy[24m/dist/index.js:47:103)
    at useDualModeEditor [90m(/var/tmp/vibe-kanban/worktrees/vk-b25b-create-tes/apps/web/[39msrc/hooks/useDualModeEditor.ts:20:54[90m)[39m
    at [90m/var/tmp/vibe-kanban/worktrees/vk-b25b-create-tes/apps/web/[39m__tests__/hooks/useDualModeEditor.test.ts:606:58
    at TestComponent (/var/tmp/vibe-kanban/worktrees/vk-b25b-create-tes/node_modules/[4m.pnpm[24m/@testing-library+react@16.3.0_@testing-library+dom@10.4.1_@types+react-dom@18.3.7_@type_6702e24ddb9003acbdfc6a78b366f5bd/node_modules/[4m@testing-library[24m/react/dist/pure.js:331:27)
    at renderWithHooks (/var/tmp/vibe-kanban/worktrees/vk-b25b-create-tes/node_modules/[4m.pnpm[24m/react-dom@18.3.1_react@18.3.1/node_modules/[4mreact-dom[24m/cjs/react-dom.development.js:15486:18)
    at mountIndeterminateComponent (/var/tmp/vibe-kanban/worktrees/vk-b25b-create-tes/node_modules/[4m.pnpm[24m/react-dom@18.3.1_react@18.3.1/node_modules/[4mreact-dom[24m/cjs/react-dom.development.js:20103:13)
    at beginWork (/var/tmp/vibe-kanban/worktrees/vk-b25b-create-tes/node_modules/[4m.pnpm[24m/react-dom@18.3.1_react@18.3.1/node_modules/[4mreact-dom[24m/cjs/react-dom.development.js:21626:16)
    at HTMLUnknownElement.callCallback (/var/tmp/vibe-kanban/worktrees/vk-b25b-create-tes/node_modules/[4m.pnpm[24m/react-dom@18.3.1_react@18.3.1/node_modules/[4mreact-dom[24m/cjs/react-dom.development.js:4164:14)
Error: Uncaught [Error: Conversion failed]
    at reportException (/var/tmp/vibe-kanban/worktrees/vk-b25b-create-tes/node_modules/.pnpm/jsdom@26.1.0/node_modules/jsdom/lib/jsdom/living/helpers/runtime-script-errors.js:66:24)
    at innerInvokeEventListeners (/var/tmp/vibe-kanban/worktrees/vk-b25b-create-tes/node_modules/.pnpm/jsdom@26.1.0/node_modules/jsdom/lib/jsdom/living/events/EventTarget-impl.js:353:9)
    at invokeEventListeners (/var/tmp/vibe-kanban/worktrees/vk-b25b-create-tes/node_modules/.pnpm/jsdom@26.1.0/node_modules/jsdom/lib/jsdom/living/events/EventTarget-impl.js:286:3)
    at HTMLUnknownElementImpl._dispatch (/var/tmp/vibe-kanban/worktrees/vk-b25b-create-tes/node_modules/.pnpm/jsdom@26.1.0/node_modules/jsdom/lib/jsdom/living/events/EventTarget-impl.js:233:9)
    at HTMLUnknownElementImpl.dispatchEvent (/var/tmp/vibe-kanban/worktrees/vk-b25b-create-tes/node_modules/.pnpm/jsdom@26.1.0/node_modules/jsdom/lib/jsdom/living/events/EventTarget-impl.js:104:17)
    at HTMLUnknownElement.dispatchEvent (/var/tmp/vibe-kanban/worktrees/vk-b25b-create-tes/node_modules/.pnpm/jsdom@26.1.0/node_modules/jsdom/lib/jsdom/living/generated/EventTarget.js:241:34)
    at Object.invokeGuardedCallbackDev (/var/tmp/vibe-kanban/worktrees/vk-b25b-create-tes/node_modules/.pnpm/react-dom@18.3.1_react@18.3.1/node_modules/react-dom/cjs/react-dom.development.js:4213:16)
    at invokeGuardedCallback (/var/tmp/vibe-kanban/worktrees/vk-b25b-create-tes/node_modules/.pnpm/react-dom@18.3.1_react@18.3.1/node_modules/react-dom/cjs/react-dom.development.js:4277:31)
    at beginWork$1 (/var/tmp/vibe-kanban/worktrees/vk-b25b-create-tes/node_modules/.pnpm/react-dom@18.3.1_react@18.3.1/node_modules/react-dom/cjs/react-dom.development.js:27490:7)
    at performUnitOfWork (/var/tmp/vibe-kanban/worktrees/vk-b25b-create-tes/node_modules/.pnpm/react-dom@18.3.1_react@18.3.1/node_modules/react-dom/cjs/react-dom.development.js:26599:12) Error: Conversion failed
    at Object.&lt;anonymous&gt; [90m(/var/tmp/vibe-kanban/worktrees/vk-b25b-create-tes/apps/web/[39m__tests__/hooks/useDualModeEditor.test.ts:601:27[90m)[39m
    at Object.mockCall (file:///var/tmp/vibe-kanban/worktrees/vk-b25b-create-tes/node_modules/[4m.pnpm[24m/@vitest+spy@3.2.4/node_modules/[4m@vitest[24m/spy/dist/index.js:96:15)
    at Object.spy [as jsonToUI] (file:///var/tmp/vibe-kanban/worktrees/vk-b25b-create-tes/node_modules/[4m.pnpm[24m/tinyspy@4.0.3/node_modules/[4mtinyspy[24m/dist/index.js:47:103)
    at useDualModeEditor [90m(/var/tmp/vibe-kanban/worktrees/vk-b25b-create-tes/apps/web/[39msrc/hooks/useDualModeEditor.ts:20:54[90m)[39m
    at [90m/var/tmp/vibe-kanban/worktrees/vk-b25b-create-tes/apps/web/[39m__tests__/hooks/useDualModeEditor.test.ts:606:58
    at TestComponent (/var/tmp/vibe-kanban/worktrees/vk-b25b-create-tes/node_modules/[4m.pnpm[24m/@testing-library+react@16.3.0_@testing-library+dom@10.4.1_@types+react-dom@18.3.7_@type_6702e24ddb9003acbdfc6a78b366f5bd/node_modules/[4m@testing-library[24m/react/dist/pure.js:331:27)
    at renderWithHooks (/var/tmp/vibe-kanban/worktrees/vk-b25b-create-tes/node_modules/[4m.pnpm[24m/react-dom@18.3.1_react@18.3.1/node_modules/[4mreact-dom[24m/cjs/react-dom.development.js:15486:18)
    at mountIndeterminateComponent (/var/tmp/vibe-kanban/worktrees/vk-b25b-create-tes/node_modules/[4m.pnpm[24m/react-dom@18.3.1_react@18.3.1/node_modules/[4mreact-dom[24m/cjs/react-dom.development.js:20103:13)
    at beginWork (/var/tmp/vibe-kanban/worktrees/vk-b25b-create-tes/node_modules/[4m.pnpm[24m/react-dom@18.3.1_react@18.3.1/node_modules/[4mreact-dom[24m/cjs/react-dom.development.js:21626:16)
    at HTMLUnknownElement.callCallback (/var/tmp/vibe-kanban/worktrees/vk-b25b-create-tes/node_modules/[4m.pnpm[24m/react-dom@18.3.1_react@18.3.1/node_modules/[4mreact-dom[24m/cjs/react-dom.development.js:4164:14)

            </system-err>
            <failure message="Conversion failed" type="Error">
Error: Conversion failed
 ❯ Object.&lt;anonymous&gt; __tests__/hooks/useDualModeEditor.test.ts:601:27
 ❯ useDualModeEditor src/hooks/useDualModeEditor.ts:20:54
 ❯ __tests__/hooks/useDualModeEditor.test.ts:606:58
 ❯ TestComponent ../../node_modules/.pnpm/@testing-library+react@16.3.0_@testing-library+dom@10.4.1_@types+react-dom@18.3.7_@type_6702e24ddb9003acbdfc6a78b366f5bd/node_modules/@testing-library/react/dist/pure.js:331:27
 ❯ renderWithHooks ../../node_modules/.pnpm/react-dom@18.3.1_react@18.3.1/node_modules/react-dom/cjs/react-dom.development.js:15486:18
 ❯ mountIndeterminateComponent ../../node_modules/.pnpm/react-dom@18.3.1_react@18.3.1/node_modules/react-dom/cjs/react-dom.development.js:20103:13
 ❯ beginWork ../../node_modules/.pnpm/react-dom@18.3.1_react@18.3.1/node_modules/react-dom/cjs/react-dom.development.js:21626:16
 ❯ beginWork$1 ../../node_modules/.pnpm/react-dom@18.3.1_react@18.3.1/node_modules/react-dom/cjs/react-dom.development.js:27465:14
            </failure>
        </testcase>
        <testcase classname="__tests__/hooks/useDualModeEditor.test.ts" name="useDualModeEditor Hook &gt; Variable Usage Test &gt; should mock variables to avoid unused warnings" time="0.000844912">
        </testcase>
    </testsuite>
    <testsuite name="__tests__/pages/index.test.tsx" timestamp="2025-09-06T16:34:55.507Z" hostname="c82ba9db4d53" tests="27" failures="6" errors="0" skipped="0" time="6.120109919">
        <testcase classname="__tests__/pages/index.test.tsx" name="Index Page &gt; Initial Loading State &gt; should render loading state initially" time="0.11075914">
        </testcase>
        <testcase classname="__tests__/pages/index.test.tsx" name="Index Page &gt; Initial Loading State &gt; should render without crashing" time="0.027418331">
        </testcase>
        <testcase classname="__tests__/pages/index.test.tsx" name="Index Page &gt; Not Connected State &gt; should show PlexConnection component when not connected" time="0.042911822">
            <failure message="[2mexpect([22m[31melement[39m[2m).not.toBeInTheDocument()[22m

[31mexpected document not to contain element, found &lt;title&gt;
  Spotify to Plex
&lt;/title&gt; instead[39m" type="Error">
Error: expect(element).not.toBeInTheDocument()

expected document not to contain element, found &lt;title&gt;
  Spotify to Plex
&lt;/title&gt; instead
 ❯ __tests__/pages/index.test.tsx:134:63
            </failure>
        </testcase>
        <testcase classname="__tests__/pages/index.test.tsx" name="Index Page &gt; Not Connected State &gt; should show PlexConnection when connected but no URI" time="0.031933256">
        </testcase>
        <testcase classname="__tests__/pages/index.test.tsx" name="Index Page &gt; Connected State &gt; should show main content when connected with URI" time="0.153274487">
            <failure message="Found multiple elements with the text: Spotify to Plex

Here are the matching elements:

Ignored nodes: comments, script, style
[36m&lt;title&gt;[39m
  [0mSpotify to Plex[0m
[36m&lt;/title&gt;[39m

Ignored nodes: comments, script, style
[36m&lt;h4[39m
  [33mclass[39m=[32m&quot;MuiTypography-root MuiTypography-h4 css-10jnrrx-MuiTypography-root&quot;[39m
[36m&gt;[39m
  [0mSpotify to Plex[0m
[36m&lt;/h4&gt;[39m

(If this is intentional, then use the `*AllBy*` variant of the query (like `queryAllByText`, `getAllByText`, or `findAllByText`)).

Ignored nodes: comments, script, style
[36m&lt;body&gt;[39m
  [36m&lt;div&gt;[39m
    [36m&lt;title&gt;[39m
      [0mSpotify to Plex[0m
    [36m&lt;/title&gt;[39m
    [36m&lt;div[39m
      [33mdata-testid[39m=[32m&quot;main-layout&quot;[39m
    [36m&gt;[39m
      [36m&lt;div[39m
        [33mclass[39m=[32m&quot;MuiContainer-root MuiContainer-maxWidthLg css-5c1adp-MuiContainer-root&quot;[39m
      [36m&gt;[39m
        [36m&lt;div[39m
          [33mdata-testid[39m=[32m&quot;logo&quot;[39m
        [36m&gt;[39m
          [0mSpotify to Plex Logo[0m
        [36m&lt;/div&gt;[39m
        [36m&lt;div[39m
          [33mclass[39m=[32m&quot;MuiPaper-root MuiPaper-elevation MuiPaper-rounded MuiPaper-elevation0 css-1d9mdp6-MuiPaper-root&quot;[39m
          [33mstyle[39m=[32m&quot;--Paper-shadow: none;&quot;[39m
        [36m&gt;[39m
          [36m&lt;h4[39m
            [33mclass[39m=[32m&quot;MuiTypography-root MuiTypography-h4 css-10jnrrx-MuiTypography-root&quot;[39m
          [36m&gt;[39m
            [0mSpotify to Plex[0m
          [36m&lt;/h4&gt;[39m
          [36m&lt;p[39m
            [33mclass[39m=[32m&quot;MuiTypography-root MuiTypography-body1 css-109w83r-MuiTypography-root&quot;[39m
          [36m&gt;[39m
            [0mManage your Spotify connections, synchronization settings, and view system logs.[0m
          [36m&lt;/p&gt;[39m
          [36m&lt;div[39m
            [33mclass[39m=[32m&quot;MuiGrid2-root MuiGrid2-container MuiGrid2-direction-xs-row MuiGrid2-spacing-xs-2 css-ubb9a5-MuiGrid2-root&quot;[39m
          [36m&gt;[39m
            [36m&lt;div[39m
              [33mclass[39m=[32m&quot;MuiGrid2-root MuiGrid2-direction-xs-row MuiGrid2-grid-xs-12 MuiGrid2-grid-sm-6 css-1lu792j-MuiGrid2-root&quot;[39m
            [36m&gt;[39m
              [36m&lt;div[39m
                [33mclass[39m=[32m&quot;MuiPaper-root MuiPaper-elevation MuiPaper-rounded MuiPaper-elevation1 MuiCard-root css-1j74uew-MuiPaper-root-MuiCard-root&quot;[39m
                [33mstyle[39m=[32m&quot;--Paper-shadow: 0px 2px 1px -1px rgba(0,0,0,0.2),0px 1px 1px 0px rgba(0,0,0,0.14),0px 1px 3px 0px rgba(0,0,0,0.12);&quot;[39m
              [36m&gt;[39m
                [36m&lt;a[39m
                  [33mclass[39m=[32m&quot;MuiButtonBase-root MuiCardActionArea-root css-1vpvro0-MuiButtonBase-root-MuiCardActionArea-root&quot;[39m
                  [33mhref[39m=[32m&quot;/spotify/manage-playlists&quot;[39m
                  [33mtabindex[39m=[32m&quot;0&quot;[39m
                [36m&gt;[39m
                  [36m&lt;div[39m
                    [33mclass[39m=[32m&quot;MuiCardContent-root css-wofrg8-MuiCardContent-root&quot;[39m
                  [36m&gt;[39m
                    [36m&lt;svg[39m
                      [33maria-hidden[39m=[32m&quot;true&quot;[39m
                      [33mclass[39m=[32m&quot;MuiSvgIcon-root MuiSvgIcon-fontSizeMedium css-dskzcr-MuiSvgIcon-root&quot;[39m
                      [33mdata-testid[39m=[32m&quot;PlaylistPlayIcon&quot;[39m
                      [33mfocusable[39m=[32m&quot;false&quot;[39m
                      [33mviewBox[39m=[32m&quot;0 0 24 24&quot;[39m
                    [36m&gt;[39m
                      [36m&lt;path[39m
                        [33md[39m=[32m&quot;M3 10h11v2H3zm0-4h11v2H3zm0 8h7v2H3zm13-1v8l6-4z&quot;[39m
                      [36m/&gt;[39m
                    [36m&lt;/svg&gt;[39m
                    [36m&lt;h6[39m
                      [33mclass[39m=[32m&quot;MuiTypography-root MuiTypography-h6 css-1do8cl8-MuiTypography-root&quot;[39m
                    [36m&gt;[39m
                      [0mPlaylists &amp; Albums[0m
                    [36m&lt;/h6&gt;[39m
                    [36m&lt;p[39m
                      [33mclass[39m=[32m&quot;MuiTypography-root MuiTypography-body2 css-1wle3ir-MuiTypography-root&quot;[39m
                    [36m&gt;[39m
                      [0mManage your Spotify playlists and albums synchronization[0m
                    [36m&lt;/p&gt;[39m
                  [36m&lt;/div&gt;[39m
                  [36m&lt;span[39m
                    [33mclass[39m=[32m&quot;MuiCardActionArea-focusHighlight css-1h5un5t-MuiCardActionArea-focusHighlight&quot;[39m
                  [36m/&gt;[39m
                [36m&lt;/a&gt;[39m
              [36m&lt;/div&gt;[39m
            [36m&lt;/div&gt;[39m
            [36m&lt;div[39m
              [33mclass[39m=[32m&quot;MuiGrid2-root MuiGrid2-direction-xs-row MuiGrid2-grid-xs-12 MuiGrid2-grid-sm-6 css-1lu792j-MuiGrid2-root&quot;[39m
            [36m&gt;[39m
              [36m&lt;div[39m
                [33mclass[39m=[32m&quot;MuiPaper-root MuiPaper-elevation MuiPaper-rounded MuiPaper-elevation1 MuiCard-root css-1j74uew-MuiPaper-root-MuiCard-root&quot;[39m
                [33mstyle[39m=[32m&quot;--Paper-shadow: 0px 2px 1px -1px rgba(0,0,0,0.2),0px 1px 1px 0px rgba(0,0,0,0.14),0px 1px 3px 0px rgba(0,0,0,0.12);&quot;[39m
              [36m&gt;[39m
                [36m&lt;a[39m
                  [33mclass[39m=[32m&quot;MuiButtonBase-root MuiCardActionArea-root css-1vpvro0-MuiButtonBase-root-MuiCardActionArea-root&quot;[39m
                  [33mhref[39m=[32m&quot;/spotify/manage-users&quot;[39m
                  [33mtabindex[39m=[32m&quot;0&quot;[39m
                [36m&gt;[39m
                  [36m&lt;div[39m
                    [33mclass[39m=[32m&quot;MuiCardContent-root css-wofrg8-MuiCardContent-root&quot;[39m
                  [36m&gt;[39m
                    [36m&lt;svg[39m
                      [33maria-hidden[39m=[32m&quot;true&quot;[39m
                      [33mclass[39m=[32m&quot;MuiSvgIcon-root MuiSvgIcon-fontSizeMedium css-dskzcr-MuiSvgIcon-root&quot;[39m
                      [33mdata-testid[39m=[32m&quot;PeopleIcon&quot;[39m
                      [33mfocusable[39m=[32m&quot;false&quot;[39m
                      [33mviewBox[39m=[32m&quot;0 0 24 24&quot;[39m
                    [36m&gt;[39m
                      [36m&lt;path[39m
                        [33md[39m=[32m&quot;M16 11c1.66 0 2.99-1.34 2.99-3S17.66 5 16 5s-3 1.34-3 3 1.34 3 3 3m-8 0c1.66 0 2.99-1.34 2.99-3S9.66 5 8 5 5 6.34 5 8s1.34 3 3 3m0 2c-2.33 0-7 1.17-7 3.5V19h14v-2.5c0-2.33-4.67-3.5-7-3.5m8 0c-.29 0-.62.02-.97.05 1.16.84 1.97 1.97 1.97 3.45V19h6v-2.5c0-2.33-4.67-3.5-7-3.5&quot;[39m
                      [36m/&gt;[39m
                    [36m&lt;/svg&gt;[39m
                    [36m&lt;h6[39m
                      [33mclass[39m=[32m&quot;MuiTypography-root MuiTypography-h6 css-1do8cl8-MuiTypography-root&quot;[39m
                    [36m&gt;[39m
                      [0mUsers[0m
                    [36m&lt;/h6&gt;[39m
                    [36m&lt;p[39m
                      [33mclass[39m=[32m&quot;MuiTypography-root MuiTypography-body2 css-1wle3ir-MuiTypography-root&quot;[39m
                    [36m&gt;[39m
                      [0mManage Spotify user connections[0m
                    [36m&lt;/p&gt;[39m
                  [36m&lt;/div&gt;[39m
                  [36m&lt;span[39m
                    [33mclass[39m=[32m&quot;MuiCardActionArea-focusHighlight css-1h5un5t-MuiCardActionArea-focusHighlight&quot;[39m
                  [36m/&gt;[39m
                [36m&lt;/a&gt;[39m
              [36m&lt;/div&gt;[39m
            [36m&lt;/div&gt;[39m
            [36m&lt;div[39m
              [33mclass[39m=[32m&quot;MuiGrid2-root MuiGrid2-direction-xs-row MuiGrid2-grid-xs-12 MuiGrid2-grid-sm-6 css-1lu792j-MuiGrid2-root&quot;[39m
            [36m&gt;[..." type="TestingLibraryElementError">
TestingLibraryElementError: Found multiple elements with the text: Spotify to Plex

Here are the matching elements:

Ignored nodes: comments, script, style
&lt;title&gt;
  Spotify to Plex
&lt;/title&gt;

Ignored nodes: comments, script, style
&lt;h4
  class=&quot;MuiTypography-root MuiTypography-h4 css-10jnrrx-MuiTypography-root&quot;
&gt;
  Spotify to Plex
&lt;/h4&gt;

(If this is intentional, then use the `*AllBy*` variant of the query (like `queryAllByText`, `getAllByText`, or `findAllByText`)).

Ignored nodes: comments, script, style
&lt;body&gt;
  &lt;div&gt;
    &lt;title&gt;
      Spotify to Plex
    &lt;/title&gt;
    &lt;div
      data-testid=&quot;main-layout&quot;
    &gt;
      &lt;div
        class=&quot;MuiContainer-root MuiContainer-maxWidthLg css-5c1adp-MuiContainer-root&quot;
      &gt;
        &lt;div
          data-testid=&quot;logo&quot;
        &gt;
          Spotify to Plex Logo
        &lt;/div&gt;
        &lt;div
          class=&quot;MuiPaper-root MuiPaper-elevation MuiPaper-rounded MuiPaper-elevation0 css-1d9mdp6-MuiPaper-root&quot;
          style=&quot;--Paper-shadow: none;&quot;
        &gt;
          &lt;h4
            class=&quot;MuiTypography-root MuiTypography-h4 css-10jnrrx-MuiTypography-root&quot;
          &gt;
            Spotify to Plex
          &lt;/h4&gt;
          &lt;p
            class=&quot;MuiTypography-root MuiTypography-body1 css-109w83r-MuiTypography-root&quot;
          &gt;
            Manage your Spotify connections, synchronization settings, and view system logs.
          &lt;/p&gt;
          &lt;div
            class=&quot;MuiGrid2-root MuiGrid2-container MuiGrid2-direction-xs-row MuiGrid2-spacing-xs-2 css-ubb9a5-MuiGrid2-root&quot;
          &gt;
            &lt;div
              class=&quot;MuiGrid2-root MuiGrid2-direction-xs-row MuiGrid2-grid-xs-12 MuiGrid2-grid-sm-6 css-1lu792j-MuiGrid2-root&quot;
            &gt;
              &lt;div
                class=&quot;MuiPaper-root MuiPaper-elevation MuiPaper-rounded MuiPaper-elevation1 MuiCard-root css-1j74uew-MuiPaper-root-MuiCard-root&quot;
                style=&quot;--Paper-shadow: 0px 2px 1px -1px rgba(0,0,0,0.2),0px 1px 1px 0px rgba(0,0,0,0.14),0px 1px 3px 0px rgba(0,0,0,0.12);&quot;
              &gt;
                &lt;a
                  class=&quot;MuiButtonBase-root MuiCardActionArea-root css-1vpvro0-MuiButtonBase-root-MuiCardActionArea-root&quot;
                  href=&quot;/spotify/manage-playlists&quot;
                  tabindex=&quot;0&quot;
                &gt;
                  &lt;div
                    class=&quot;MuiCardContent-root css-wofrg8-MuiCardContent-root&quot;
                  &gt;
                    &lt;svg
                      aria-hidden=&quot;true&quot;
                      class=&quot;MuiSvgIcon-root MuiSvgIcon-fontSizeMedium css-dskzcr-MuiSvgIcon-root&quot;
                      data-testid=&quot;PlaylistPlayIcon&quot;
                      focusable=&quot;false&quot;
                      viewBox=&quot;0 0 24 24&quot;
                    &gt;
                      &lt;path
                        d=&quot;M3 10h11v2H3zm0-4h11v2H3zm0 8h7v2H3zm13-1v8l6-4z&quot;
                      /&gt;
                    &lt;/svg&gt;
                    &lt;h6
                      class=&quot;MuiTypography-root MuiTypography-h6 css-1do8cl8-MuiTypography-root&quot;
                    &gt;
                      Playlists &amp; Albums
                    &lt;/h6&gt;
                    &lt;p
                      class=&quot;MuiTypography-root MuiTypography-body2 css-1wle3ir-MuiTypography-root&quot;
                    &gt;
                      Manage your Spotify playlists and albums synchronization
                    &lt;/p&gt;
                  &lt;/div&gt;
                  &lt;span
                    class=&quot;MuiCardActionArea-focusHighlight css-1h5un5t-MuiCardActionArea-focusHighlight&quot;
                  /&gt;
                &lt;/a&gt;
              &lt;/div&gt;
            &lt;/div&gt;
            &lt;div
              class=&quot;MuiGrid2-root MuiGrid2-direction-xs-row MuiGrid2-grid-xs-12 MuiGrid2-grid-sm-6 css-1lu792j-MuiGrid2-root&quot;
            &gt;
              &lt;div
                class=&quot;MuiPaper-root MuiPaper-elevation MuiPaper-rounded MuiPaper-elevation1 MuiCard-root css-1j74uew-MuiPaper-root-MuiCard-root&quot;
                style=&quot;--Paper-shadow: 0px 2px 1px -1px rgba(0,0,0,0.2),0px 1px 1px 0px rgba(0,0,0,0.14),0px 1px 3px 0px rgba(0,0,0,0.12);&quot;
              &gt;
                &lt;a
                  class=&quot;MuiButtonBase-root MuiCardActionArea-root css-1vpvro0-MuiButtonBase-root-MuiCardActionArea-root&quot;
                  href=&quot;/spotify/manage-users&quot;
                  tabindex=&quot;0&quot;
                &gt;
                  &lt;div
                    class=&quot;MuiCardContent-root css-wofrg8-MuiCardContent-root&quot;
                  &gt;
                    &lt;svg
                      aria-hidden=&quot;true&quot;
                      class=&quot;MuiSvgIcon-root MuiSvgIcon-fontSizeMedium css-dskzcr-MuiSvgIcon-root&quot;
                      data-testid=&quot;PeopleIcon&quot;
                      focusable=&quot;false&quot;
                      viewBox=&quot;0 0 24 24&quot;
                    &gt;
                      &lt;path
                        d=&quot;M16 11c1.66 0 2.99-1.34 2.99-3S17.66 5 16 5s-3 1.34-3 3 1.34 3 3 3m-8 0c1.66 0 2.99-1.34 2.99-3S9.66 5 8 5 5 6.34 5 8s1.34 3 3 3m0 2c-2.33 0-7 1.17-7 3.5V19h14v-2.5c0-2.33-4.67-3.5-7-3.5m8 0c-.29 0-.62.02-.97.05 1.16.84 1.97 1.97 1.97 3.45V19h6v-2.5c0-2.33-4.67-3.5-7-3.5&quot;
                      /&gt;
                    &lt;/svg&gt;
                    &lt;h6
                      class=&quot;MuiTypography-root MuiTypography-h6 css-1do8cl8-MuiTypography-root&quot;
                    &gt;
                      Users
                    &lt;/h6&gt;
                    &lt;p
                      class=&quot;MuiTypography-root MuiTypography-body2 css-1wle3ir-MuiTypography-root&quot;
                    &gt;
                      Manage Spotify user connections
                    &lt;/p&gt;
                  &lt;/div&gt;
                  &lt;span
                    class=&quot;MuiCardActionArea-focusHighlight css-1h5un5t-MuiCardActionArea-focusHighlight&quot;
                  /&gt;
                &lt;/a&gt;
              &lt;/div&gt;
            &lt;/div&gt;
            &lt;div
              class=&quot;MuiGrid2-root MuiGrid2-direction-xs-row MuiGrid2-grid-xs-12 MuiGrid2-grid-sm-6 css-1lu792j-MuiGrid2-root&quot;
            &gt;[...
 ❯ Object.getElementError ../../node_modules/.pnpm/@testing-library+dom@10.4.1/node_modules/@testing-library/dom/dist/config.js:37:19
 ❯ getElementError ../../node_modules/.pnpm/@testing-library+dom@10.4.1/node_modules/@testing-library/dom/dist/query-helpers.js:20:35
 ❯ getMultipleElementsFoundError ../../node_modules/.pnpm/@testing-library+dom@10.4.1/node_modules/@testing-library/dom/dist/query-helpers.js:23:10
 ❯ ../../node_modules/.pnpm/@testing-library+dom@10.4.1/node_modules/@testing-library/dom/dist/query-helpers.js:55:13
 ❯ ../../node_modules/.pnpm/@testing-library+dom@10.4.1/node_modules/@testing-library/dom/dist/query-helpers.js:95:19
 ❯ __tests__/pages/index.test.tsx:170:27
            </failure>
        </testcase>
        <testcase classname="__tests__/pages/index.test.tsx" name="Index Page &gt; Connected State &gt; should render all menu items" time="0.127342086">
        </testcase>
        <testcase classname="__tests__/pages/index.test.tsx" name="Index Page &gt; Connected State &gt; should render menu items as clickable cards" time="0.089426325">
        </testcase>
        <testcase classname="__tests__/pages/index.test.tsx" name="Index Page &gt; Connected State &gt; should render Plex Settings button" time="0.065385232">
        </testcase>
        <testcase classname="__tests__/pages/index.test.tsx" name="Index Page &gt; Plex Settings Dialog &gt; should open Plex settings dialog when button is clicked" time="0.296394027">
        </testcase>
        <testcase classname="__tests__/pages/index.test.tsx" name="Index Page &gt; Plex Settings Dialog &gt; should close Plex settings dialog when close button is clicked" time="0.256813693">
        </testcase>
        <testcase classname="__tests__/pages/index.test.tsx" name="Index Page &gt; Plex Authentication Query Parameter &gt; should handle plex query parameter on router ready" time="0.145364144">
        </testcase>
        <testcase classname="__tests__/pages/index.test.tsx" name="Index Page &gt; Plex Authentication Query Parameter &gt; should handle successful plex verification" time="0.093181389">
        </testcase>
        <testcase classname="__tests__/pages/index.test.tsx" name="Index Page &gt; Plex Authentication Query Parameter &gt; should not process plex query when router is not ready" time="0.018434023">
        </testcase>
        <testcase classname="__tests__/pages/index.test.tsx" name="Index Page &gt; Plex Authentication Query Parameter &gt; should handle plex verification failure" time="0.020879688">
        </testcase>
        <testcase classname="__tests__/pages/index.test.tsx" name="Index Page &gt; API Error Handling &gt; should handle settings API error gracefully" time="0.015640653">
        </testcase>
        <testcase classname="__tests__/pages/index.test.tsx" name="Index Page &gt; API Error Handling &gt; should handle auth verification error" time="1.019307118">
            <failure message="expected &quot;spy&quot; to be called with arguments: [ &apos;/&apos;, undefined, { shallow: true } ][90m

Number of calls: [1m0[22m
[39m

Ignored nodes: comments, script, style
[36m&lt;html&gt;[39m
  [36m&lt;head&gt;[39m
    [36m&lt;meta[39m
      [33mcontent[39m=[32m&quot;&quot;[39m
      [33mname[39m=[32m&quot;emotion-insertion-point&quot;[39m
    [36m/&gt;[39m
  [36m&lt;/head&gt;[39m
  [36m&lt;body&gt;[39m
    [36m&lt;div&gt;[39m
      [36m&lt;title&gt;[39m
        [0mSpotify to Plex[0m
      [36m&lt;/title&gt;[39m
      [36m&lt;div[39m
        [33mdata-testid[39m=[32m&quot;main-layout&quot;[39m
      [36m&gt;[39m
        [36m&lt;div[39m
          [33mclass[39m=[32m&quot;MuiContainer-root MuiContainer-maxWidthLg css-5c1adp-MuiContainer-root&quot;[39m
        [36m&gt;[39m
          [36m&lt;div[39m
            [33mdata-testid[39m=[32m&quot;logo&quot;[39m
          [36m&gt;[39m
            [0mSpotify to Plex Logo[0m
          [36m&lt;/div&gt;[39m
          [36m&lt;div[39m
            [33mclass[39m=[32m&quot;MuiPaper-root MuiPaper-elevation MuiPaper-rounded MuiPaper-elevation0 css-1d9mdp6-MuiPaper-root&quot;[39m
            [33mstyle[39m=[32m&quot;--Paper-shadow: none;&quot;[39m
          [36m&gt;[39m
            [36m&lt;div[39m
              [33mdata-testid[39m=[32m&quot;plex-connection&quot;[39m
            [36m&gt;[39m
              [36m&lt;button[39m
                [33mdata-testid[39m=[32m&quot;mock-connect-button&quot;[39m
              [36m&gt;[39m
                [0mConnect to Plex[0m
              [36m&lt;/button&gt;[39m
            [36m&lt;/div&gt;[39m
          [36m&lt;/div&gt;[39m
        [36m&lt;/div&gt;[39m
      [36m&lt;/div&gt;[39m
    [36m&lt;/div&gt;[39m
  [36m&lt;/body&gt;[39m
[36m&lt;/html&gt;[39m..." type="AssertionError">
AssertionError: expected &quot;spy&quot; to be called with arguments: [ &apos;/&apos;, undefined, { shallow: true } ]

Number of calls: 0


Ignored nodes: comments, script, style
&lt;html&gt;
  &lt;head&gt;
    &lt;meta
      content=&quot;&quot;
      name=&quot;emotion-insertion-point&quot;
    /&gt;
  &lt;/head&gt;
  &lt;body&gt;
    &lt;div&gt;
      &lt;title&gt;
        Spotify to Plex
      &lt;/title&gt;
      &lt;div
        data-testid=&quot;main-layout&quot;
      &gt;
        &lt;div
          class=&quot;MuiContainer-root MuiContainer-maxWidthLg css-5c1adp-MuiContainer-root&quot;
        &gt;
          &lt;div
            data-testid=&quot;logo&quot;
          &gt;
            Spotify to Plex Logo
          &lt;/div&gt;
          &lt;div
            class=&quot;MuiPaper-root MuiPaper-elevation MuiPaper-rounded MuiPaper-elevation0 css-1d9mdp6-MuiPaper-root&quot;
            style=&quot;--Paper-shadow: none;&quot;
          &gt;
            &lt;div
              data-testid=&quot;plex-connection&quot;
            &gt;
              &lt;button
                data-testid=&quot;mock-connect-button&quot;
              &gt;
                Connect to Plex
              &lt;/button&gt;
            &lt;/div&gt;
          &lt;/div&gt;
        &lt;/div&gt;
      &lt;/div&gt;
    &lt;/div&gt;
  &lt;/body&gt;
&lt;/html&gt;...
 ❯ __tests__/pages/index.test.tsx:381:37
 ❯ runWithExpensiveErrorDiagnosticsDisabled ../../node_modules/.pnpm/@testing-library+dom@10.4.1/node_modules/@testing-library/dom/dist/config.js:47:12
 ❯ checkCallback ../../node_modules/.pnpm/@testing-library+dom@10.4.1/node_modules/@testing-library/dom/dist/wait-for.js:124:77
 ❯ Timeout.checkRealTimersCallback ../../node_modules/.pnpm/@testing-library+dom@10.4.1/node_modules/@testing-library/dom/dist/wait-for.js:118:16
            </failure>
        </testcase>
        <testcase classname="__tests__/pages/index.test.tsx" name="Index Page &gt; State Management &gt; should update state when connection is established through PlexConnection" time="1.175260152">
            <failure message="Found multiple elements with the text: Spotify to Plex

Here are the matching elements:

Ignored nodes: comments, script, style
[36m&lt;title&gt;[39m
  [0mSpotify to Plex[0m
[36m&lt;/title&gt;[39m

Ignored nodes: comments, script, style
[36m&lt;h4[39m
  [33mclass[39m=[32m&quot;MuiTypography-root MuiTypography-h4 css-10jnrrx-MuiTypography-root&quot;[39m
[36m&gt;[39m
  [0mSpotify to Plex[0m
[36m&lt;/h4&gt;[39m

(If this is intentional, then use the `*AllBy*` variant of the query (like `queryAllByText`, `getAllByText`, or `findAllByText`)).

Ignored nodes: comments, script, style
[36m&lt;body&gt;[39m
  [36m&lt;div&gt;[39m
    [36m&lt;title&gt;[39m
      [0mSpotify to Plex[0m
    [36m&lt;/title&gt;[39m
    [36m&lt;div[39m
      [33mdata-testid[39m=[32m&quot;main-layout&quot;[39m
    [36m&gt;[39m
      [36m&lt;div[39m
        [33mclass[39m=[32m&quot;MuiContainer-root MuiContainer-maxWidthLg css-5c1adp-MuiContainer-root&quot;[39m
      [36m&gt;[39m
        [36m&lt;div[39m
          [33mdata-testid[39m=[32m&quot;logo&quot;[39m
        [36m&gt;[39m
          [0mSpotify to Plex Logo[0m
        [36m&lt;/div&gt;[39m
        [36m&lt;div[39m
          [33mclass[39m=[32m&quot;MuiPaper-root MuiPaper-elevation MuiPaper-rounded MuiPaper-elevation0 css-1d9mdp6-MuiPaper-root&quot;[39m
          [33mstyle[39m=[32m&quot;--Paper-shadow: none;&quot;[39m
        [36m&gt;[39m
          [36m&lt;h4[39m
            [33mclass[39m=[32m&quot;MuiTypography-root MuiTypography-h4 css-10jnrrx-MuiTypography-root&quot;[39m
          [36m&gt;[39m
            [0mSpotify to Plex[0m
          [36m&lt;/h4&gt;[39m
          [36m&lt;p[39m
            [33mclass[39m=[32m&quot;MuiTypography-root MuiTypography-body1 css-109w83r-MuiTypography-root&quot;[39m
          [36m&gt;[39m
            [0mManage your Spotify connections, synchronization settings, and view system logs.[0m
          [36m&lt;/p&gt;[39m
          [36m&lt;div[39m
            [33mclass[39m=[32m&quot;MuiGrid2-root MuiGrid2-container MuiGrid2-direction-xs-row MuiGrid2-spacing-xs-2 css-ubb9a5-MuiGrid2-root&quot;[39m
          [36m&gt;[39m
            [36m&lt;div[39m
              [33mclass[39m=[32m&quot;MuiGrid2-root MuiGrid2-direction-xs-row MuiGrid2-grid-xs-12 MuiGrid2-grid-sm-6 css-1lu792j-MuiGrid2-root&quot;[39m
            [36m&gt;[39m
              [36m&lt;div[39m
                [33mclass[39m=[32m&quot;MuiPaper-root MuiPaper-elevation MuiPaper-rounded MuiPaper-elevation1 MuiCard-root css-1j74uew-MuiPaper-root-MuiCard-root&quot;[39m
                [33mstyle[39m=[32m&quot;--Paper-shadow: 0px 2px 1px -1px rgba(0,0,0,0.2),0px 1px 1px 0px rgba(0,0,0,0.14),0px 1px 3px 0px rgba(0,0,0,0.12);&quot;[39m
              [36m&gt;[39m
                [36m&lt;a[39m
                  [33mclass[39m=[32m&quot;MuiButtonBase-root MuiCardActionArea-root css-1vpvro0-MuiButtonBase-root-MuiCardActionArea-root&quot;[39m
                  [33mhref[39m=[32m&quot;/spotify/manage-playlists&quot;[39m
                  [33mtabindex[39m=[32m&quot;0&quot;[39m
                [36m&gt;[39m
                  [36m&lt;div[39m
                    [33mclass[39m=[32m&quot;MuiCardContent-root css-wofrg8-MuiCardContent-root&quot;[39m
                  [36m&gt;[39m
                    [36m&lt;svg[39m
                      [33maria-hidden[39m=[32m&quot;true&quot;[39m
                      [33mclass[39m=[32m&quot;MuiSvgIcon-root MuiSvgIcon-fontSizeMedium css-dskzcr-MuiSvgIcon-root&quot;[39m
                      [33mdata-testid[39m=[32m&quot;PlaylistPlayIcon&quot;[39m
                      [33mfocusable[39m=[32m&quot;false&quot;[39m
                      [33mviewBox[39m=[32m&quot;0 0 24 24&quot;[39m
                    [36m&gt;[39m
                      [36m&lt;path[39m
                        [33md[39m=[32m&quot;M3 10h11v2H3zm0-4h11v2H3zm0 8h7v2H3zm13-1v8l6-4z&quot;[39m
                      [36m/&gt;[39m
                    [36m&lt;/svg&gt;[39m
                    [36m&lt;h6[39m
                      [33mclass[39m=[32m&quot;MuiTypography-root MuiTypography-h6 css-1do8cl8-MuiTypography-root&quot;[39m
                    [36m&gt;[39m
                      [0mPlaylists &amp; Albums[0m
                    [36m&lt;/h6&gt;[39m
                    [36m&lt;p[39m
                      [33mclass[39m=[32m&quot;MuiTypography-root MuiTypography-body2 css-1wle3ir-MuiTypography-root&quot;[39m
                    [36m&gt;[39m
                      [0mManage your Spotify playlists and albums synchronization[0m
                    [36m&lt;/p&gt;[39m
                  [36m&lt;/div&gt;[39m
                  [36m&lt;span[39m
                    [33mclass[39m=[32m&quot;MuiCardActionArea-focusHighlight css-1h5un5t-MuiCardActionArea-focusHighlight&quot;[39m
                  [36m/&gt;[39m
                [36m&lt;/a&gt;[39m
              [36m&lt;/div&gt;[39m
            [36m&lt;/div&gt;[39m
            [36m&lt;div[39m
              [33mclass[39m=[32m&quot;MuiGrid2-root MuiGrid2-direction-xs-row MuiGrid2-grid-xs-12 MuiGrid2-grid-sm-6 css-1lu792j-MuiGrid2-root&quot;[39m
            [36m&gt;[39m
              [36m&lt;div[39m
                [33mclass[39m=[32m&quot;MuiPaper-root MuiPaper-elevation MuiPaper-rounded MuiPaper-elevation1 MuiCard-root css-1j74uew-MuiPaper-root-MuiCard-root&quot;[39m
                [33mstyle[39m=[32m&quot;--Paper-shadow: 0px 2px 1px -1px rgba(0,0,0,0.2),0px 1px 1px 0px rgba(0,0,0,0.14),0px 1px 3px 0px rgba(0,0,0,0.12);&quot;[39m
              [36m&gt;[39m
                [36m&lt;a[39m
                  [33mclass[39m=[32m&quot;MuiButtonBase-root MuiCardActionArea-root css-1vpvro0-MuiButtonBase-root-MuiCardActionArea-root&quot;[39m
                  [33mhref[39m=[32m&quot;/spotify/manage-users&quot;[39m
                  [33mtabindex[39m=[32m&quot;0&quot;[39m
                [36m&gt;[39m
                  [36m&lt;div[39m
                    [33mclass[39m=[32m&quot;MuiCardContent-root css-wofrg8-MuiCardContent-root&quot;[39m
                  [36m&gt;[39m
                    [36m&lt;svg[39m
                      [33maria-hidden[39m=[32m&quot;true&quot;[39m
                      [33mclass[39m=[32m&quot;MuiSvgIcon-root MuiSvgIcon-fontSizeMedium css-dskzcr-MuiSvgIcon-root&quot;[39m
                      [33mdata-testid[39m=[32m&quot;PeopleIcon&quot;[39m
                      [33mfocusable[39m=[32m&quot;false&quot;[39m
                      [33mviewBox[39m=[32m&quot;0 0 24 24&quot;[39m
                    [36m&gt;[39m
                      [36m&lt;path[39m
                        [33md[39m=[32m&quot;M16 11c1.66 0 2.99-1.34 2.99-3S17.66 5 16 5s-3 1.34-3 3 1.34 3 3 3m-8 0c1.66 0 2.99-1.34 2.99-3S9.66 5 8 5 5 6.34 5 8s1.34 3 3 3m0 2c-2.33 0-7 1.17-7 3.5V19h14v-2.5c0-2.33-4.67-3.5-7-3.5m8 0c-.29 0-.62.02-.97.05 1.16.84 1.97 1.97 1.97 3.45V19h6v-2.5c0-2.33-4.67-3.5-7-3.5&quot;[39m
                      [36m/&gt;[39m
                    [36m&lt;/svg&gt;[39m
                    [36m&lt;h6[39m
                      [33mclass[39m=[32m&quot;MuiTypography-root MuiTypography-h6 css-1do8cl8-MuiTypography-root&quot;[39m
                    [36m&gt;[39m
                      [0mUsers[0m
                    [36m&lt;/h6&gt;[39m
                    [36m&lt;p[39m
                      [33mclass[39m=[32m&quot;MuiTypography-root MuiTypography-body2 css-1wle3ir-MuiTypography-root&quot;[39m
                    [36m&gt;[39m
                      [0mManage Spotify user connections[0m
                    [36m&lt;/p&gt;[39m
                  [36m&lt;/div&gt;[39m
                  [36m&lt;span[39m
                    [33mclass[39m=[32m&quot;MuiCardActionArea-focusHighlight css-1h5un5t-MuiCardActionArea-focusHighlight&quot;[39m
                  [36m/&gt;[39m
                [36m&lt;/a&gt;[39m
              [36m&lt;/div&gt;[39m
            [36m&lt;/div&gt;[39m
            [36m&lt;div[39m
              [33mclass[39m=[32m&quot;MuiGrid2-root MuiGrid2-direction-xs-row MuiGrid2-grid-xs-12 MuiGrid2-grid-sm-6 css-1lu792j-MuiGrid2-root&quot;[39m
            [36m&gt;[...

Ignored nodes: comments, script, style
[36m&lt;html&gt;[39m
  [36m&lt;head&gt;[39m
    [36m&lt;meta[39m
      [33mcontent[39m=[32m&quot;&quot;[39m
      [33mname[39m=[32m&quot;emotion-insertion-point&quot;[39m
    [36m/&gt;[39m
  [36m&lt;/head&gt;[39m
  [36m&lt;body&gt;[39m
    [36m&lt;div&gt;[39m
      [36m&lt;title&gt;[39m
        [0mSpotify to Plex[0m
      [36m&lt;/title&gt;[39m
      [36m&lt;div[39m
        [33mdata-testid[39m=[32m&quot;main-layout&quot;[39m
      [36m&gt;[39m
        [36m&lt;div[39m
          [33mclass[39m=[32m&quot;MuiContainer-root MuiContainer-maxWidthLg css-5c1adp-MuiContainer-root&quot;[39m
        [36m&gt;[39m
          [36m&lt;div[39m
            [33mdata-testid[39m=[32m&quot;logo&quot;[39m
          [36m&gt;[39m
            [0mSpotify to Plex Logo[0m
          [36m&lt;/div&gt;[39m
          [36m&lt;div[39m
            [33mclass[39m=[32m&quot;MuiPaper-root MuiPaper-elevation MuiPaper-rounded MuiPaper-elevation0 css-1d9mdp6-MuiPaper-root&quot;[39m
            [33mstyle[39m=[32m&quot;--Paper-shadow: none;&quot;[39m
          [36m&gt;[39m
            [36m&lt;h4[39m
              [33mclass[39m=[32m&quot;MuiTypography-root MuiTypography-h4 css-10jnrrx-MuiTypography-root&quot;[39m
            [36m&gt;[39m
              [0mSpotify to Plex[0m
            [36m&lt;/h4&gt;[39m
            [36m&lt;p[39m
              [33mclass[39m=[32m&quot;MuiTypography-root MuiTypography-body1 css-109w83r-MuiTypography-root&quot;[39m
            [36m&gt;[39m
              [0mManage your Spotify connections, synchronization settings, and view system logs.[0m
            [36m&lt;/p&gt;[39m
            [36m&lt;div[39m
              [33mclass[39m=[32m&quot;MuiGrid2-root MuiGrid2-container MuiGrid2-direction-xs-row MuiGrid2-spacing-xs-2 css-ubb9a5-MuiGrid2-root&quot;[39m
            [36m&gt;[39m
              [36m&lt;div[39m
                [33mclass[39m=[32m&quot;MuiGrid2-root MuiGrid2-direction-xs-row MuiGrid2-grid-xs-12 MuiGrid2-grid-sm-6 css-1lu792j-MuiGrid2-root&quot;[39m
              [36m&gt;[39m
                [36m&lt;div[39m
                  [33mclass[39m=[32m&quot;MuiPaper-root MuiPaper-elevation MuiPaper-rounded MuiPaper-elevation1 MuiCard-root css-1j74uew-MuiPaper-root-MuiCard-root&quot;[39m
                  [33mstyle[39m=[32m&quot;--Paper-shadow: 0px 2px 1px -1px rgba(0,0,0,0.2),0px 1px 1px 0px rgba(0,0,0,0.14),0px 1px 3px 0px rgba(0,0,0,0.12);&quot;[39m
                [36m&gt;[39m
                  [36m&lt;a[39m
                    [33mclass[39m=[32m&quot;MuiButtonBase-root MuiCardActionArea-root css-1vpvro0-MuiButtonBase-root-MuiCardActionArea-root&quot;[39m
                    [33mhref[39m=[32m&quot;/spotify/manage-playlists&quot;[39m
                    [33mtabindex[39m=[32m&quot;0&quot;[39m
                  [36m&gt;[39m
                    [36m&lt;div[39m
                      [33mclass[39m=[32m&quot;MuiCardContent-root css-wofrg8-MuiCardContent-root&quot;[39m
                    [36m&gt;[39m
                      [36m&lt;svg[39m
                        [33maria-hidden[39m=[32m&quot;true&quot;[39m
                        [33mclass[39m=[32m&quot;MuiSvgIcon-root MuiSvgIcon-fontSizeMedium css-dskzcr-MuiSvgIcon-root&quot;[39m
                        [33mdata-testid[39m=[32m&quot;PlaylistPlayIcon&quot;[39m
                        [33mfocusable[39m=[32m&quot;false&quot;[39m
                        [33mviewBox[39m=[32m&quot;0 0 24 24&quot;[39m
                      [36m&gt;[39m
                        [36m&lt;path[39m
                          [33md[39m=[32m&quot;M3 10h11v2H3zm0-4h11v2H3zm0 8h7v2H3zm13-1v8l6-4z&quot;[39m
                        [36m/&gt;[39m
                      [36m&lt;/svg&gt;[39m
                      [36m&lt;h6[39m
                        [33mclass[39m=[32m&quot;MuiTypography-root MuiTypography-h6 css-1do8cl8-MuiTypography-root&quot;[39m
                      [36m&gt;[39m
                        [0mPlaylists &amp; Albums[0m
                      [36m&lt;/h6&gt;[39m
                      [36m&lt;p[39m
                        [33mclass[39m=[32m&quot;MuiTypography-root MuiTypography-body2 css-1wle3ir-MuiTypography-root&quot;[39m
                      [36m&gt;[39m
                        [0mManage your Spotify playlists and albums synchronization[0m
                      [36m&lt;/p&gt;[39m
                    [36m&lt;/div&gt;[39m
                    [36m&lt;span[39m
                      [33mclass[39m=[32m&quot;MuiCardActionArea-focusHighlight css-1h5un5t-MuiCardActionArea-focusHighlight&quot;[39m
                    [36m/&gt;[39m
                  [36m&lt;/a&gt;[39m
                [36m&lt;/div&gt;[39m
              [36m&lt;/div&gt;[39m
              [36m&lt;div[39m
                [33mclass[39m=[32m&quot;MuiGrid2-root MuiGrid2-direction-xs-row MuiGrid2-grid-xs-12 MuiGrid2-grid-sm-6 css-1lu792j-MuiGrid2-root&quot;[39m
              [36m&gt;[39m
                [36m&lt;div[39m
                  [33mclass[39m=[32m&quot;MuiPaper-root MuiPaper-elevation MuiPaper-rounded MuiPaper-elevation1 MuiCard-root css-1j74uew-MuiPaper-root-MuiCard-root&quot;[39m
                  [33mstyle[39m=[32m&quot;--Paper-shadow: 0px 2px 1px -1px rgba(0,0,0,0.2),0px 1px 1px 0px rgba(0,0,0,0.14),0px 1px 3px 0px rgba(0,0,0,0.12);&quot;[39m
                [36m&gt;[39m
                  [36m&lt;a[39m
                    [33mclass[39m=[32m&quot;MuiButtonBase-root MuiCardActionArea-root css-1vpvro0-MuiButtonBase-root-MuiCardActionArea-root&quot;[39m
                    [33mhref[39m=[32m&quot;/spotify/manage-users&quot;[39m
                    [33mtabindex[39m=[32m&quot;0&quot;[39m
                  [36m&gt;[39m
                    [36m&lt;div[39m
                      [33mclass[39m=[32m&quot;MuiCardContent-root css-wofrg8-MuiCardContent-root&quot;[39m
                    [36m&gt;[39m
                      [36m&lt;svg[39m
                        [33maria-hidden[39m=[32m&quot;true&quot;[39m
                        [33mclass[39m=[32m&quot;MuiSvgIcon-root MuiSvgIcon-fontSizeMedium css-dskzcr-MuiSvgIcon-root&quot;[39m
                        [33mdata-testid[39m=[32m&quot;PeopleIcon&quot;[39m
                        [33mfocusable[39m=[32m&quot;false&quot;[39m
                        [33mviewBox[39m=[32m&quot;0 0 24 24&quot;[39m
                      [36m&gt;[39m
                        [36m&lt;path[39m
                          [33md[39m=[32m&quot;M16 11c1.66 0 2.99-1.34 2.99-3S17.66 5 16 5s-3 1.34-3 3 1.34 3 3 3m-8 0c1.66 0 2.99-1.34 2.99-3S9.66 5 8 5 5 6.34 5 8s1.34 3 3 3m0 2c-2.33 0-7 1.17-7 3.5V19h14v-2.5c0-2.33-4.67-3.5-7-3.5m8 0c-.29 0-.62.02-.97.05 1.16.84 1.97 1.97 1.97 3.45V19h6v-2.5c0-2.33-4.67-3.5-7-3.5&quot;[39m
                        [36m/&gt;[39m
                      [36m&lt;/svg&gt;[39m
                      [36m&lt;h6[39m
                        [33mclass[39m=[32m&quot;MuiTypography-root MuiTypography-h6 css-1do8cl8-MuiTypography-root&quot;[39m
                      [36m&gt;[39m
                        [0mUsers[0m
                      [36m&lt;/h6&gt;[39m
                      [36m&lt;p[39m
                        [33mclass[39m=[32m&quot;MuiTypography-root MuiTypography-body2 css-1wle3ir-MuiTypography-root&quot;[39m
                      [36m&gt;[39m
                        [0mManage Spotify user connections[0m
                      [36m&lt;/p&gt;[39m
                    [36m&lt;/div&gt;[39m
                    [36m&lt;span[39m
                      [33m..." type="TestingLibraryElementError">
TestingLibraryElementError: Found multiple elements with the text: Spotify to Plex

Here are the matching elements:

Ignored nodes: comments, script, style
&lt;title&gt;
  Spotify to Plex
&lt;/title&gt;

Ignored nodes: comments, script, style
&lt;h4
  class=&quot;MuiTypography-root MuiTypography-h4 css-10jnrrx-MuiTypography-root&quot;
&gt;
  Spotify to Plex
&lt;/h4&gt;

(If this is intentional, then use the `*AllBy*` variant of the query (like `queryAllByText`, `getAllByText`, or `findAllByText`)).

Ignored nodes: comments, script, style
&lt;body&gt;
  &lt;div&gt;
    &lt;title&gt;
      Spotify to Plex
    &lt;/title&gt;
    &lt;div
      data-testid=&quot;main-layout&quot;
    &gt;
      &lt;div
        class=&quot;MuiContainer-root MuiContainer-maxWidthLg css-5c1adp-MuiContainer-root&quot;
      &gt;
        &lt;div
          data-testid=&quot;logo&quot;
        &gt;
          Spotify to Plex Logo
        &lt;/div&gt;
        &lt;div
          class=&quot;MuiPaper-root MuiPaper-elevation MuiPaper-rounded MuiPaper-elevation0 css-1d9mdp6-MuiPaper-root&quot;
          style=&quot;--Paper-shadow: none;&quot;
        &gt;
          &lt;h4
            class=&quot;MuiTypography-root MuiTypography-h4 css-10jnrrx-MuiTypography-root&quot;
          &gt;
            Spotify to Plex
          &lt;/h4&gt;
          &lt;p
            class=&quot;MuiTypography-root MuiTypography-body1 css-109w83r-MuiTypography-root&quot;
          &gt;
            Manage your Spotify connections, synchronization settings, and view system logs.
          &lt;/p&gt;
          &lt;div
            class=&quot;MuiGrid2-root MuiGrid2-container MuiGrid2-direction-xs-row MuiGrid2-spacing-xs-2 css-ubb9a5-MuiGrid2-root&quot;
          &gt;
            &lt;div
              class=&quot;MuiGrid2-root MuiGrid2-direction-xs-row MuiGrid2-grid-xs-12 MuiGrid2-grid-sm-6 css-1lu792j-MuiGrid2-root&quot;
            &gt;
              &lt;div
                class=&quot;MuiPaper-root MuiPaper-elevation MuiPaper-rounded MuiPaper-elevation1 MuiCard-root css-1j74uew-MuiPaper-root-MuiCard-root&quot;
                style=&quot;--Paper-shadow: 0px 2px 1px -1px rgba(0,0,0,0.2),0px 1px 1px 0px rgba(0,0,0,0.14),0px 1px 3px 0px rgba(0,0,0,0.12);&quot;
              &gt;
                &lt;a
                  class=&quot;MuiButtonBase-root MuiCardActionArea-root css-1vpvro0-MuiButtonBase-root-MuiCardActionArea-root&quot;
                  href=&quot;/spotify/manage-playlists&quot;
                  tabindex=&quot;0&quot;
                &gt;
                  &lt;div
                    class=&quot;MuiCardContent-root css-wofrg8-MuiCardContent-root&quot;
                  &gt;
                    &lt;svg
                      aria-hidden=&quot;true&quot;
                      class=&quot;MuiSvgIcon-root MuiSvgIcon-fontSizeMedium css-dskzcr-MuiSvgIcon-root&quot;
                      data-testid=&quot;PlaylistPlayIcon&quot;
                      focusable=&quot;false&quot;
                      viewBox=&quot;0 0 24 24&quot;
                    &gt;
                      &lt;path
                        d=&quot;M3 10h11v2H3zm0-4h11v2H3zm0 8h7v2H3zm13-1v8l6-4z&quot;
                      /&gt;
                    &lt;/svg&gt;
                    &lt;h6
                      class=&quot;MuiTypography-root MuiTypography-h6 css-1do8cl8-MuiTypography-root&quot;
                    &gt;
                      Playlists &amp; Albums
                    &lt;/h6&gt;
                    &lt;p
                      class=&quot;MuiTypography-root MuiTypography-body2 css-1wle3ir-MuiTypography-root&quot;
                    &gt;
                      Manage your Spotify playlists and albums synchronization
                    &lt;/p&gt;
                  &lt;/div&gt;
                  &lt;span
                    class=&quot;MuiCardActionArea-focusHighlight css-1h5un5t-MuiCardActionArea-focusHighlight&quot;
                  /&gt;
                &lt;/a&gt;
              &lt;/div&gt;
            &lt;/div&gt;
            &lt;div
              class=&quot;MuiGrid2-root MuiGrid2-direction-xs-row MuiGrid2-grid-xs-12 MuiGrid2-grid-sm-6 css-1lu792j-MuiGrid2-root&quot;
            &gt;
              &lt;div
                class=&quot;MuiPaper-root MuiPaper-elevation MuiPaper-rounded MuiPaper-elevation1 MuiCard-root css-1j74uew-MuiPaper-root-MuiCard-root&quot;
                style=&quot;--Paper-shadow: 0px 2px 1px -1px rgba(0,0,0,0.2),0px 1px 1px 0px rgba(0,0,0,0.14),0px 1px 3px 0px rgba(0,0,0,0.12);&quot;
              &gt;
                &lt;a
                  class=&quot;MuiButtonBase-root MuiCardActionArea-root css-1vpvro0-MuiButtonBase-root-MuiCardActionArea-root&quot;
                  href=&quot;/spotify/manage-users&quot;
                  tabindex=&quot;0&quot;
                &gt;
                  &lt;div
                    class=&quot;MuiCardContent-root css-wofrg8-MuiCardContent-root&quot;
                  &gt;
                    &lt;svg
                      aria-hidden=&quot;true&quot;
                      class=&quot;MuiSvgIcon-root MuiSvgIcon-fontSizeMedium css-dskzcr-MuiSvgIcon-root&quot;
                      data-testid=&quot;PeopleIcon&quot;
                      focusable=&quot;false&quot;
                      viewBox=&quot;0 0 24 24&quot;
                    &gt;
                      &lt;path
                        d=&quot;M16 11c1.66 0 2.99-1.34 2.99-3S17.66 5 16 5s-3 1.34-3 3 1.34 3 3 3m-8 0c1.66 0 2.99-1.34 2.99-3S9.66 5 8 5 5 6.34 5 8s1.34 3 3 3m0 2c-2.33 0-7 1.17-7 3.5V19h14v-2.5c0-2.33-4.67-3.5-7-3.5m8 0c-.29 0-.62.02-.97.05 1.16.84 1.97 1.97 1.97 3.45V19h6v-2.5c0-2.33-4.67-3.5-7-3.5&quot;
                      /&gt;
                    &lt;/svg&gt;
                    &lt;h6
                      class=&quot;MuiTypography-root MuiTypography-h6 css-1do8cl8-MuiTypography-root&quot;
                    &gt;
                      Users
                    &lt;/h6&gt;
                    &lt;p
                      class=&quot;MuiTypography-root MuiTypography-body2 css-1wle3ir-MuiTypography-root&quot;
                    &gt;
                      Manage Spotify user connections
                    &lt;/p&gt;
                  &lt;/div&gt;
                  &lt;span
                    class=&quot;MuiCardActionArea-focusHighlight css-1h5un5t-MuiCardActionArea-focusHighlight&quot;
                  /&gt;
                &lt;/a&gt;
              &lt;/div&gt;
            &lt;/div&gt;
            &lt;div
              class=&quot;MuiGrid2-root MuiGrid2-direction-xs-row MuiGrid2-grid-xs-12 MuiGrid2-grid-sm-6 css-1lu792j-MuiGrid2-root&quot;
            &gt;[...

Ignored nodes: comments, script, style
&lt;html&gt;
  &lt;head&gt;
    &lt;meta
      content=&quot;&quot;
      name=&quot;emotion-insertion-point&quot;
    /&gt;
  &lt;/head&gt;
  &lt;body&gt;
    &lt;div&gt;
      &lt;title&gt;
        Spotify to Plex
      &lt;/title&gt;
      &lt;div
        data-testid=&quot;main-layout&quot;
      &gt;
        &lt;div
          class=&quot;MuiContainer-root MuiContainer-maxWidthLg css-5c1adp-MuiContainer-root&quot;
        &gt;
          &lt;div
            data-testid=&quot;logo&quot;
          &gt;
            Spotify to Plex Logo
          &lt;/div&gt;
          &lt;div
            class=&quot;MuiPaper-root MuiPaper-elevation MuiPaper-rounded MuiPaper-elevation0 css-1d9mdp6-MuiPaper-root&quot;
            style=&quot;--Paper-shadow: none;&quot;
          &gt;
            &lt;h4
              class=&quot;MuiTypography-root MuiTypography-h4 css-10jnrrx-MuiTypography-root&quot;
            &gt;
              Spotify to Plex
            &lt;/h4&gt;
            &lt;p
              class=&quot;MuiTypography-root MuiTypography-body1 css-109w83r-MuiTypography-root&quot;
            &gt;
              Manage your Spotify connections, synchronization settings, and view system logs.
            &lt;/p&gt;
            &lt;div
              class=&quot;MuiGrid2-root MuiGrid2-container MuiGrid2-direction-xs-row MuiGrid2-spacing-xs-2 css-ubb9a5-MuiGrid2-root&quot;
            &gt;
              &lt;div
                class=&quot;MuiGrid2-root MuiGrid2-direction-xs-row MuiGrid2-grid-xs-12 MuiGrid2-grid-sm-6 css-1lu792j-MuiGrid2-root&quot;
              &gt;
                &lt;div
                  class=&quot;MuiPaper-root MuiPaper-elevation MuiPaper-rounded MuiPaper-elevation1 MuiCard-root css-1j74uew-MuiPaper-root-MuiCard-root&quot;
                  style=&quot;--Paper-shadow: 0px 2px 1px -1px rgba(0,0,0,0.2),0px 1px 1px 0px rgba(0,0,0,0.14),0px 1px 3px 0px rgba(0,0,0,0.12);&quot;
                &gt;
                  &lt;a
                    class=&quot;MuiButtonBase-root MuiCardActionArea-root css-1vpvro0-MuiButtonBase-root-MuiCardActionArea-root&quot;
                    href=&quot;/spotify/manage-playlists&quot;
                    tabindex=&quot;0&quot;
                  &gt;
                    &lt;div
                      class=&quot;MuiCardContent-root css-wofrg8-MuiCardContent-root&quot;
                    &gt;
                      &lt;svg
                        aria-hidden=&quot;true&quot;
                        class=&quot;MuiSvgIcon-root MuiSvgIcon-fontSizeMedium css-dskzcr-MuiSvgIcon-root&quot;
                        data-testid=&quot;PlaylistPlayIcon&quot;
                        focusable=&quot;false&quot;
                        viewBox=&quot;0 0 24 24&quot;
                      &gt;
                        &lt;path
                          d=&quot;M3 10h11v2H3zm0-4h11v2H3zm0 8h7v2H3zm13-1v8l6-4z&quot;
                        /&gt;
                      &lt;/svg&gt;
                      &lt;h6
                        class=&quot;MuiTypography-root MuiTypography-h6 css-1do8cl8-MuiTypography-root&quot;
                      &gt;
                        Playlists &amp; Albums
                      &lt;/h6&gt;
                      &lt;p
                        class=&quot;MuiTypography-root MuiTypography-body2 css-1wle3ir-MuiTypography-root&quot;
                      &gt;
                        Manage your Spotify playlists and albums synchronization
                      &lt;/p&gt;
                    &lt;/div&gt;
                    &lt;span
                      class=&quot;MuiCardActionArea-focusHighlight css-1h5un5t-MuiCardActionArea-focusHighlight&quot;
                    /&gt;
                  &lt;/a&gt;
                &lt;/div&gt;
              &lt;/div&gt;
              &lt;div
                class=&quot;MuiGrid2-root MuiGrid2-direction-xs-row MuiGrid2-grid-xs-12 MuiGrid2-grid-sm-6 css-1lu792j-MuiGrid2-root&quot;
              &gt;
                &lt;div
                  class=&quot;MuiPaper-root MuiPaper-elevation MuiPaper-rounded MuiPaper-elevation1 MuiCard-root css-1j74uew-MuiPaper-root-MuiCard-root&quot;
                  style=&quot;--Paper-shadow: 0px 2px 1px -1px rgba(0,0,0,0.2),0px 1px 1px 0px rgba(0,0,0,0.14),0px 1px 3px 0px rgba(0,0,0,0.12);&quot;
                &gt;
                  &lt;a
                    class=&quot;MuiButtonBase-root MuiCardActionArea-root css-1vpvro0-MuiButtonBase-root-MuiCardActionArea-root&quot;
                    href=&quot;/spotify/manage-users&quot;
                    tabindex=&quot;0&quot;
                  &gt;
                    &lt;div
                      class=&quot;MuiCardContent-root css-wofrg8-MuiCardContent-root&quot;
                    &gt;
                      &lt;svg
                        aria-hidden=&quot;true&quot;
                        class=&quot;MuiSvgIcon-root MuiSvgIcon-fontSizeMedium css-dskzcr-MuiSvgIcon-root&quot;
                        data-testid=&quot;PeopleIcon&quot;
                        focusable=&quot;false&quot;
                        viewBox=&quot;0 0 24 24&quot;
                      &gt;
                        &lt;path
                          d=&quot;M16 11c1.66 0 2.99-1.34 2.99-3S17.66 5 16 5s-3 1.34-3 3 1.34 3 3 3m-8 0c1.66 0 2.99-1.34 2.99-3S9.66 5 8 5 5 6.34 5 8s1.34 3 3 3m0 2c-2.33 0-7 1.17-7 3.5V19h14v-2.5c0-2.33-4.67-3.5-7-3.5m8 0c-.29 0-.62.02-.97.05 1.16.84 1.97 1.97 1.97 3.45V19h6v-2.5c0-2.33-4.67-3.5-7-3.5&quot;
                        /&gt;
                      &lt;/svg&gt;
                      &lt;h6
                        class=&quot;MuiTypography-root MuiTypography-h6 css-1do8cl8-MuiTypography-root&quot;
                      &gt;
                        Users
                      &lt;/h6&gt;
                      &lt;p
                        class=&quot;MuiTypography-root MuiTypography-body2 css-1wle3ir-MuiTypography-root&quot;
                      &gt;
                        Manage Spotify user connections
                      &lt;/p&gt;
                    &lt;/div&gt;
                    &lt;span
                      ...
 ❯ Module.waitForWrapper ../../node_modules/.pnpm/@testing-library+dom@10.4.1/node_modules/@testing-library/dom/dist/wait-for.js:163:27
 ❯ __tests__/pages/index.test.tsx:404:19
            </failure>
        </testcase>
        <testcase classname="__tests__/pages/index.test.tsx" name="Index Page &gt; State Management &gt; should handle loading state changes correctly" time="1.047537961">
            <failure message="Found multiple elements with the text: Spotify to Plex

Here are the matching elements:

Ignored nodes: comments, script, style
[36m&lt;title&gt;[39m
  [0mSpotify to Plex[0m
[36m&lt;/title&gt;[39m

Ignored nodes: comments, script, style
[36m&lt;h4[39m
  [33mclass[39m=[32m&quot;MuiTypography-root MuiTypography-h4 css-10jnrrx-MuiTypography-root&quot;[39m
[36m&gt;[39m
  [0mSpotify to Plex[0m
[36m&lt;/h4&gt;[39m

(If this is intentional, then use the `*AllBy*` variant of the query (like `queryAllByText`, `getAllByText`, or `findAllByText`)).

Ignored nodes: comments, script, style
[36m&lt;body&gt;[39m
  [36m&lt;div&gt;[39m
    [36m&lt;title&gt;[39m
      [0mSpotify to Plex[0m
    [36m&lt;/title&gt;[39m
    [36m&lt;div[39m
      [33mdata-testid[39m=[32m&quot;main-layout&quot;[39m
    [36m&gt;[39m
      [36m&lt;div[39m
        [33mclass[39m=[32m&quot;MuiContainer-root MuiContainer-maxWidthLg css-5c1adp-MuiContainer-root&quot;[39m
      [36m&gt;[39m
        [36m&lt;div[39m
          [33mdata-testid[39m=[32m&quot;logo&quot;[39m
        [36m&gt;[39m
          [0mSpotify to Plex Logo[0m
        [36m&lt;/div&gt;[39m
        [36m&lt;div[39m
          [33mclass[39m=[32m&quot;MuiPaper-root MuiPaper-elevation MuiPaper-rounded MuiPaper-elevation0 css-1d9mdp6-MuiPaper-root&quot;[39m
          [33mstyle[39m=[32m&quot;--Paper-shadow: none;&quot;[39m
        [36m&gt;[39m
          [36m&lt;h4[39m
            [33mclass[39m=[32m&quot;MuiTypography-root MuiTypography-h4 css-10jnrrx-MuiTypography-root&quot;[39m
          [36m&gt;[39m
            [0mSpotify to Plex[0m
          [36m&lt;/h4&gt;[39m
          [36m&lt;p[39m
            [33mclass[39m=[32m&quot;MuiTypography-root MuiTypography-body1 css-109w83r-MuiTypography-root&quot;[39m
          [36m&gt;[39m
            [0mManage your Spotify connections, synchronization settings, and view system logs.[0m
          [36m&lt;/p&gt;[39m
          [36m&lt;div[39m
            [33mclass[39m=[32m&quot;MuiGrid2-root MuiGrid2-container MuiGrid2-direction-xs-row MuiGrid2-spacing-xs-2 css-ubb9a5-MuiGrid2-root&quot;[39m
          [36m&gt;[39m
            [36m&lt;div[39m
              [33mclass[39m=[32m&quot;MuiGrid2-root MuiGrid2-direction-xs-row MuiGrid2-grid-xs-12 MuiGrid2-grid-sm-6 css-1lu792j-MuiGrid2-root&quot;[39m
            [36m&gt;[39m
              [36m&lt;div[39m
                [33mclass[39m=[32m&quot;MuiPaper-root MuiPaper-elevation MuiPaper-rounded MuiPaper-elevation1 MuiCard-root css-1j74uew-MuiPaper-root-MuiCard-root&quot;[39m
                [33mstyle[39m=[32m&quot;--Paper-shadow: 0px 2px 1px -1px rgba(0,0,0,0.2),0px 1px 1px 0px rgba(0,0,0,0.14),0px 1px 3px 0px rgba(0,0,0,0.12);&quot;[39m
              [36m&gt;[39m
                [36m&lt;a[39m
                  [33mclass[39m=[32m&quot;MuiButtonBase-root MuiCardActionArea-root css-1vpvro0-MuiButtonBase-root-MuiCardActionArea-root&quot;[39m
                  [33mhref[39m=[32m&quot;/spotify/manage-playlists&quot;[39m
                  [33mtabindex[39m=[32m&quot;0&quot;[39m
                [36m&gt;[39m
                  [36m&lt;div[39m
                    [33mclass[39m=[32m&quot;MuiCardContent-root css-wofrg8-MuiCardContent-root&quot;[39m
                  [36m&gt;[39m
                    [36m&lt;svg[39m
                      [33maria-hidden[39m=[32m&quot;true&quot;[39m
                      [33mclass[39m=[32m&quot;MuiSvgIcon-root MuiSvgIcon-fontSizeMedium css-dskzcr-MuiSvgIcon-root&quot;[39m
                      [33mdata-testid[39m=[32m&quot;PlaylistPlayIcon&quot;[39m
                      [33mfocusable[39m=[32m&quot;false&quot;[39m
                      [33mviewBox[39m=[32m&quot;0 0 24 24&quot;[39m
                    [36m&gt;[39m
                      [36m&lt;path[39m
                        [33md[39m=[32m&quot;M3 10h11v2H3zm0-4h11v2H3zm0 8h7v2H3zm13-1v8l6-4z&quot;[39m
                      [36m/&gt;[39m
                    [36m&lt;/svg&gt;[39m
                    [36m&lt;h6[39m
                      [33mclass[39m=[32m&quot;MuiTypography-root MuiTypography-h6 css-1do8cl8-MuiTypography-root&quot;[39m
                    [36m&gt;[39m
                      [0mPlaylists &amp; Albums[0m
                    [36m&lt;/h6&gt;[39m
                    [36m&lt;p[39m
                      [33mclass[39m=[32m&quot;MuiTypography-root MuiTypography-body2 css-1wle3ir-MuiTypography-root&quot;[39m
                    [36m&gt;[39m
                      [0mManage your Spotify playlists and albums synchronization[0m
                    [36m&lt;/p&gt;[39m
                  [36m&lt;/div&gt;[39m
                  [36m&lt;span[39m
                    [33mclass[39m=[32m&quot;MuiCardActionArea-focusHighlight css-1h5un5t-MuiCardActionArea-focusHighlight&quot;[39m
                  [36m/&gt;[39m
                [36m&lt;/a&gt;[39m
              [36m&lt;/div&gt;[39m
            [36m&lt;/div&gt;[39m
            [36m&lt;div[39m
              [33mclass[39m=[32m&quot;MuiGrid2-root MuiGrid2-direction-xs-row MuiGrid2-grid-xs-12 MuiGrid2-grid-sm-6 css-1lu792j-MuiGrid2-root&quot;[39m
            [36m&gt;[39m
              [36m&lt;div[39m
                [33mclass[39m=[32m&quot;MuiPaper-root MuiPaper-elevation MuiPaper-rounded MuiPaper-elevation1 MuiCard-root css-1j74uew-MuiPaper-root-MuiCard-root&quot;[39m
                [33mstyle[39m=[32m&quot;--Paper-shadow: 0px 2px 1px -1px rgba(0,0,0,0.2),0px 1px 1px 0px rgba(0,0,0,0.14),0px 1px 3px 0px rgba(0,0,0,0.12);&quot;[39m
              [36m&gt;[39m
                [36m&lt;a[39m
                  [33mclass[39m=[32m&quot;MuiButtonBase-root MuiCardActionArea-root css-1vpvro0-MuiButtonBase-root-MuiCardActionArea-root&quot;[39m
                  [33mhref[39m=[32m&quot;/spotify/manage-users&quot;[39m
                  [33mtabindex[39m=[32m&quot;0&quot;[39m
                [36m&gt;[39m
                  [36m&lt;div[39m
                    [33mclass[39m=[32m&quot;MuiCardContent-root css-wofrg8-MuiCardContent-root&quot;[39m
                  [36m&gt;[39m
                    [36m&lt;svg[39m
                      [33maria-hidden[39m=[32m&quot;true&quot;[39m
                      [33mclass[39m=[32m&quot;MuiSvgIcon-root MuiSvgIcon-fontSizeMedium css-dskzcr-MuiSvgIcon-root&quot;[39m
                      [33mdata-testid[39m=[32m&quot;PeopleIcon&quot;[39m
                      [33mfocusable[39m=[32m&quot;false&quot;[39m
                      [33mviewBox[39m=[32m&quot;0 0 24 24&quot;[39m
                    [36m&gt;[39m
                      [36m&lt;path[39m
                        [33md[39m=[32m&quot;M16 11c1.66 0 2.99-1.34 2.99-3S17.66 5 16 5s-3 1.34-3 3 1.34 3 3 3m-8 0c1.66 0 2.99-1.34 2.99-3S9.66 5 8 5 5 6.34 5 8s1.34 3 3 3m0 2c-2.33 0-7 1.17-7 3.5V19h14v-2.5c0-2.33-4.67-3.5-7-3.5m8 0c-.29 0-.62.02-.97.05 1.16.84 1.97 1.97 1.97 3.45V19h6v-2.5c0-2.33-4.67-3.5-7-3.5&quot;[39m
                      [36m/&gt;[39m
                    [36m&lt;/svg&gt;[39m
                    [36m&lt;h6[39m
                      [33mclass[39m=[32m&quot;MuiTypography-root MuiTypography-h6 css-1do8cl8-MuiTypography-root&quot;[39m
                    [36m&gt;[39m
                      [0mUsers[0m
                    [36m&lt;/h6&gt;[39m
                    [36m&lt;p[39m
                      [33mclass[39m=[32m&quot;MuiTypography-root MuiTypography-body2 css-1wle3ir-MuiTypography-root&quot;[39m
                    [36m&gt;[39m
                      [0mManage Spotify user connections[0m
                    [36m&lt;/p&gt;[39m
                  [36m&lt;/div&gt;[39m
                  [36m&lt;span[39m
                    [33mclass[39m=[32m&quot;MuiCardActionArea-focusHighlight css-1h5un5t-MuiCardActionArea-focusHighlight&quot;[39m
                  [36m/&gt;[39m
                [36m&lt;/a&gt;[39m
              [36m&lt;/div&gt;[39m
            [36m&lt;/div&gt;[39m
            [36m&lt;div[39m
              [33mclass[39m=[32m&quot;MuiGrid2-root MuiGrid2-direction-xs-row MuiGrid2-grid-xs-12 MuiGrid2-grid-sm-6 css-1lu792j-MuiGrid2-root&quot;[39m
            [36m&gt;[...

Ignored nodes: comments, script, style
[36m&lt;html&gt;[39m
  [36m&lt;head&gt;[39m
    [36m&lt;meta[39m
      [33mcontent[39m=[32m&quot;&quot;[39m
      [33mname[39m=[32m&quot;emotion-insertion-point&quot;[39m
    [36m/&gt;[39m
  [36m&lt;/head&gt;[39m
  [36m&lt;body&gt;[39m
    [36m&lt;div&gt;[39m
      [36m&lt;title&gt;[39m
        [0mSpotify to Plex[0m
      [36m&lt;/title&gt;[39m
      [36m&lt;div[39m
        [33mdata-testid[39m=[32m&quot;main-layout&quot;[39m
      [36m&gt;[39m
        [36m&lt;div[39m
          [33mclass[39m=[32m&quot;MuiContainer-root MuiContainer-maxWidthLg css-5c1adp-MuiContainer-root&quot;[39m
        [36m&gt;[39m
          [36m&lt;div[39m
            [33mdata-testid[39m=[32m&quot;logo&quot;[39m
          [36m&gt;[39m
            [0mSpotify to Plex Logo[0m
          [36m&lt;/div&gt;[39m
          [36m&lt;div[39m
            [33mclass[39m=[32m&quot;MuiPaper-root MuiPaper-elevation MuiPaper-rounded MuiPaper-elevation0 css-1d9mdp6-MuiPaper-root&quot;[39m
            [33mstyle[39m=[32m&quot;--Paper-shadow: none;&quot;[39m
          [36m&gt;[39m
            [36m&lt;h4[39m
              [33mclass[39m=[32m&quot;MuiTypography-root MuiTypography-h4 css-10jnrrx-MuiTypography-root&quot;[39m
            [36m&gt;[39m
              [0mSpotify to Plex[0m
            [36m&lt;/h4&gt;[39m
            [36m&lt;p[39m
              [33mclass[39m=[32m&quot;MuiTypography-root MuiTypography-body1 css-109w83r-MuiTypography-root&quot;[39m
            [36m&gt;[39m
              [0mManage your Spotify connections, synchronization settings, and view system logs.[0m
            [36m&lt;/p&gt;[39m
            [36m&lt;div[39m
              [33mclass[39m=[32m&quot;MuiGrid2-root MuiGrid2-container MuiGrid2-direction-xs-row MuiGrid2-spacing-xs-2 css-ubb9a5-MuiGrid2-root&quot;[39m
            [36m&gt;[39m
              [36m&lt;div[39m
                [33mclass[39m=[32m&quot;MuiGrid2-root MuiGrid2-direction-xs-row MuiGrid2-grid-xs-12 MuiGrid2-grid-sm-6 css-1lu792j-MuiGrid2-root&quot;[39m
              [36m&gt;[39m
                [36m&lt;div[39m
                  [33mclass[39m=[32m&quot;MuiPaper-root MuiPaper-elevation MuiPaper-rounded MuiPaper-elevation1 MuiCard-root css-1j74uew-MuiPaper-root-MuiCard-root&quot;[39m
                  [33mstyle[39m=[32m&quot;--Paper-shadow: 0px 2px 1px -1px rgba(0,0,0,0.2),0px 1px 1px 0px rgba(0,0,0,0.14),0px 1px 3px 0px rgba(0,0,0,0.12);&quot;[39m
                [36m&gt;[39m
                  [36m&lt;a[39m
                    [33mclass[39m=[32m&quot;MuiButtonBase-root MuiCardActionArea-root css-1vpvro0-MuiButtonBase-root-MuiCardActionArea-root&quot;[39m
                    [33mhref[39m=[32m&quot;/spotify/manage-playlists&quot;[39m
                    [33mtabindex[39m=[32m&quot;0&quot;[39m
                  [36m&gt;[39m
                    [36m&lt;div[39m
                      [33mclass[39m=[32m&quot;MuiCardContent-root css-wofrg8-MuiCardContent-root&quot;[39m
                    [36m&gt;[39m
                      [36m&lt;svg[39m
                        [33maria-hidden[39m=[32m&quot;true&quot;[39m
                        [33mclass[39m=[32m&quot;MuiSvgIcon-root MuiSvgIcon-fontSizeMedium css-dskzcr-MuiSvgIcon-root&quot;[39m
                        [33mdata-testid[39m=[32m&quot;PlaylistPlayIcon&quot;[39m
                        [33mfocusable[39m=[32m&quot;false&quot;[39m
                        [33mviewBox[39m=[32m&quot;0 0 24 24&quot;[39m
                      [36m&gt;[39m
                        [36m&lt;path[39m
                          [33md[39m=[32m&quot;M3 10h11v2H3zm0-4h11v2H3zm0 8h7v2H3zm13-1v8l6-4z&quot;[39m
                        [36m/&gt;[39m
                      [36m&lt;/svg&gt;[39m
                      [36m&lt;h6[39m
                        [33mclass[39m=[32m&quot;MuiTypography-root MuiTypography-h6 css-1do8cl8-MuiTypography-root&quot;[39m
                      [36m&gt;[39m
                        [0mPlaylists &amp; Albums[0m
                      [36m&lt;/h6&gt;[39m
                      [36m&lt;p[39m
                        [33mclass[39m=[32m&quot;MuiTypography-root MuiTypography-body2 css-1wle3ir-MuiTypography-root&quot;[39m
                      [36m&gt;[39m
                        [0mManage your Spotify playlists and albums synchronization[0m
                      [36m&lt;/p&gt;[39m
                    [36m&lt;/div&gt;[39m
                    [36m&lt;span[39m
                      [33mclass[39m=[32m&quot;MuiCardActionArea-focusHighlight css-1h5un5t-MuiCardActionArea-focusHighlight&quot;[39m
                    [36m/&gt;[39m
                  [36m&lt;/a&gt;[39m
                [36m&lt;/div&gt;[39m
              [36m&lt;/div&gt;[39m
              [36m&lt;div[39m
                [33mclass[39m=[32m&quot;MuiGrid2-root MuiGrid2-direction-xs-row MuiGrid2-grid-xs-12 MuiGrid2-grid-sm-6 css-1lu792j-MuiGrid2-root&quot;[39m
              [36m&gt;[39m
                [36m&lt;div[39m
                  [33mclass[39m=[32m&quot;MuiPaper-root MuiPaper-elevation MuiPaper-rounded MuiPaper-elevation1 MuiCard-root css-1j74uew-MuiPaper-root-MuiCard-root&quot;[39m
                  [33mstyle[39m=[32m&quot;--Paper-shadow: 0px 2px 1px -1px rgba(0,0,0,0.2),0px 1px 1px 0px rgba(0,0,0,0.14),0px 1px 3px 0px rgba(0,0,0,0.12);&quot;[39m
                [36m&gt;[39m
                  [36m&lt;a[39m
                    [33mclass[39m=[32m&quot;MuiButtonBase-root MuiCardActionArea-root css-1vpvro0-MuiButtonBase-root-MuiCardActionArea-root&quot;[39m
                    [33mhref[39m=[32m&quot;/spotify/manage-users&quot;[39m
                    [33mtabindex[39m=[32m&quot;0&quot;[39m
                  [36m&gt;[39m
                    [36m&lt;div[39m
                      [33mclass[39m=[32m&quot;MuiCardContent-root css-wofrg8-MuiCardContent-root&quot;[39m
                    [36m&gt;[39m
                      [36m&lt;svg[39m
                        [33maria-hidden[39m=[32m&quot;true&quot;[39m
                        [33mclass[39m=[32m&quot;MuiSvgIcon-root MuiSvgIcon-fontSizeMedium css-dskzcr-MuiSvgIcon-root&quot;[39m
                        [33mdata-testid[39m=[32m&quot;PeopleIcon&quot;[39m
                        [33mfocusable[39m=[32m&quot;false&quot;[39m
                        [33mviewBox[39m=[32m&quot;0 0 24 24&quot;[39m
                      [36m&gt;[39m
                        [36m&lt;path[39m
                          [33md[39m=[32m&quot;M16 11c1.66 0 2.99-1.34 2.99-3S17.66 5 16 5s-3 1.34-3 3 1.34 3 3 3m-8 0c1.66 0 2.99-1.34 2.99-3S9.66 5 8 5 5 6.34 5 8s1.34 3 3 3m0 2c-2.33 0-7 1.17-7 3.5V19h14v-2.5c0-2.33-4.67-3.5-7-3.5m8 0c-.29 0-.62.02-.97.05 1.16.84 1.97 1.97 1.97 3.45V19h6v-2.5c0-2.33-4.67-3.5-7-3.5&quot;[39m
                        [36m/&gt;[39m
                      [36m&lt;/svg&gt;[39m
                      [36m&lt;h6[39m
                        [33mclass[39m=[32m&quot;MuiTypography-root MuiTypography-h6 css-1do8cl8-MuiTypography-root&quot;[39m
                      [36m&gt;[39m
                        [0mUsers[0m
                      [36m&lt;/h6&gt;[39m
                      [36m&lt;p[39m
                        [33mclass[39m=[32m&quot;MuiTypography-root MuiTypography-body2 css-1wle3ir-MuiTypography-root&quot;[39m
                      [36m&gt;[39m
                        [0mManage Spotify user connections[0m
                      [36m&lt;/p&gt;[39m
                    [36m&lt;/div&gt;[39m
                    [36m&lt;span[39m
                      [33m..." type="TestingLibraryElementError">
TestingLibraryElementError: Found multiple elements with the text: Spotify to Plex

Here are the matching elements:

Ignored nodes: comments, script, style
&lt;title&gt;
  Spotify to Plex
&lt;/title&gt;

Ignored nodes: comments, script, style
&lt;h4
  class=&quot;MuiTypography-root MuiTypography-h4 css-10jnrrx-MuiTypography-root&quot;
&gt;
  Spotify to Plex
&lt;/h4&gt;

(If this is intentional, then use the `*AllBy*` variant of the query (like `queryAllByText`, `getAllByText`, or `findAllByText`)).

Ignored nodes: comments, script, style
&lt;body&gt;
  &lt;div&gt;
    &lt;title&gt;
      Spotify to Plex
    &lt;/title&gt;
    &lt;div
      data-testid=&quot;main-layout&quot;
    &gt;
      &lt;div
        class=&quot;MuiContainer-root MuiContainer-maxWidthLg css-5c1adp-MuiContainer-root&quot;
      &gt;
        &lt;div
          data-testid=&quot;logo&quot;
        &gt;
          Spotify to Plex Logo
        &lt;/div&gt;
        &lt;div
          class=&quot;MuiPaper-root MuiPaper-elevation MuiPaper-rounded MuiPaper-elevation0 css-1d9mdp6-MuiPaper-root&quot;
          style=&quot;--Paper-shadow: none;&quot;
        &gt;
          &lt;h4
            class=&quot;MuiTypography-root MuiTypography-h4 css-10jnrrx-MuiTypography-root&quot;
          &gt;
            Spotify to Plex
          &lt;/h4&gt;
          &lt;p
            class=&quot;MuiTypography-root MuiTypography-body1 css-109w83r-MuiTypography-root&quot;
          &gt;
            Manage your Spotify connections, synchronization settings, and view system logs.
          &lt;/p&gt;
          &lt;div
            class=&quot;MuiGrid2-root MuiGrid2-container MuiGrid2-direction-xs-row MuiGrid2-spacing-xs-2 css-ubb9a5-MuiGrid2-root&quot;
          &gt;
            &lt;div
              class=&quot;MuiGrid2-root MuiGrid2-direction-xs-row MuiGrid2-grid-xs-12 MuiGrid2-grid-sm-6 css-1lu792j-MuiGrid2-root&quot;
            &gt;
              &lt;div
                class=&quot;MuiPaper-root MuiPaper-elevation MuiPaper-rounded MuiPaper-elevation1 MuiCard-root css-1j74uew-MuiPaper-root-MuiCard-root&quot;
                style=&quot;--Paper-shadow: 0px 2px 1px -1px rgba(0,0,0,0.2),0px 1px 1px 0px rgba(0,0,0,0.14),0px 1px 3px 0px rgba(0,0,0,0.12);&quot;
              &gt;
                &lt;a
                  class=&quot;MuiButtonBase-root MuiCardActionArea-root css-1vpvro0-MuiButtonBase-root-MuiCardActionArea-root&quot;
                  href=&quot;/spotify/manage-playlists&quot;
                  tabindex=&quot;0&quot;
                &gt;
                  &lt;div
                    class=&quot;MuiCardContent-root css-wofrg8-MuiCardContent-root&quot;
                  &gt;
                    &lt;svg
                      aria-hidden=&quot;true&quot;
                      class=&quot;MuiSvgIcon-root MuiSvgIcon-fontSizeMedium css-dskzcr-MuiSvgIcon-root&quot;
                      data-testid=&quot;PlaylistPlayIcon&quot;
                      focusable=&quot;false&quot;
                      viewBox=&quot;0 0 24 24&quot;
                    &gt;
                      &lt;path
                        d=&quot;M3 10h11v2H3zm0-4h11v2H3zm0 8h7v2H3zm13-1v8l6-4z&quot;
                      /&gt;
                    &lt;/svg&gt;
                    &lt;h6
                      class=&quot;MuiTypography-root MuiTypography-h6 css-1do8cl8-MuiTypography-root&quot;
                    &gt;
                      Playlists &amp; Albums
                    &lt;/h6&gt;
                    &lt;p
                      class=&quot;MuiTypography-root MuiTypography-body2 css-1wle3ir-MuiTypography-root&quot;
                    &gt;
                      Manage your Spotify playlists and albums synchronization
                    &lt;/p&gt;
                  &lt;/div&gt;
                  &lt;span
                    class=&quot;MuiCardActionArea-focusHighlight css-1h5un5t-MuiCardActionArea-focusHighlight&quot;
                  /&gt;
                &lt;/a&gt;
              &lt;/div&gt;
            &lt;/div&gt;
            &lt;div
              class=&quot;MuiGrid2-root MuiGrid2-direction-xs-row MuiGrid2-grid-xs-12 MuiGrid2-grid-sm-6 css-1lu792j-MuiGrid2-root&quot;
            &gt;
              &lt;div
                class=&quot;MuiPaper-root MuiPaper-elevation MuiPaper-rounded MuiPaper-elevation1 MuiCard-root css-1j74uew-MuiPaper-root-MuiCard-root&quot;
                style=&quot;--Paper-shadow: 0px 2px 1px -1px rgba(0,0,0,0.2),0px 1px 1px 0px rgba(0,0,0,0.14),0px 1px 3px 0px rgba(0,0,0,0.12);&quot;
              &gt;
                &lt;a
                  class=&quot;MuiButtonBase-root MuiCardActionArea-root css-1vpvro0-MuiButtonBase-root-MuiCardActionArea-root&quot;
                  href=&quot;/spotify/manage-users&quot;
                  tabindex=&quot;0&quot;
                &gt;
                  &lt;div
                    class=&quot;MuiCardContent-root css-wofrg8-MuiCardContent-root&quot;
                  &gt;
                    &lt;svg
                      aria-hidden=&quot;true&quot;
                      class=&quot;MuiSvgIcon-root MuiSvgIcon-fontSizeMedium css-dskzcr-MuiSvgIcon-root&quot;
                      data-testid=&quot;PeopleIcon&quot;
                      focusable=&quot;false&quot;
                      viewBox=&quot;0 0 24 24&quot;
                    &gt;
                      &lt;path
                        d=&quot;M16 11c1.66 0 2.99-1.34 2.99-3S17.66 5 16 5s-3 1.34-3 3 1.34 3 3 3m-8 0c1.66 0 2.99-1.34 2.99-3S9.66 5 8 5 5 6.34 5 8s1.34 3 3 3m0 2c-2.33 0-7 1.17-7 3.5V19h14v-2.5c0-2.33-4.67-3.5-7-3.5m8 0c-.29 0-.62.02-.97.05 1.16.84 1.97 1.97 1.97 3.45V19h6v-2.5c0-2.33-4.67-3.5-7-3.5&quot;
                      /&gt;
                    &lt;/svg&gt;
                    &lt;h6
                      class=&quot;MuiTypography-root MuiTypography-h6 css-1do8cl8-MuiTypography-root&quot;
                    &gt;
                      Users
                    &lt;/h6&gt;
                    &lt;p
                      class=&quot;MuiTypography-root MuiTypography-body2 css-1wle3ir-MuiTypography-root&quot;
                    &gt;
                      Manage Spotify user connections
                    &lt;/p&gt;
                  &lt;/div&gt;
                  &lt;span
                    class=&quot;MuiCardActionArea-focusHighlight css-1h5un5t-MuiCardActionArea-focusHighlight&quot;
                  /&gt;
                &lt;/a&gt;
              &lt;/div&gt;
            &lt;/div&gt;
            &lt;div
              class=&quot;MuiGrid2-root MuiGrid2-direction-xs-row MuiGrid2-grid-xs-12 MuiGrid2-grid-sm-6 css-1lu792j-MuiGrid2-root&quot;
            &gt;[...

Ignored nodes: comments, script, style
&lt;html&gt;
  &lt;head&gt;
    &lt;meta
      content=&quot;&quot;
      name=&quot;emotion-insertion-point&quot;
    /&gt;
  &lt;/head&gt;
  &lt;body&gt;
    &lt;div&gt;
      &lt;title&gt;
        Spotify to Plex
      &lt;/title&gt;
      &lt;div
        data-testid=&quot;main-layout&quot;
      &gt;
        &lt;div
          class=&quot;MuiContainer-root MuiContainer-maxWidthLg css-5c1adp-MuiContainer-root&quot;
        &gt;
          &lt;div
            data-testid=&quot;logo&quot;
          &gt;
            Spotify to Plex Logo
          &lt;/div&gt;
          &lt;div
            class=&quot;MuiPaper-root MuiPaper-elevation MuiPaper-rounded MuiPaper-elevation0 css-1d9mdp6-MuiPaper-root&quot;
            style=&quot;--Paper-shadow: none;&quot;
          &gt;
            &lt;h4
              class=&quot;MuiTypography-root MuiTypography-h4 css-10jnrrx-MuiTypography-root&quot;
            &gt;
              Spotify to Plex
            &lt;/h4&gt;
            &lt;p
              class=&quot;MuiTypography-root MuiTypography-body1 css-109w83r-MuiTypography-root&quot;
            &gt;
              Manage your Spotify connections, synchronization settings, and view system logs.
            &lt;/p&gt;
            &lt;div
              class=&quot;MuiGrid2-root MuiGrid2-container MuiGrid2-direction-xs-row MuiGrid2-spacing-xs-2 css-ubb9a5-MuiGrid2-root&quot;
            &gt;
              &lt;div
                class=&quot;MuiGrid2-root MuiGrid2-direction-xs-row MuiGrid2-grid-xs-12 MuiGrid2-grid-sm-6 css-1lu792j-MuiGrid2-root&quot;
              &gt;
                &lt;div
                  class=&quot;MuiPaper-root MuiPaper-elevation MuiPaper-rounded MuiPaper-elevation1 MuiCard-root css-1j74uew-MuiPaper-root-MuiCard-root&quot;
                  style=&quot;--Paper-shadow: 0px 2px 1px -1px rgba(0,0,0,0.2),0px 1px 1px 0px rgba(0,0,0,0.14),0px 1px 3px 0px rgba(0,0,0,0.12);&quot;
                &gt;
                  &lt;a
                    class=&quot;MuiButtonBase-root MuiCardActionArea-root css-1vpvro0-MuiButtonBase-root-MuiCardActionArea-root&quot;
                    href=&quot;/spotify/manage-playlists&quot;
                    tabindex=&quot;0&quot;
                  &gt;
                    &lt;div
                      class=&quot;MuiCardContent-root css-wofrg8-MuiCardContent-root&quot;
                    &gt;
                      &lt;svg
                        aria-hidden=&quot;true&quot;
                        class=&quot;MuiSvgIcon-root MuiSvgIcon-fontSizeMedium css-dskzcr-MuiSvgIcon-root&quot;
                        data-testid=&quot;PlaylistPlayIcon&quot;
                        focusable=&quot;false&quot;
                        viewBox=&quot;0 0 24 24&quot;
                      &gt;
                        &lt;path
                          d=&quot;M3 10h11v2H3zm0-4h11v2H3zm0 8h7v2H3zm13-1v8l6-4z&quot;
                        /&gt;
                      &lt;/svg&gt;
                      &lt;h6
                        class=&quot;MuiTypography-root MuiTypography-h6 css-1do8cl8-MuiTypography-root&quot;
                      &gt;
                        Playlists &amp; Albums
                      &lt;/h6&gt;
                      &lt;p
                        class=&quot;MuiTypography-root MuiTypography-body2 css-1wle3ir-MuiTypography-root&quot;
                      &gt;
                        Manage your Spotify playlists and albums synchronization
                      &lt;/p&gt;
                    &lt;/div&gt;
                    &lt;span
                      class=&quot;MuiCardActionArea-focusHighlight css-1h5un5t-MuiCardActionArea-focusHighlight&quot;
                    /&gt;
                  &lt;/a&gt;
                &lt;/div&gt;
              &lt;/div&gt;
              &lt;div
                class=&quot;MuiGrid2-root MuiGrid2-direction-xs-row MuiGrid2-grid-xs-12 MuiGrid2-grid-sm-6 css-1lu792j-MuiGrid2-root&quot;
              &gt;
                &lt;div
                  class=&quot;MuiPaper-root MuiPaper-elevation MuiPaper-rounded MuiPaper-elevation1 MuiCard-root css-1j74uew-MuiPaper-root-MuiCard-root&quot;
                  style=&quot;--Paper-shadow: 0px 2px 1px -1px rgba(0,0,0,0.2),0px 1px 1px 0px rgba(0,0,0,0.14),0px 1px 3px 0px rgba(0,0,0,0.12);&quot;
                &gt;
                  &lt;a
                    class=&quot;MuiButtonBase-root MuiCardActionArea-root css-1vpvro0-MuiButtonBase-root-MuiCardActionArea-root&quot;
                    href=&quot;/spotify/manage-users&quot;
                    tabindex=&quot;0&quot;
                  &gt;
                    &lt;div
                      class=&quot;MuiCardContent-root css-wofrg8-MuiCardContent-root&quot;
                    &gt;
                      &lt;svg
                        aria-hidden=&quot;true&quot;
                        class=&quot;MuiSvgIcon-root MuiSvgIcon-fontSizeMedium css-dskzcr-MuiSvgIcon-root&quot;
                        data-testid=&quot;PeopleIcon&quot;
                        focusable=&quot;false&quot;
                        viewBox=&quot;0 0 24 24&quot;
                      &gt;
                        &lt;path
                          d=&quot;M16 11c1.66 0 2.99-1.34 2.99-3S17.66 5 16 5s-3 1.34-3 3 1.34 3 3 3m-8 0c1.66 0 2.99-1.34 2.99-3S9.66 5 8 5 5 6.34 5 8s1.34 3 3 3m0 2c-2.33 0-7 1.17-7 3.5V19h14v-2.5c0-2.33-4.67-3.5-7-3.5m8 0c-.29 0-.62.02-.97.05 1.16.84 1.97 1.97 1.97 3.45V19h6v-2.5c0-2.33-4.67-3.5-7-3.5&quot;
                        /&gt;
                      &lt;/svg&gt;
                      &lt;h6
                        class=&quot;MuiTypography-root MuiTypography-h6 css-1do8cl8-MuiTypography-root&quot;
                      &gt;
                        Users
                      &lt;/h6&gt;
                      &lt;p
                        class=&quot;MuiTypography-root MuiTypography-body2 css-1wle3ir-MuiTypography-root&quot;
                      &gt;
                        Manage Spotify user connections
                      &lt;/p&gt;
                    &lt;/div&gt;
                    &lt;span
                      ...
 ❯ Module.waitForWrapper ../../node_modules/.pnpm/@testing-library+dom@10.4.1/node_modules/@testing-library/dom/dist/wait-for.js:163:27
 ❯ __tests__/pages/index.test.tsx:431:13
            </failure>
        </testcase>
        <testcase classname="__tests__/pages/index.test.tsx" name="Index Page &gt; Component Integration &gt; should pass correct props to PlexConnection" time="0.022531542">
        </testcase>
        <testcase classname="__tests__/pages/index.test.tsx" name="Index Page &gt; Component Integration &gt; should pass correct props to PlexConnectionDialog" time="0.142870778">
        </testcase>
        <testcase classname="__tests__/pages/index.test.tsx" name="Index Page &gt; Accessibility &gt; should have proper page title" time="0.018511094">
        </testcase>
        <testcase classname="__tests__/pages/index.test.tsx" name="Index Page &gt; Accessibility &gt; should have accessible navigation links" time="0.111146585">
        </testcase>
        <testcase classname="__tests__/pages/index.test.tsx" name="Index Page &gt; Accessibility &gt; should have accessible button for Plex settings" time="0.070396064">
        </testcase>
        <testcase classname="__tests__/pages/index.test.tsx" name="Index Page &gt; Accessibility &gt; should have accessible dialog when opened" time="0.129909303">
        </testcase>
        <testcase classname="__tests__/pages/index.test.tsx" name="Index Page &gt; Performance and Edge Cases &gt; should handle multiple rapid state changes" time="0.844762318">
        </testcase>
        <testcase classname="__tests__/pages/index.test.tsx" name="Index Page &gt; Performance and Edge Cases &gt; should cleanup properly on unmount" time="0.014442026">
        </testcase>
        <testcase classname="__tests__/pages/index.test.tsx" name="Index Page &gt; Performance and Edge Cases &gt; should handle component re-renders without unnecessary API calls" time="0.022072885">
            <failure message="expected &quot;wrap&quot; to be called 2 times, but got 1 times" type="AssertionError">
AssertionError: expected &quot;wrap&quot; to be called 2 times, but got 1 times
 ❯ __tests__/pages/index.test.tsx:602:37
            </failure>
        </testcase>
    </testsuite>
    <testsuite name="__tests__/components/ConfirmProvider/ConfirmProvider.test.tsx" timestamp="2025-09-06T16:34:55.518Z" hostname="c82ba9db4d53" tests="21" failures="1" errors="0" skipped="0" time="2.717337096">
        <testcase classname="__tests__/components/ConfirmProvider/ConfirmProvider.test.tsx" name="ConfirmProvider &gt; Provider Setup &gt; should render without crashing" time="0.067184018">
        </testcase>
        <testcase classname="__tests__/components/ConfirmProvider/ConfirmProvider.test.tsx" name="ConfirmProvider &gt; Provider Setup &gt; should provide confirm function through context" time="0.027944269">
        </testcase>
        <testcase classname="__tests__/components/ConfirmProvider/ConfirmProvider.test.tsx" name="ConfirmProvider &gt; Provider Setup &gt; should not display confirmation dialog initially" time="0.017974807">
        </testcase>
        <testcase classname="__tests__/components/ConfirmProvider/ConfirmProvider.test.tsx" name="ConfirmProvider &gt; Dialog Display and Content &gt; should display confirmation dialog with default options" time="0.274486365">
        </testcase>
        <testcase classname="__tests__/components/ConfirmProvider/ConfirmProvider.test.tsx" name="ConfirmProvider &gt; Dialog Display and Content &gt; should display confirmation dialog with custom options" time="0.111055454">
        </testcase>
        <testcase classname="__tests__/components/ConfirmProvider/ConfirmProvider.test.tsx" name="ConfirmProvider &gt; Dialog Display and Content &gt; should display dialog without cancel button when hideCancelButton is true" time="0.070158071">
        </testcase>
        <testcase classname="__tests__/components/ConfirmProvider/ConfirmProvider.test.tsx" name="ConfirmProvider &gt; Dialog Display and Content &gt; should work with exported confirm function" time="0.066461678">
        </testcase>
        <testcase classname="__tests__/components/ConfirmProvider/ConfirmProvider.test.tsx" name="ConfirmProvider &gt; User Interactions &gt; should resolve promise when confirm button is clicked" time="0.10655548">
        </testcase>
        <testcase classname="__tests__/components/ConfirmProvider/ConfirmProvider.test.tsx" name="ConfirmProvider &gt; User Interactions &gt; should not reject promise on cancel by default" time="0.095335249">
        </testcase>
        <testcase classname="__tests__/components/ConfirmProvider/ConfirmProvider.test.tsx" name="ConfirmProvider &gt; User Interactions &gt; should reject promise on cancel when rejectOnCancel is true" time="0.080751411">
        </testcase>
        <testcase classname="__tests__/components/ConfirmProvider/ConfirmProvider.test.tsx" name="ConfirmProvider &gt; Keyboard Navigation &gt; should confirm dialog when Enter key is pressed" time="1.097819108">
            <failure message="[2mexpect([22m[31melement[39m[2m).not.toBeInTheDocument()[22m

[31mexpected document not to contain element, found &lt;div
  aria-labelledby=&quot;:r12:&quot;
  aria-modal=&quot;true&quot;
  class=&quot;MuiPaper-root MuiPaper-elevation MuiPaper-rounded MuiPaper-elevation24 MuiDialog-paper MuiDialog-paperScrollPaper MuiDialog-paperWidthXs MuiDialog-paperFullWidth css-qopi4n-MuiPaper-root-MuiDialog-paper&quot;
  role=&quot;dialog&quot;
  style=&quot;--Paper-shadow: 0px 11px 15px -7px rgba(0,0,0,0.2),0px 24px 38px 3px rgba(0,0,0,0.14),0px 9px 46px 8px rgba(0,0,0,0.12);&quot;
&gt;
  &lt;h2
    class=&quot;MuiTypography-root MuiTypography-h2 MuiDialogTitle-root css-18kc4rc-MuiTypography-root-MuiDialogTitle-root&quot;
    id=&quot;:r12:&quot;
  &gt;
    Test
  &lt;/h2&gt;
  &lt;div
    class=&quot;MuiDialogContent-root css-kw13he-MuiDialogContent-root&quot;
  &gt;
    Test
  &lt;/div&gt;
  &lt;div
    class=&quot;MuiDialogActions-root MuiDialogActions-spacing css-15fu35s-MuiDialogActions-root&quot;
  &gt;
    &lt;button
      class=&quot;MuiButtonBase-root MuiButton-root MuiButton-text MuiButton-textSecondary MuiButton-sizeSmall MuiButton-textSizeSmall MuiButton-colorSecondary MuiButton-root MuiButton-text MuiButton-textSecondary MuiButton-sizeSmall MuiButton-textSizeSmall MuiButton-colorSecondary css-1a9kwke-MuiButtonBase-root-MuiButton-root&quot;
      tabindex=&quot;0&quot;
      type=&quot;button&quot;
    &gt;
      Cancel
    &lt;/button&gt;
    &lt;button
      class=&quot;MuiButtonBase-root MuiButton-root MuiButton-contained MuiButton-containedError MuiButton-sizeSmall MuiButton-containedSizeSmall MuiButton-colorError MuiButton-root MuiButton-contained MuiButton-containedError MuiButton-sizeSmall MuiButton-containedSizeSmall MuiButton-colorError css-78x0yk-MuiButtonBase-root-MuiButton-root&quot;
      tabindex=&quot;0&quot;
      type=&quot;button&quot;
    &gt;
      Yes, delete
    &lt;/button&gt;
  &lt;/div&gt;
&lt;/div&gt; instead[39m

Ignored nodes: comments, script, style
[36m&lt;html&gt;[39m
  [36m&lt;head&gt;[39m
    [36m&lt;meta[39m
      [33mcontent[39m=[32m&quot;&quot;[39m
      [33mname[39m=[32m&quot;emotion-insertion-point&quot;[39m
    [36m/&gt;[39m
  [36m&lt;/head&gt;[39m
  [36m&lt;body[39m
    [33mstyle[39m=[32m&quot;padding-right: 1024px; overflow: hidden;&quot;[39m
  [36m&gt;[39m
    [36m&lt;div[39m
      [33maria-hidden[39m=[32m&quot;true&quot;[39m
    [36m&gt;[39m
      [36m&lt;div&gt;[39m
        [36m&lt;button[39m
          [33mdata-testid[39m=[32m&quot;trigger-enter-test&quot;[39m
        [36m&gt;[39m
          [0mTest Enter[0m
        [36m&lt;/button&gt;[39m
      [36m&lt;/div&gt;[39m
    [36m&lt;/div&gt;[39m
    [36m&lt;div[39m
      [33mclass[39m=[32m&quot;MuiDialog-root MuiModal-root css-1424xw8-MuiModal-root-MuiDialog-root&quot;[39m
      [33mrole[39m=[32m&quot;presentation&quot;[39m
    [36m&gt;[39m
      [36m&lt;div[39m
        [33maria-hidden[39m=[32m&quot;true&quot;[39m
        [33mclass[39m=[32m&quot;MuiBackdrop-root MuiModal-backdrop css-1cennmq-MuiBackdrop-root-MuiDialog-backdrop&quot;[39m
        [33mstyle[39m=[32m&quot;opacity: 1; transition: opacity 225ms cubic-bezier(0.4, 0, 0.2, 1) 0ms;&quot;[39m
      [36m/&gt;[39m
      [36m&lt;div[39m
        [33mdata-testid[39m=[32m&quot;sentinelStart&quot;[39m
        [33mtabindex[39m=[32m&quot;0&quot;[39m
      [36m/&gt;[39m
      [36m&lt;div[39m
        [33mclass[39m=[32m&quot;MuiDialog-container MuiDialog-scrollPaper css-19do60a-MuiDialog-container&quot;[39m
        [33mrole[39m=[32m&quot;presentation&quot;[39m
        [33mstyle[39m=[32m&quot;opacity: 1; transition: opacity 225ms cubic-bezier(0.4, 0, 0.2, 1) 0ms;&quot;[39m
        [33mtabindex[39m=[32m&quot;-1&quot;[39m
      [36m&gt;[39m
        [36m&lt;div[39m
          [33maria-labelledby[39m=[32m&quot;:r12:&quot;[39m
          [33maria-modal[39m=[32m&quot;true&quot;[39m
          [33mclass[39m=[32m&quot;MuiPaper-root MuiPaper-elevation MuiPaper-rounded MuiPaper-elevation24 MuiDialog-paper MuiDialog-paperScrollPaper MuiDialog-paperWidthXs MuiDialog-paperFullWidth css-qopi4n-MuiPaper-root-MuiDialog-paper&quot;[39m
          [33mrole[39m=[32m&quot;dialog&quot;[39m
          [33mstyle[39m=[32m&quot;--Paper-shadow: 0px 11px 15px -7px rgba(0,0,0,0.2),0px 24px 38px 3px rgba(0,0,0,0.14),0px 9px 46px 8px rgba(0,0,0,0.12);&quot;[39m
        [36m&gt;[39m
          [36m&lt;h2[39m
            [33mclass[39m=[32m&quot;MuiTypography-root MuiTypography-h2 MuiDialogTitle-root css-18kc4rc-MuiTypography-root-MuiDialogTitle-root&quot;[39m
            [33mid[39m=[32m&quot;:r12:&quot;[39m
          [36m&gt;[39m
            [0mTest[0m
          [36m&lt;/h2&gt;[39m
          [36m&lt;div[39m
            [33mclass[39m=[32m&quot;MuiDialogContent-root css-kw13he-MuiDialogContent-root&quot;[39m
          [36m&gt;[39m
            [0mTest[0m
          [36m&lt;/div&gt;[39m
          [36m&lt;div[39m
            [33mclass[39m=[32m&quot;MuiDialogActions-root MuiDialogActions-spacing css-15fu35s-MuiDialogActions-root&quot;[39m
          [36m&gt;[39m
            [36m&lt;button[39m
              [33mclass[39m=[32m&quot;MuiButtonBase-root MuiButton-root MuiButton-text MuiButton-textSecondary MuiButton-sizeSmall MuiButton-textSizeSmall MuiButton-colorSecondary MuiButton-root MuiButton-text MuiButton-textSecondary MuiButton-sizeSmall MuiButton-textSizeSmall MuiButton-colorSecondary css-1a9kwke-MuiButtonBase-root-MuiButton-root&quot;[39m
              [33mtabindex[39m=[32m&quot;0&quot;[39m
              [33mtype[39m=[32m&quot;button&quot;[39m
            [36m&gt;[39m
              [0mCancel[0m
            [36m&lt;/button&gt;[39m
            [36m&lt;button[39m
              [33mclass[39m=[32m&quot;MuiButtonBase-root MuiButton-root MuiButton-contained MuiButton-containedError MuiButton-sizeSmall MuiButton-containedSizeSmall MuiButton-colorError MuiButton-root MuiButton-contained MuiButton-containedError MuiButton-sizeSmall MuiButton-containedSizeSmall MuiButton-colorError css-78x0yk-MuiButtonBase-root-MuiButton-root&quot;[39m
              [33mtabindex[39m=[32m&quot;0&quot;[39m
              [33mtype[39m=[32m&quot;button&quot;[39m
            [36m&gt;[39m
              [0mYes, delete[0m
            [36m&lt;/button&gt;[39m
          [36m&lt;/div&gt;[39m
        [36m&lt;/div&gt;[39m
      [36m&lt;/div&gt;[39m
      [36m&lt;div[39m
        [33mdata-testid[39m=[32m&quot;sentinelEnd&quot;[39m
        [33mtabindex[39m=[32m&quot;0&quot;[39m
      [36m/&gt;[39m
    [36m&lt;/div&gt;[39m
  [36m&lt;/body&gt;[39m
[36m&lt;/html&gt;[39m..." type="Error">
Error: expect(element).not.toBeInTheDocument()

expected document not to contain element, found &lt;div
  aria-labelledby=&quot;:r12:&quot;
  aria-modal=&quot;true&quot;
  class=&quot;MuiPaper-root MuiPaper-elevation MuiPaper-rounded MuiPaper-elevation24 MuiDialog-paper MuiDialog-paperScrollPaper MuiDialog-paperWidthXs MuiDialog-paperFullWidth css-qopi4n-MuiPaper-root-MuiDialog-paper&quot;
  role=&quot;dialog&quot;
  style=&quot;--Paper-shadow: 0px 11px 15px -7px rgba(0,0,0,0.2),0px 24px 38px 3px rgba(0,0,0,0.14),0px 9px 46px 8px rgba(0,0,0,0.12);&quot;
&gt;
  &lt;h2
    class=&quot;MuiTypography-root MuiTypography-h2 MuiDialogTitle-root css-18kc4rc-MuiTypography-root-MuiDialogTitle-root&quot;
    id=&quot;:r12:&quot;
  &gt;
    Test
  &lt;/h2&gt;
  &lt;div
    class=&quot;MuiDialogContent-root css-kw13he-MuiDialogContent-root&quot;
  &gt;
    Test
  &lt;/div&gt;
  &lt;div
    class=&quot;MuiDialogActions-root MuiDialogActions-spacing css-15fu35s-MuiDialogActions-root&quot;
  &gt;
    &lt;button
      class=&quot;MuiButtonBase-root MuiButton-root MuiButton-text MuiButton-textSecondary MuiButton-sizeSmall MuiButton-textSizeSmall MuiButton-colorSecondary MuiButton-root MuiButton-text MuiButton-textSecondary MuiButton-sizeSmall MuiButton-textSizeSmall MuiButton-colorSecondary css-1a9kwke-MuiButtonBase-root-MuiButton-root&quot;
      tabindex=&quot;0&quot;
      type=&quot;button&quot;
    &gt;
      Cancel
    &lt;/button&gt;
    &lt;button
      class=&quot;MuiButtonBase-root MuiButton-root MuiButton-contained MuiButton-containedError MuiButton-sizeSmall MuiButton-containedSizeSmall MuiButton-colorError MuiButton-root MuiButton-contained MuiButton-containedError MuiButton-sizeSmall MuiButton-containedSizeSmall MuiButton-colorError css-78x0yk-MuiButtonBase-root-MuiButton-root&quot;
      tabindex=&quot;0&quot;
      type=&quot;button&quot;
    &gt;
      Yes, delete
    &lt;/button&gt;
  &lt;/div&gt;
&lt;/div&gt; instead

Ignored nodes: comments, script, style
&lt;html&gt;
  &lt;head&gt;
    &lt;meta
      content=&quot;&quot;
      name=&quot;emotion-insertion-point&quot;
    /&gt;
  &lt;/head&gt;
  &lt;body
    style=&quot;padding-right: 1024px; overflow: hidden;&quot;
  &gt;
    &lt;div
      aria-hidden=&quot;true&quot;
    &gt;
      &lt;div&gt;
        &lt;button
          data-testid=&quot;trigger-enter-test&quot;
        &gt;
          Test Enter
        &lt;/button&gt;
      &lt;/div&gt;
    &lt;/div&gt;
    &lt;div
      class=&quot;MuiDialog-root MuiModal-root css-1424xw8-MuiModal-root-MuiDialog-root&quot;
      role=&quot;presentation&quot;
    &gt;
      &lt;div
        aria-hidden=&quot;true&quot;
        class=&quot;MuiBackdrop-root MuiModal-backdrop css-1cennmq-MuiBackdrop-root-MuiDialog-backdrop&quot;
        style=&quot;opacity: 1; transition: opacity 225ms cubic-bezier(0.4, 0, 0.2, 1) 0ms;&quot;
      /&gt;
      &lt;div
        data-testid=&quot;sentinelStart&quot;
        tabindex=&quot;0&quot;
      /&gt;
      &lt;div
        class=&quot;MuiDialog-container MuiDialog-scrollPaper css-19do60a-MuiDialog-container&quot;
        role=&quot;presentation&quot;
        style=&quot;opacity: 1; transition: opacity 225ms cubic-bezier(0.4, 0, 0.2, 1) 0ms;&quot;
        tabindex=&quot;-1&quot;
      &gt;
        &lt;div
          aria-labelledby=&quot;:r12:&quot;
          aria-modal=&quot;true&quot;
          class=&quot;MuiPaper-root MuiPaper-elevation MuiPaper-rounded MuiPaper-elevation24 MuiDialog-paper MuiDialog-paperScrollPaper MuiDialog-paperWidthXs MuiDialog-paperFullWidth css-qopi4n-MuiPaper-root-MuiDialog-paper&quot;
          role=&quot;dialog&quot;
          style=&quot;--Paper-shadow: 0px 11px 15px -7px rgba(0,0,0,0.2),0px 24px 38px 3px rgba(0,0,0,0.14),0px 9px 46px 8px rgba(0,0,0,0.12);&quot;
        &gt;
          &lt;h2
            class=&quot;MuiTypography-root MuiTypography-h2 MuiDialogTitle-root css-18kc4rc-MuiTypography-root-MuiDialogTitle-root&quot;
            id=&quot;:r12:&quot;
          &gt;
            Test
          &lt;/h2&gt;
          &lt;div
            class=&quot;MuiDialogContent-root css-kw13he-MuiDialogContent-root&quot;
          &gt;
            Test
          &lt;/div&gt;
          &lt;div
            class=&quot;MuiDialogActions-root MuiDialogActions-spacing css-15fu35s-MuiDialogActions-root&quot;
          &gt;
            &lt;button
              class=&quot;MuiButtonBase-root MuiButton-root MuiButton-text MuiButton-textSecondary MuiButton-sizeSmall MuiButton-textSizeSmall MuiButton-colorSecondary MuiButton-root MuiButton-text MuiButton-textSecondary MuiButton-sizeSmall MuiButton-textSizeSmall MuiButton-colorSecondary css-1a9kwke-MuiButtonBase-root-MuiButton-root&quot;
              tabindex=&quot;0&quot;
              type=&quot;button&quot;
            &gt;
              Cancel
            &lt;/button&gt;
            &lt;button
              class=&quot;MuiButtonBase-root MuiButton-root MuiButton-contained MuiButton-containedError MuiButton-sizeSmall MuiButton-containedSizeSmall MuiButton-colorError MuiButton-root MuiButton-contained MuiButton-containedError MuiButton-sizeSmall MuiButton-containedSizeSmall MuiButton-colorError css-78x0yk-MuiButtonBase-root-MuiButton-root&quot;
              tabindex=&quot;0&quot;
              type=&quot;button&quot;
            &gt;
              Yes, delete
            &lt;/button&gt;
          &lt;/div&gt;
        &lt;/div&gt;
      &lt;/div&gt;
      &lt;div
        data-testid=&quot;sentinelEnd&quot;
        tabindex=&quot;0&quot;
      /&gt;
    &lt;/div&gt;
  &lt;/body&gt;
&lt;/html&gt;...
 ❯ __tests__/components/ConfirmProvider/ConfirmProvider.test.tsx:316:58
 ❯ runWithExpensiveErrorDiagnosticsDisabled ../../node_modules/.pnpm/@testing-library+dom@10.4.1/node_modules/@testing-library/dom/dist/config.js:47:12
 ❯ checkCallback ../../node_modules/.pnpm/@testing-library+dom@10.4.1/node_modules/@testing-library/dom/dist/wait-for.js:124:77
 ❯ Timeout.checkRealTimersCallback ../../node_modules/.pnpm/@testing-library+dom@10.4.1/node_modules/@testing-library/dom/dist/wait-for.js:118:16
            </failure>
        </testcase>
        <testcase classname="__tests__/components/ConfirmProvider/ConfirmProvider.test.tsx" name="ConfirmProvider &gt; Keyboard Navigation &gt; should not trigger confirm on Enter when dialog is not open" time="0.020391431">
        </testcase>
        <testcase classname="__tests__/components/ConfirmProvider/ConfirmProvider.test.tsx" name="ConfirmProvider &gt; Dialog Options &gt; should handle empty options gracefully" time="0.064754284">
        </testcase>
        <testcase classname="__tests__/components/ConfirmProvider/ConfirmProvider.test.tsx" name="ConfirmProvider &gt; Dialog Options &gt; should apply custom dialog props" time="0.052319596">
        </testcase>
        <testcase classname="__tests__/components/ConfirmProvider/ConfirmProvider.test.tsx" name="ConfirmProvider &gt; Dialog Options &gt; should handle button order configuration" time="0.092224925">
        </testcase>
        <testcase classname="__tests__/components/ConfirmProvider/ConfirmProvider.test.tsx" name="ConfirmProvider &gt; Multiple Confirmations &gt; should handle sequential confirmations correctly" time="0.134696231">
        </testcase>
        <testcase classname="__tests__/components/ConfirmProvider/ConfirmProvider.test.tsx" name="ConfirmProvider &gt; Multiple Confirmations &gt; should handle overlapping confirmations by showing the latest" time="0.041965779">
        </testcase>
        <testcase classname="__tests__/components/ConfirmProvider/ConfirmProvider.test.tsx" name="ConfirmProvider &gt; Component Cleanup &gt; should cleanup event listeners on unmount" time="0.017210636">
        </testcase>
        <testcase classname="__tests__/components/ConfirmProvider/ConfirmProvider.test.tsx" name="ConfirmProvider &gt; Component Cleanup &gt; should handle unmount while dialog is open" time="0.081556343">
        </testcase>
        <testcase classname="__tests__/components/ConfirmProvider/ConfirmProvider.test.tsx" name="ConfirmProvider &gt; Edge Cases &gt; should handle rapid button clicks gracefully" time="0.136212823">
        </testcase>
        <testcase classname="__tests__/components/ConfirmProvider/ConfirmProvider.test.tsx" name="ConfirmProvider &gt; Edge Cases &gt; should handle null/undefined content gracefully" time="0.054147903">
        </testcase>
    </testsuite>
    <testsuite name="__tests__/components/CustomPaper/CustomPaper.test.tsx" timestamp="2025-09-06T16:34:55.524Z" hostname="c82ba9db4d53" tests="25" failures="0" errors="0" skipped="0" time="0.830068239">
        <testcase classname="__tests__/components/CustomPaper/CustomPaper.test.tsx" name="CustomPaper &gt; Basic Rendering &gt; should render without crashing" time="0.06102263">
        </testcase>
        <testcase classname="__tests__/components/CustomPaper/CustomPaper.test.tsx" name="CustomPaper &gt; Basic Rendering &gt; should render with children" time="0.018370552">
        </testcase>
        <testcase classname="__tests__/components/CustomPaper/CustomPaper.test.tsx" name="CustomPaper &gt; Basic Rendering &gt; should render multiple children" time="0.019414237">
        </testcase>
        <testcase classname="__tests__/components/CustomPaper/CustomPaper.test.tsx" name="CustomPaper &gt; Basic Rendering &gt; should render without children" time="0.009268143">
        </testcase>
        <testcase classname="__tests__/components/CustomPaper/CustomPaper.test.tsx" name="CustomPaper &gt; Props Handling &gt; should apply HTML attributes correctly" time="0.014260774">
        </testcase>
        <testcase classname="__tests__/components/CustomPaper/CustomPaper.test.tsx" name="CustomPaper &gt; Props Handling &gt; should handle click events" time="0.018621346">
        </testcase>
        <testcase classname="__tests__/components/CustomPaper/CustomPaper.test.tsx" name="CustomPaper &gt; Props Handling &gt; should handle mouse events" time="0.015489451">
        </testcase>
        <testcase classname="__tests__/components/CustomPaper/CustomPaper.test.tsx" name="CustomPaper &gt; Props Handling &gt; should handle keyboard events" time="0.012792743">
        </testcase>
        <testcase classname="__tests__/components/CustomPaper/CustomPaper.test.tsx" name="CustomPaper &gt; Styling and Theme Integration &gt; should have Material-UI Paper base styling" time="0.009205802">
        </testcase>
        <testcase classname="__tests__/components/CustomPaper/CustomPaper.test.tsx" name="CustomPaper &gt; Styling and Theme Integration &gt; should apply custom margin top styling" time="0.114823018">
        </testcase>
        <testcase classname="__tests__/components/CustomPaper/CustomPaper.test.tsx" name="CustomPaper &gt; Styling and Theme Integration &gt; should merge with additional sx props when provided" time="0.021130781">
        </testcase>
        <testcase classname="__tests__/components/CustomPaper/CustomPaper.test.tsx" name="CustomPaper &gt; Accessibility &gt; should be keyboard accessible when tabIndex is provided" time="0.013261689">
        </testcase>
        <testcase classname="__tests__/components/CustomPaper/CustomPaper.test.tsx" name="CustomPaper &gt; Accessibility &gt; should support ARIA attributes" time="0.013270099">
        </testcase>
        <testcase classname="__tests__/components/CustomPaper/CustomPaper.test.tsx" name="CustomPaper &gt; Accessibility &gt; should support screen reader content" time="0.014691399">
        </testcase>
        <testcase classname="__tests__/components/CustomPaper/CustomPaper.test.tsx" name="CustomPaper &gt; Content Types &gt; should render text content" time="0.007674419">
        </testcase>
        <testcase classname="__tests__/components/CustomPaper/CustomPaper.test.tsx" name="CustomPaper &gt; Content Types &gt; should render React elements" time="0.007251763">
        </testcase>
        <testcase classname="__tests__/components/CustomPaper/CustomPaper.test.tsx" name="CustomPaper &gt; Content Types &gt; should render arrays of elements" time="0.010467039">
        </testcase>
        <testcase classname="__tests__/components/CustomPaper/CustomPaper.test.tsx" name="CustomPaper &gt; Content Types &gt; should handle conditional rendering" time="0.009633337">
        </testcase>
        <testcase classname="__tests__/components/CustomPaper/CustomPaper.test.tsx" name="CustomPaper &gt; Content Types &gt; should handle complex nested content" time="0.023556236">
        </testcase>
        <testcase classname="__tests__/components/CustomPaper/CustomPaper.test.tsx" name="CustomPaper &gt; Edge Cases &gt; should handle null children gracefully" time="0.010019503">
        </testcase>
        <testcase classname="__tests__/components/CustomPaper/CustomPaper.test.tsx" name="CustomPaper &gt; Edge Cases &gt; should handle empty string children" time="0.009629367">
        </testcase>
        <testcase classname="__tests__/components/CustomPaper/CustomPaper.test.tsx" name="CustomPaper &gt; Edge Cases &gt; should handle numeric children" time="0.016207452">
        </testcase>
        <testcase classname="__tests__/components/CustomPaper/CustomPaper.test.tsx" name="CustomPaper &gt; Edge Cases &gt; should handle mixed content types" time="0.011586765">
        </testcase>
        <testcase classname="__tests__/components/CustomPaper/CustomPaper.test.tsx" name="CustomPaper &gt; Performance &gt; should not re-render unnecessarily with same props" time="0.015326568">
        </testcase>
        <testcase classname="__tests__/components/CustomPaper/CustomPaper.test.tsx" name="CustomPaper &gt; Performance &gt; should handle large amounts of content efficiently" time="0.347189501">
        </testcase>
    </testsuite>
    <testsuite name="__tests__/components/EditorHeader/EditorHeader.test.tsx" timestamp="2025-09-06T16:34:55.531Z" hostname="c82ba9db4d53" tests="33" failures="4" errors="0" skipped="0" time="3.749229424">
        <testcase classname="__tests__/components/EditorHeader/EditorHeader.test.tsx" name="EditorHeader &gt; Basic Rendering &gt; should render without crashing" time="0.171933942">
        </testcase>
        <testcase classname="__tests__/components/EditorHeader/EditorHeader.test.tsx" name="EditorHeader &gt; Basic Rendering &gt; should display the correct title" time="0.045904015">
        </testcase>
        <testcase classname="__tests__/components/EditorHeader/EditorHeader.test.tsx" name="EditorHeader &gt; Basic Rendering &gt; should render all action buttons" time="0.039238449">
        </testcase>
        <testcase classname="__tests__/components/EditorHeader/EditorHeader.test.tsx" name="EditorHeader &gt; Basic Rendering &gt; should render view mode toggle buttons" time="0.036505351">
        </testcase>
        <testcase classname="__tests__/components/EditorHeader/EditorHeader.test.tsx" name="EditorHeader &gt; Basic Rendering &gt; should render icons within buttons" time="0.05114616">
        </testcase>
        <testcase classname="__tests__/components/EditorHeader/EditorHeader.test.tsx" name="EditorHeader &gt; View Mode Toggle &gt; should show UI mode as selected by default" time="0.039365852">
        </testcase>
        <testcase classname="__tests__/components/EditorHeader/EditorHeader.test.tsx" name="EditorHeader &gt; View Mode Toggle &gt; should show JSON mode as selected when specified" time="0.043330498">
        </testcase>
        <testcase classname="__tests__/components/EditorHeader/EditorHeader.test.tsx" name="EditorHeader &gt; View Mode Toggle &gt; should call onViewModeChange when UI mode is clicked" time="0.273272828">
        </testcase>
        <testcase classname="__tests__/components/EditorHeader/EditorHeader.test.tsx" name="EditorHeader &gt; View Mode Toggle &gt; should call onViewModeChange when JSON mode is clicked" time="0.100106058">
        </testcase>
        <testcase classname="__tests__/components/EditorHeader/EditorHeader.test.tsx" name="EditorHeader &gt; View Mode Toggle &gt; should handle clicking the same mode button" time="0.092631291">
        </testcase>
        <testcase classname="__tests__/components/EditorHeader/EditorHeader.test.tsx" name="EditorHeader &gt; View Mode Toggle &gt; should be exclusive selection (only one mode selected at a time)" time="0.043061424">
        </testcase>
        <testcase classname="__tests__/components/EditorHeader/EditorHeader.test.tsx" name="EditorHeader &gt; Action Buttons &gt; should call onReset when reset button is clicked" time="0.098987032">
        </testcase>
        <testcase classname="__tests__/components/EditorHeader/EditorHeader.test.tsx" name="EditorHeader &gt; Action Buttons &gt; should call onSave when save button is clicked" time="0.088237158">
        </testcase>
        <testcase classname="__tests__/components/EditorHeader/EditorHeader.test.tsx" name="EditorHeader &gt; Action Buttons &gt; should handle multiple rapid clicks on action buttons" time="0.160081573">
        </testcase>
        <testcase classname="__tests__/components/EditorHeader/EditorHeader.test.tsx" name="EditorHeader &gt; Action Buttons &gt; should support keyboard interaction on action buttons" time="0.030781969">
            <failure message="expected &quot;spy&quot; to be called 1 times, but got 0 times" type="AssertionError">
AssertionError: expected &quot;spy&quot; to be called 1 times, but got 0 times
 ❯ __tests__/components/EditorHeader/EditorHeader.test.tsx:181:33
            </failure>
        </testcase>
        <testcase classname="__tests__/components/EditorHeader/EditorHeader.test.tsx" name="EditorHeader &gt; Disabled State &gt; should disable all interactive elements when disabled prop is true" time="0.024778083">
        </testcase>
        <testcase classname="__tests__/components/EditorHeader/EditorHeader.test.tsx" name="EditorHeader &gt; Disabled State &gt; should enable all interactive elements when disabled prop is false" time="0.025529464">
        </testcase>
        <testcase classname="__tests__/components/EditorHeader/EditorHeader.test.tsx" name="EditorHeader &gt; Disabled State &gt; should enable all interactive elements when disabled prop is undefined" time="0.021278793">
        </testcase>
        <testcase classname="__tests__/components/EditorHeader/EditorHeader.test.tsx" name="EditorHeader &gt; Disabled State &gt; should not trigger callbacks when buttons are disabled" time="0.038080633">
            <failure message="Unable to perform pointer interaction as the element has `pointer-events: none`:

BUTTON(label=Reset to Defaults)" type="Error">
Error: Unable to perform pointer interaction as the element has `pointer-events: none`:

BUTTON(label=Reset to Defaults)
 ❯ assertPointerEvents ../../node_modules/.pnpm/@testing-library+user-event@14.6.1_@testing-library+dom@10.4.1/node_modules/@testing-library/user-event/dist/esm/utils/pointer/cssPointerEvents.js:45:15
 ❯ Object.enter ../../node_modules/.pnpm/@testing-library+user-event@14.6.1_@testing-library+dom@10.4.1/node_modules/@testing-library/user-event/dist/esm/system/pointer/pointer.js:50:17
 ❯ PointerHost.move ../../node_modules/.pnpm/@testing-library+user-event@14.6.1_@testing-library+dom@10.4.1/node_modules/@testing-library/user-event/dist/esm/system/pointer/index.js:51:85
 ❯ pointerAction ../../node_modules/.pnpm/@testing-library+user-event@14.6.1_@testing-library+dom@10.4.1/node_modules/@testing-library/user-event/dist/esm/pointer/index.js:57:39
 ❯ Object.pointer ../../node_modules/.pnpm/@testing-library+user-event@14.6.1_@testing-library+dom@10.4.1/node_modules/@testing-library/user-event/dist/esm/pointer/index.js:25:15
 ❯ Object.asyncWrapper ../../node_modules/.pnpm/@testing-library+react@16.3.0_@testing-library+dom@10.4.1_@types+react-dom@18.3.7_@type_6702e24ddb9003acbdfc6a78b366f5bd/node_modules/@testing-library/react/dist/pure.js:88:22
 ❯ __tests__/components/EditorHeader/EditorHeader.test.tsx:240:13
            </failure>
        </testcase>
        <testcase classname="__tests__/components/EditorHeader/EditorHeader.test.tsx" name="EditorHeader &gt; Layout and Styling &gt; should have proper layout structure" time="0.023153841">
        </testcase>
        <testcase classname="__tests__/components/EditorHeader/EditorHeader.test.tsx" name="EditorHeader &gt; Layout and Styling &gt; should apply proper button variants and sizes" time="0.021637829">
        </testcase>
        <testcase classname="__tests__/components/EditorHeader/EditorHeader.test.tsx" name="EditorHeader &gt; Layout and Styling &gt; should have divider between toggle buttons and action buttons" time="0.017977297">
        </testcase>
        <testcase classname="__tests__/components/EditorHeader/EditorHeader.test.tsx" name="EditorHeader &gt; Accessibility &gt; should have proper ARIA attributes" time="0.025006467">
            <failure message="[2mexpect([22m[31melement[39m[2m).toHaveAttribute([22m[32m[32m&quot;role&quot;[32m[39m[2m, [22m[32m[32m&quot;button&quot;[32m[39m[2m) // element.getAttribute(&quot;role&quot;) === &quot;button&quot;[22m

Expected the element to have attribute:
[32m  role=&quot;button&quot;[39m
Received:
[31m  null[39m" type="Error">
Error: expect(element).toHaveAttribute(&quot;role&quot;, &quot;button&quot;) // element.getAttribute(&quot;role&quot;) === &quot;button&quot;

Expected the element to have attribute:
  role=&quot;button&quot;
Received:
  null
 ❯ __tests__/components/EditorHeader/EditorHeader.test.tsx:301:34
            </failure>
        </testcase>
        <testcase classname="__tests__/components/EditorHeader/EditorHeader.test.tsx" name="EditorHeader &gt; Accessibility &gt; should be keyboard navigable" time="0.034723956">
        </testcase>
        <testcase classname="__tests__/components/EditorHeader/EditorHeader.test.tsx" name="EditorHeader &gt; Accessibility &gt; should have appropriate button labels" time="0.025104568">
        </testcase>
        <testcase classname="__tests__/components/EditorHeader/EditorHeader.test.tsx" name="EditorHeader &gt; Accessibility &gt; should indicate selected state for view mode buttons" time="0.036130456">
        </testcase>
        <testcase classname="__tests__/components/EditorHeader/EditorHeader.test.tsx" name="EditorHeader &gt; Edge Cases &gt; should handle empty title gracefully" time="0.022646003">
        </testcase>
        <testcase classname="__tests__/components/EditorHeader/EditorHeader.test.tsx" name="EditorHeader &gt; Edge Cases &gt; should handle very long titles" time="0.018590645">
        </testcase>
        <testcase classname="__tests__/components/EditorHeader/EditorHeader.test.tsx" name="EditorHeader &gt; Edge Cases &gt; should handle null callback functions gracefully" time="0.021924053">
        </testcase>
        <testcase classname="__tests__/components/EditorHeader/EditorHeader.test.tsx" name="EditorHeader &gt; Edge Cases &gt; should handle rapid view mode changes" time="0.150222433">
        </testcase>
        <testcase classname="__tests__/components/EditorHeader/EditorHeader.test.tsx" name="EditorHeader &gt; Edge Cases &gt; should maintain state consistency during re-renders" time="0.036625533">
        </testcase>
        <testcase classname="__tests__/components/EditorHeader/EditorHeader.test.tsx" name="EditorHeader &gt; Performance &gt; should not cause unnecessary re-renders with same props" time="0.029363479">
        </testcase>
        <testcase classname="__tests__/components/EditorHeader/EditorHeader.test.tsx" name="EditorHeader &gt; Performance &gt; should handle high frequency interactions efficiently" time="1.855690417">
            <failure message="expected 1837.204082999997 to be less than 1000" type="AssertionError">
AssertionError: expected 1837.204082999997 to be less than 1000
 ❯ __tests__/components/EditorHeader/EditorHeader.test.tsx:467:30
            </failure>
        </testcase>
    </testsuite>
    <testsuite name="__tests__/components/EnhancedMonacoJsonEditor/EnhancedMonacoJsonEditor.test.tsx" timestamp="2025-09-06T16:34:55.539Z" hostname="c82ba9db4d53" tests="35" failures="35" errors="0" skipped="0" time="0.226415689">
        <testcase classname="__tests__/components/EnhancedMonacoJsonEditor/EnhancedMonacoJsonEditor.test.tsx" name="EnhancedMonacoJsonEditor &gt; Basic Rendering &gt; should render without crashing" time="0.027928119">
            <failure message="Maximum call stack size exceeded" type="RangeError">
RangeError: Maximum call stack size exceeded
 ❯ Document.&lt;anonymous&gt; __tests__/components/EnhancedMonacoJsonEditor/EnhancedMonacoJsonEditor.test.tsx:83:9
 ❯ Document.&lt;anonymous&gt; __tests__/components/EnhancedMonacoJsonEditor/EnhancedMonacoJsonEditor.test.tsx:83:25
 ❯ Document.&lt;anonymous&gt; __tests__/components/EnhancedMonacoJsonEditor/EnhancedMonacoJsonEditor.test.tsx:83:25
            </failure>
        </testcase>
        <testcase classname="__tests__/components/EnhancedMonacoJsonEditor/EnhancedMonacoJsonEditor.test.tsx" name="EnhancedMonacoJsonEditor &gt; Basic Rendering &gt; should render with JSON value" time="0.016015498">
            <failure message="Maximum call stack size exceeded" type="RangeError">
RangeError: Maximum call stack size exceeded
 ❯ Document.&lt;anonymous&gt; __tests__/components/EnhancedMonacoJsonEditor/EnhancedMonacoJsonEditor.test.tsx:83:9
 ❯ Document.&lt;anonymous&gt; __tests__/components/EnhancedMonacoJsonEditor/EnhancedMonacoJsonEditor.test.tsx:83:25
 ❯ Document.&lt;anonymous&gt; __tests__/components/EnhancedMonacoJsonEditor/EnhancedMonacoJsonEditor.test.tsx:83:25
            </failure>
        </testcase>
        <testcase classname="__tests__/components/EnhancedMonacoJsonEditor/EnhancedMonacoJsonEditor.test.tsx" name="EnhancedMonacoJsonEditor &gt; Basic Rendering &gt; should render with custom height" time="0.016400374">
            <failure message="Maximum call stack size exceeded" type="RangeError">
RangeError: Maximum call stack size exceeded
 ❯ Document.&lt;anonymous&gt; __tests__/components/EnhancedMonacoJsonEditor/EnhancedMonacoJsonEditor.test.tsx:83:9
 ❯ Document.&lt;anonymous&gt; __tests__/components/EnhancedMonacoJsonEditor/EnhancedMonacoJsonEditor.test.tsx:83:25
 ❯ Document.&lt;anonymous&gt; __tests__/components/EnhancedMonacoJsonEditor/EnhancedMonacoJsonEditor.test.tsx:83:25
            </failure>
        </testcase>
        <testcase classname="__tests__/components/EnhancedMonacoJsonEditor/EnhancedMonacoJsonEditor.test.tsx" name="EnhancedMonacoJsonEditor &gt; Basic Rendering &gt; should render in read-only mode" time="0.015314518">
            <failure message="Maximum call stack size exceeded" type="RangeError">
RangeError: Maximum call stack size exceeded
 ❯ Document.&lt;anonymous&gt; __tests__/components/EnhancedMonacoJsonEditor/EnhancedMonacoJsonEditor.test.tsx:83:9
 ❯ Document.&lt;anonymous&gt; __tests__/components/EnhancedMonacoJsonEditor/EnhancedMonacoJsonEditor.test.tsx:83:25
 ❯ Document.&lt;anonymous&gt; __tests__/components/EnhancedMonacoJsonEditor/EnhancedMonacoJsonEditor.test.tsx:83:25
            </failure>
        </testcase>
        <testcase classname="__tests__/components/EnhancedMonacoJsonEditor/EnhancedMonacoJsonEditor.test.tsx" name="EnhancedMonacoJsonEditor &gt; Basic Rendering &gt; should display error message when provided" time="0.018289781">
            <failure message="Maximum call stack size exceeded" type="RangeError">
RangeError: Maximum call stack size exceeded
 ❯ Document.&lt;anonymous&gt; __tests__/components/EnhancedMonacoJsonEditor/EnhancedMonacoJsonEditor.test.tsx:83:9
 ❯ Document.&lt;anonymous&gt; __tests__/components/EnhancedMonacoJsonEditor/EnhancedMonacoJsonEditor.test.tsx:83:25
 ❯ Document.&lt;anonymous&gt; __tests__/components/EnhancedMonacoJsonEditor/EnhancedMonacoJsonEditor.test.tsx:83:25
            </failure>
        </testcase>
        <testcase classname="__tests__/components/EnhancedMonacoJsonEditor/EnhancedMonacoJsonEditor.test.tsx" name="EnhancedMonacoJsonEditor &gt; Import/Export Functionality &gt; should render import/export menu when enabled" time="0.019035872">
            <failure message="Maximum call stack size exceeded" type="RangeError">
RangeError: Maximum call stack size exceeded
 ❯ Document.&lt;anonymous&gt; __tests__/components/EnhancedMonacoJsonEditor/EnhancedMonacoJsonEditor.test.tsx:83:9
 ❯ Document.&lt;anonymous&gt; __tests__/components/EnhancedMonacoJsonEditor/EnhancedMonacoJsonEditor.test.tsx:83:25
 ❯ Document.&lt;anonymous&gt; __tests__/components/EnhancedMonacoJsonEditor/EnhancedMonacoJsonEditor.test.tsx:83:25
            </failure>
        </testcase>
        <testcase classname="__tests__/components/EnhancedMonacoJsonEditor/EnhancedMonacoJsonEditor.test.tsx" name="EnhancedMonacoJsonEditor &gt; Import/Export Functionality &gt; should not render import/export menu when disabled" time="0.015477781">
            <failure message="Maximum call stack size exceeded" type="RangeError">
RangeError: Maximum call stack size exceeded
 ❯ Document.&lt;anonymous&gt; __tests__/components/EnhancedMonacoJsonEditor/EnhancedMonacoJsonEditor.test.tsx:83:9
 ❯ Document.&lt;anonymous&gt; __tests__/components/EnhancedMonacoJsonEditor/EnhancedMonacoJsonEditor.test.tsx:83:25
 ❯ Document.&lt;anonymous&gt; __tests__/components/EnhancedMonacoJsonEditor/EnhancedMonacoJsonEditor.test.tsx:83:25
            </failure>
        </testcase>
        <testcase classname="__tests__/components/EnhancedMonacoJsonEditor/EnhancedMonacoJsonEditor.test.tsx" name="EnhancedMonacoJsonEditor &gt; Import/Export Functionality &gt; should not render import/export menu when read-only" time="0.016682778">
            <failure message="Maximum call stack size exceeded" type="RangeError">
RangeError: Maximum call stack size exceeded
 ❯ Document.&lt;anonymous&gt; __tests__/components/EnhancedMonacoJsonEditor/EnhancedMonacoJsonEditor.test.tsx:83:9
 ❯ Document.&lt;anonymous&gt; __tests__/components/EnhancedMonacoJsonEditor/EnhancedMonacoJsonEditor.test.tsx:83:25
 ❯ Document.&lt;anonymous&gt; __tests__/components/EnhancedMonacoJsonEditor/EnhancedMonacoJsonEditor.test.tsx:83:25
            </failure>
        </testcase>
        <testcase classname="__tests__/components/EnhancedMonacoJsonEditor/EnhancedMonacoJsonEditor.test.tsx" name="EnhancedMonacoJsonEditor &gt; Import/Export Functionality &gt; should open menu when menu button is clicked" time="0.020451392">
            <failure message="Maximum call stack size exceeded" type="RangeError">
RangeError: Maximum call stack size exceeded
 ❯ Document.&lt;anonymous&gt; __tests__/components/EnhancedMonacoJsonEditor/EnhancedMonacoJsonEditor.test.tsx:83:9
 ❯ Document.&lt;anonymous&gt; __tests__/components/EnhancedMonacoJsonEditor/EnhancedMonacoJsonEditor.test.tsx:83:25
 ❯ Document.&lt;anonymous&gt; __tests__/components/EnhancedMonacoJsonEditor/EnhancedMonacoJsonEditor.test.tsx:83:25
            </failure>
        </testcase>
        <testcase classname="__tests__/components/EnhancedMonacoJsonEditor/EnhancedMonacoJsonEditor.test.tsx" name="EnhancedMonacoJsonEditor &gt; Export Functionality &gt; should export JSON to file when export is clicked" time="0.002315903">
            <failure message="navigator.clipboard.writeText.mockResolvedValue is not a function" type="TypeError">
TypeError: navigator.clipboard.writeText.mockResolvedValue is not a function
 ❯ __tests__/components/EnhancedMonacoJsonEditor/EnhancedMonacoJsonEditor.test.tsx:101:48
            </failure>
        </testcase>
        <testcase classname="__tests__/components/EnhancedMonacoJsonEditor/EnhancedMonacoJsonEditor.test.tsx" name="EnhancedMonacoJsonEditor &gt; Export Functionality &gt; should copy JSON to clipboard when copy is clicked" time="0.001752035">
            <failure message="navigator.clipboard.writeText.mockResolvedValue is not a function" type="TypeError">
TypeError: navigator.clipboard.writeText.mockResolvedValue is not a function
 ❯ __tests__/components/EnhancedMonacoJsonEditor/EnhancedMonacoJsonEditor.test.tsx:101:48
            </failure>
        </testcase>
        <testcase classname="__tests__/components/EnhancedMonacoJsonEditor/EnhancedMonacoJsonEditor.test.tsx" name="EnhancedMonacoJsonEditor &gt; Export Functionality &gt; should handle clipboard copy failure gracefully" time="0.001867627">
            <failure message="navigator.clipboard.writeText.mockResolvedValue is not a function" type="TypeError">
TypeError: navigator.clipboard.writeText.mockResolvedValue is not a function
 ❯ __tests__/components/EnhancedMonacoJsonEditor/EnhancedMonacoJsonEditor.test.tsx:101:48
            </failure>
        </testcase>
        <testcase classname="__tests__/components/EnhancedMonacoJsonEditor/EnhancedMonacoJsonEditor.test.tsx" name="EnhancedMonacoJsonEditor &gt; Import Functionality &gt; should trigger file input when import is clicked" time="0.001702974">
            <failure message="navigator.clipboard.writeText.mockResolvedValue is not a function" type="TypeError">
TypeError: navigator.clipboard.writeText.mockResolvedValue is not a function
 ❯ __tests__/components/EnhancedMonacoJsonEditor/EnhancedMonacoJsonEditor.test.tsx:101:48
            </failure>
        </testcase>
        <testcase classname="__tests__/components/EnhancedMonacoJsonEditor/EnhancedMonacoJsonEditor.test.tsx" name="EnhancedMonacoJsonEditor &gt; Import Functionality &gt; should handle file import with valid JSON" time="0.001516512">
            <failure message="navigator.clipboard.writeText.mockResolvedValue is not a function" type="TypeError">
TypeError: navigator.clipboard.writeText.mockResolvedValue is not a function
 ❯ __tests__/components/EnhancedMonacoJsonEditor/EnhancedMonacoJsonEditor.test.tsx:101:48
            </failure>
        </testcase>
        <testcase classname="__tests__/components/EnhancedMonacoJsonEditor/EnhancedMonacoJsonEditor.test.tsx" name="EnhancedMonacoJsonEditor &gt; Import Functionality &gt; should handle file import with invalid JSON" time="0.001337159">
            <failure message="navigator.clipboard.writeText.mockResolvedValue is not a function" type="TypeError">
TypeError: navigator.clipboard.writeText.mockResolvedValue is not a function
 ❯ __tests__/components/EnhancedMonacoJsonEditor/EnhancedMonacoJsonEditor.test.tsx:101:48
            </failure>
        </testcase>
        <testcase classname="__tests__/components/EnhancedMonacoJsonEditor/EnhancedMonacoJsonEditor.test.tsx" name="EnhancedMonacoJsonEditor &gt; Import Functionality &gt; should paste from clipboard when paste is clicked" time="0.001504441">
            <failure message="navigator.clipboard.writeText.mockResolvedValue is not a function" type="TypeError">
TypeError: navigator.clipboard.writeText.mockResolvedValue is not a function
 ❯ __tests__/components/EnhancedMonacoJsonEditor/EnhancedMonacoJsonEditor.test.tsx:101:48
            </failure>
        </testcase>
        <testcase classname="__tests__/components/EnhancedMonacoJsonEditor/EnhancedMonacoJsonEditor.test.tsx" name="EnhancedMonacoJsonEditor &gt; Import Functionality &gt; should handle clipboard paste with invalid JSON" time="0.001676134">
            <failure message="navigator.clipboard.writeText.mockResolvedValue is not a function" type="TypeError">
TypeError: navigator.clipboard.writeText.mockResolvedValue is not a function
 ❯ __tests__/components/EnhancedMonacoJsonEditor/EnhancedMonacoJsonEditor.test.tsx:101:48
            </failure>
        </testcase>
        <testcase classname="__tests__/components/EnhancedMonacoJsonEditor/EnhancedMonacoJsonEditor.test.tsx" name="EnhancedMonacoJsonEditor &gt; Value Changes and Validation &gt; should call onChange when valid JSON is entered" time="0.001411691">
            <failure message="navigator.clipboard.writeText.mockResolvedValue is not a function" type="TypeError">
TypeError: navigator.clipboard.writeText.mockResolvedValue is not a function
 ❯ __tests__/components/EnhancedMonacoJsonEditor/EnhancedMonacoJsonEditor.test.tsx:101:48
            </failure>
        </testcase>
        <testcase classname="__tests__/components/EnhancedMonacoJsonEditor/EnhancedMonacoJsonEditor.test.tsx" name="EnhancedMonacoJsonEditor &gt; Value Changes and Validation &gt; should not call onChange when invalid JSON is entered" time="0.001273778">
            <failure message="navigator.clipboard.writeText.mockResolvedValue is not a function" type="TypeError">
TypeError: navigator.clipboard.writeText.mockResolvedValue is not a function
 ❯ __tests__/components/EnhancedMonacoJsonEditor/EnhancedMonacoJsonEditor.test.tsx:101:48
            </failure>
        </testcase>
        <testcase classname="__tests__/components/EnhancedMonacoJsonEditor/EnhancedMonacoJsonEditor.test.tsx" name="EnhancedMonacoJsonEditor &gt; Value Changes and Validation &gt; should not call onChange when readOnly is true" time="0.001248367">
            <failure message="navigator.clipboard.writeText.mockResolvedValue is not a function" type="TypeError">
TypeError: navigator.clipboard.writeText.mockResolvedValue is not a function
 ❯ __tests__/components/EnhancedMonacoJsonEditor/EnhancedMonacoJsonEditor.test.tsx:101:48
            </failure>
        </testcase>
        <testcase classname="__tests__/components/EnhancedMonacoJsonEditor/EnhancedMonacoJsonEditor.test.tsx" name="EnhancedMonacoJsonEditor &gt; Schema Validation &gt; should configure schema validation when schema is provided" time="0.010151115">
            <failure message="navigator.clipboard.writeText.mockResolvedValue is not a function" type="TypeError">
TypeError: navigator.clipboard.writeText.mockResolvedValue is not a function
 ❯ __tests__/components/EnhancedMonacoJsonEditor/EnhancedMonacoJsonEditor.test.tsx:101:48
            </failure>
        </testcase>
        <testcase classname="__tests__/components/EnhancedMonacoJsonEditor/EnhancedMonacoJsonEditor.test.tsx" name="EnhancedMonacoJsonEditor &gt; Ref Functionality &gt; should expose getCurrentValue method through ref" time="0.00142034">
            <failure message="navigator.clipboard.writeText.mockResolvedValue is not a function" type="TypeError">
TypeError: navigator.clipboard.writeText.mockResolvedValue is not a function
 ❯ __tests__/components/EnhancedMonacoJsonEditor/EnhancedMonacoJsonEditor.test.tsx:101:48
            </failure>
        </testcase>
        <testcase classname="__tests__/components/EnhancedMonacoJsonEditor/EnhancedMonacoJsonEditor.test.tsx" name="EnhancedMonacoJsonEditor &gt; Ref Functionality &gt; should return current JSON value through getCurrentValue" time="0.001461771">
            <failure message="navigator.clipboard.writeText.mockResolvedValue is not a function" type="TypeError">
TypeError: navigator.clipboard.writeText.mockResolvedValue is not a function
 ❯ __tests__/components/EnhancedMonacoJsonEditor/EnhancedMonacoJsonEditor.test.tsx:101:48
            </failure>
        </testcase>
        <testcase classname="__tests__/components/EnhancedMonacoJsonEditor/EnhancedMonacoJsonEditor.test.tsx" name="EnhancedMonacoJsonEditor &gt; Ref Functionality &gt; should handle invalid JSON in getCurrentValue" time="0.001287488">
            <failure message="navigator.clipboard.writeText.mockResolvedValue is not a function" type="TypeError">
TypeError: navigator.clipboard.writeText.mockResolvedValue is not a function
 ❯ __tests__/components/EnhancedMonacoJsonEditor/EnhancedMonacoJsonEditor.test.tsx:101:48
            </failure>
        </testcase>
        <testcase classname="__tests__/components/EnhancedMonacoJsonEditor/EnhancedMonacoJsonEditor.test.tsx" name="EnhancedMonacoJsonEditor &gt; Keyboard Shortcuts &gt; should display keyboard shortcuts help text when import/export is enabled" time="0.001211027">
            <failure message="navigator.clipboard.writeText.mockResolvedValue is not a function" type="TypeError">
TypeError: navigator.clipboard.writeText.mockResolvedValue is not a function
 ❯ __tests__/components/EnhancedMonacoJsonEditor/EnhancedMonacoJsonEditor.test.tsx:101:48
            </failure>
        </testcase>
        <testcase classname="__tests__/components/EnhancedMonacoJsonEditor/EnhancedMonacoJsonEditor.test.tsx" name="EnhancedMonacoJsonEditor &gt; Keyboard Shortcuts &gt; should not display keyboard shortcuts when import/export is disabled" time="0.001171857">
            <failure message="navigator.clipboard.writeText.mockResolvedValue is not a function" type="TypeError">
TypeError: navigator.clipboard.writeText.mockResolvedValue is not a function
 ❯ __tests__/components/EnhancedMonacoJsonEditor/EnhancedMonacoJsonEditor.test.tsx:101:48
            </failure>
        </testcase>
        <testcase classname="__tests__/components/EnhancedMonacoJsonEditor/EnhancedMonacoJsonEditor.test.tsx" name="EnhancedMonacoJsonEditor &gt; Edge Cases and Error Handling &gt; should handle null value gracefully" time="0.001376159">
            <failure message="navigator.clipboard.writeText.mockResolvedValue is not a function" type="TypeError">
TypeError: navigator.clipboard.writeText.mockResolvedValue is not a function
 ❯ __tests__/components/EnhancedMonacoJsonEditor/EnhancedMonacoJsonEditor.test.tsx:101:48
            </failure>
        </testcase>
        <testcase classname="__tests__/components/EnhancedMonacoJsonEditor/EnhancedMonacoJsonEditor.test.tsx" name="EnhancedMonacoJsonEditor &gt; Edge Cases and Error Handling &gt; should handle undefined value gracefully" time="0.001171887">
            <failure message="navigator.clipboard.writeText.mockResolvedValue is not a function" type="TypeError">
TypeError: navigator.clipboard.writeText.mockResolvedValue is not a function
 ❯ __tests__/components/EnhancedMonacoJsonEditor/EnhancedMonacoJsonEditor.test.tsx:101:48
            </failure>
        </testcase>
        <testcase classname="__tests__/components/EnhancedMonacoJsonEditor/EnhancedMonacoJsonEditor.test.tsx" name="EnhancedMonacoJsonEditor &gt; Edge Cases and Error Handling &gt; should handle empty object value" time="0.001275198">
            <failure message="navigator.clipboard.writeText.mockResolvedValue is not a function" type="TypeError">
TypeError: navigator.clipboard.writeText.mockResolvedValue is not a function
 ❯ __tests__/components/EnhancedMonacoJsonEditor/EnhancedMonacoJsonEditor.test.tsx:101:48
            </failure>
        </testcase>
        <testcase classname="__tests__/components/EnhancedMonacoJsonEditor/EnhancedMonacoJsonEditor.test.tsx" name="EnhancedMonacoJsonEditor &gt; Edge Cases and Error Handling &gt; should handle complex nested objects" time="0.001175707">
            <failure message="navigator.clipboard.writeText.mockResolvedValue is not a function" type="TypeError">
TypeError: navigator.clipboard.writeText.mockResolvedValue is not a function
 ❯ __tests__/components/EnhancedMonacoJsonEditor/EnhancedMonacoJsonEditor.test.tsx:101:48
            </failure>
        </testcase>
        <testcase classname="__tests__/components/EnhancedMonacoJsonEditor/EnhancedMonacoJsonEditor.test.tsx" name="EnhancedMonacoJsonEditor &gt; Edge Cases and Error Handling &gt; should handle large JSON objects efficiently" time="0.001134817">
            <failure message="navigator.clipboard.writeText.mockResolvedValue is not a function" type="TypeError">
TypeError: navigator.clipboard.writeText.mockResolvedValue is not a function
 ❯ __tests__/components/EnhancedMonacoJsonEditor/EnhancedMonacoJsonEditor.test.tsx:101:48
            </failure>
        </testcase>
        <testcase classname="__tests__/components/EnhancedMonacoJsonEditor/EnhancedMonacoJsonEditor.test.tsx" name="EnhancedMonacoJsonEditor &gt; Edge Cases and Error Handling &gt; should handle menu close when clicking outside" time="0.009481015">
            <failure message="navigator.clipboard.writeText.mockResolvedValue is not a function" type="TypeError">
TypeError: navigator.clipboard.writeText.mockResolvedValue is not a function
 ❯ __tests__/components/EnhancedMonacoJsonEditor/EnhancedMonacoJsonEditor.test.tsx:101:48
            </failure>
        </testcase>
        <testcase classname="__tests__/components/EnhancedMonacoJsonEditor/EnhancedMonacoJsonEditor.test.tsx" name="EnhancedMonacoJsonEditor &gt; Edge Cases and Error Handling &gt; should handle file input without files selected" time="0.001282679">
            <failure message="navigator.clipboard.writeText.mockResolvedValue is not a function" type="TypeError">
TypeError: navigator.clipboard.writeText.mockResolvedValue is not a function
 ❯ __tests__/components/EnhancedMonacoJsonEditor/EnhancedMonacoJsonEditor.test.tsx:101:48
            </failure>
        </testcase>
        <testcase classname="__tests__/components/EnhancedMonacoJsonEditor/EnhancedMonacoJsonEditor.test.tsx" name="EnhancedMonacoJsonEditor &gt; Cleanup and Memory Management &gt; should cleanup properly on unmount" time="0.001347319">
            <failure message="navigator.clipboard.writeText.mockResolvedValue is not a function" type="TypeError">
TypeError: navigator.clipboard.writeText.mockResolvedValue is not a function
 ❯ __tests__/components/EnhancedMonacoJsonEditor/EnhancedMonacoJsonEditor.test.tsx:101:48
            </failure>
        </testcase>
        <testcase classname="__tests__/components/EnhancedMonacoJsonEditor/EnhancedMonacoJsonEditor.test.tsx" name="EnhancedMonacoJsonEditor &gt; Cleanup and Memory Management &gt; should handle rapid re-renders without memory leaks" time="0.001341339">
            <failure message="navigator.clipboard.writeText.mockResolvedValue is not a function" type="TypeError">
TypeError: navigator.clipboard.writeText.mockResolvedValue is not a function
 ❯ __tests__/components/EnhancedMonacoJsonEditor/EnhancedMonacoJsonEditor.test.tsx:101:48
            </failure>
        </testcase>
    </testsuite>
    <testsuite name="__tests__/components/ErrorProvider/ErrorProvider.test.tsx" timestamp="2025-09-06T16:34:55.578Z" hostname="c82ba9db4d53" tests="19" failures="19" errors="0" skipped="0" time="0.022956017">
        <testcase classname="__tests__/components/ErrorProvider/ErrorProvider.test.tsx" name="ErrorProvider &gt; Context Value Propagation &gt; should provide showError function through context" time="0.003577481">
            <failure message="jest is not defined" type="ReferenceError">
ReferenceError: jest is not defined
 ❯ __tests__/components/ErrorProvider/ErrorProvider.test.tsx:42:9
            </failure>
        </testcase>
        <testcase classname="__tests__/components/ErrorProvider/ErrorProvider.test.tsx" name="ErrorProvider &gt; Context Value Propagation &gt; should not display error dialog initially" time="0.001263328">
            <failure message="jest is not defined" type="ReferenceError">
ReferenceError: jest is not defined
 ❯ __tests__/components/ErrorProvider/ErrorProvider.test.tsx:42:9
            </failure>
        </testcase>
        <testcase classname="__tests__/components/ErrorProvider/ErrorProvider.test.tsx" name="ErrorProvider &gt; Error Dialog Display &gt; should display error dialog when showError is called via context" time="0.001021394">
            <failure message="jest is not defined" type="ReferenceError">
ReferenceError: jest is not defined
 ❯ __tests__/components/ErrorProvider/ErrorProvider.test.tsx:42:9
            </failure>
        </testcase>
        <testcase classname="__tests__/components/ErrorProvider/ErrorProvider.test.tsx" name="ErrorProvider &gt; Error Dialog Display &gt; should display error dialog when showError is called via export" time="0.000822772">
            <failure message="jest is not defined" type="ReferenceError">
ReferenceError: jest is not defined
 ❯ __tests__/components/ErrorProvider/ErrorProvider.test.tsx:42:9
            </failure>
        </testcase>
        <testcase classname="__tests__/components/ErrorProvider/ErrorProvider.test.tsx" name="ErrorProvider &gt; Error Dialog Display &gt; should display stack trace when provided" time="0.000754751">
            <failure message="jest is not defined" type="ReferenceError">
ReferenceError: jest is not defined
 ❯ __tests__/components/ErrorProvider/ErrorProvider.test.tsx:42:9
            </failure>
        </testcase>
        <testcase classname="__tests__/components/ErrorProvider/ErrorProvider.test.tsx" name="ErrorProvider &gt; Error Dialog Display &gt; should not display stack trace section when stack trace is same as error message" time="0.00068915">
            <failure message="jest is not defined" type="ReferenceError">
ReferenceError: jest is not defined
 ❯ __tests__/components/ErrorProvider/ErrorProvider.test.tsx:42:9
            </failure>
        </testcase>
        <testcase classname="__tests__/components/ErrorProvider/ErrorProvider.test.tsx" name="ErrorProvider &gt; Dialog Keyboard Navigation &gt; should close dialog when Escape key is pressed" time="0.000823662">
            <failure message="jest is not defined" type="ReferenceError">
ReferenceError: jest is not defined
 ❯ __tests__/components/ErrorProvider/ErrorProvider.test.tsx:42:9
            </failure>
        </testcase>
        <testcase classname="__tests__/components/ErrorProvider/ErrorProvider.test.tsx" name="ErrorProvider &gt; Dialog Keyboard Navigation &gt; should close dialog when close button is clicked" time="0.000714561">
            <failure message="jest is not defined" type="ReferenceError">
ReferenceError: jest is not defined
 ❯ __tests__/components/ErrorProvider/ErrorProvider.test.tsx:42:9
            </failure>
        </testcase>
        <testcase classname="__tests__/components/ErrorProvider/ErrorProvider.test.tsx" name="ErrorProvider &gt; Dialog Keyboard Navigation &gt; should focus close button when dialog opens" time="0.001004854">
            <failure message="jest is not defined" type="ReferenceError">
ReferenceError: jest is not defined
 ❯ __tests__/components/ErrorProvider/ErrorProvider.test.tsx:42:9
            </failure>
        </testcase>
        <testcase classname="__tests__/components/ErrorProvider/ErrorProvider.test.tsx" name="ErrorProvider &gt; Error Message Formatting &gt; should handle empty error message gracefully" time="0.000798032">
            <failure message="jest is not defined" type="ReferenceError">
ReferenceError: jest is not defined
 ❯ __tests__/components/ErrorProvider/ErrorProvider.test.tsx:42:9
            </failure>
        </testcase>
        <testcase classname="__tests__/components/ErrorProvider/ErrorProvider.test.tsx" name="ErrorProvider &gt; Error Message Formatting &gt; should handle long error messages" time="0.000960564">
            <failure message="jest is not defined" type="ReferenceError">
ReferenceError: jest is not defined
 ❯ __tests__/components/ErrorProvider/ErrorProvider.test.tsx:42:9
            </failure>
        </testcase>
        <testcase classname="__tests__/components/ErrorProvider/ErrorProvider.test.tsx" name="ErrorProvider &gt; Error Message Formatting &gt; should handle special characters in error messages" time="0.000749151">
            <failure message="jest is not defined" type="ReferenceError">
ReferenceError: jest is not defined
 ❯ __tests__/components/ErrorProvider/ErrorProvider.test.tsx:42:9
            </failure>
        </testcase>
        <testcase classname="__tests__/components/ErrorProvider/ErrorProvider.test.tsx" name="ErrorProvider &gt; Dialog Accessibility &gt; should have proper ARIA attributes" time="0.000859993">
            <failure message="jest is not defined" type="ReferenceError">
ReferenceError: jest is not defined
 ❯ __tests__/components/ErrorProvider/ErrorProvider.test.tsx:42:9
            </failure>
        </testcase>
        <testcase classname="__tests__/components/ErrorProvider/ErrorProvider.test.tsx" name="ErrorProvider &gt; Dialog Accessibility &gt; should trap focus within the dialog" time="0.000936203">
            <failure message="jest is not defined" type="ReferenceError">
ReferenceError: jest is not defined
 ❯ __tests__/components/ErrorProvider/ErrorProvider.test.tsx:42:9
            </failure>
        </testcase>
        <testcase classname="__tests__/components/ErrorProvider/ErrorProvider.test.tsx" name="ErrorProvider &gt; Component Cleanup &gt; should cleanup properly on unmount" time="0.000771491">
            <failure message="jest is not defined" type="ReferenceError">
ReferenceError: jest is not defined
 ❯ __tests__/components/ErrorProvider/ErrorProvider.test.tsx:42:9
            </failure>
        </testcase>
        <testcase classname="__tests__/components/ErrorProvider/ErrorProvider.test.tsx" name="ErrorProvider &gt; Component Cleanup &gt; should handle multiple error triggers correctly" time="0.000672659">
            <failure message="jest is not defined" type="ReferenceError">
ReferenceError: jest is not defined
 ❯ __tests__/components/ErrorProvider/ErrorProvider.test.tsx:42:9
            </failure>
        </testcase>
        <testcase classname="__tests__/components/ErrorProvider/ErrorProvider.test.tsx" name="ErrorProvider &gt; Component Cleanup &gt; should handle rapid error triggers" time="0.000658209">
            <failure message="jest is not defined" type="ReferenceError">
ReferenceError: jest is not defined
 ❯ __tests__/components/ErrorProvider/ErrorProvider.test.tsx:42:9
            </failure>
        </testcase>
        <testcase classname="__tests__/components/ErrorProvider/ErrorProvider.test.tsx" name="ErrorProvider &gt; Error Dialog Content &gt; should display dialog with correct title" time="0.000639849">
            <failure message="jest is not defined" type="ReferenceError">
ReferenceError: jest is not defined
 ❯ __tests__/components/ErrorProvider/ErrorProvider.test.tsx:42:9
            </failure>
        </testcase>
        <testcase classname="__tests__/components/ErrorProvider/ErrorProvider.test.tsx" name="ErrorProvider &gt; Error Dialog Content &gt; should have full width and small max width" time="0.000618229">
            <failure message="jest is not defined" type="ReferenceError">
ReferenceError: jest is not defined
 ❯ __tests__/components/ErrorProvider/ErrorProvider.test.tsx:42:9
            </failure>
        </testcase>
    </testsuite>
    <testsuite name="__tests__/components/MatchFilterEditor/MatchFilterEditor.test.tsx" timestamp="2025-09-06T16:34:55.594Z" hostname="c82ba9db4d53" tests="1" failures="1" errors="0" skipped="0" time="0">
        <testcase classname="__tests__/components/MatchFilterEditor/MatchFilterEditor.test.tsx" name="__tests__/components/MatchFilterEditor/MatchFilterEditor.test.tsx" time="0">
            <failure message="jest is not defined" type="ReferenceError">
ReferenceError: jest is not defined
 ❯ __tests__/components/MatchFilterEditor/MatchFilterEditor.test.tsx:9:1
            </failure>
        </testcase>
    </testsuite>
    <testsuite name="__tests__/components/PillEditor/PillEditor.test.tsx" timestamp="2025-09-06T16:34:55.595Z" hostname="c82ba9db4d53" tests="1" failures="1" errors="0" skipped="0" time="0">
        <testcase classname="__tests__/components/PillEditor/PillEditor.test.tsx" name="__tests__/components/PillEditor/PillEditor.test.tsx" time="0">
            <failure message="jest is not defined" type="ReferenceError">
ReferenceError: jest is not defined
 ❯ __tests__/components/PillEditor/PillEditor.test.tsx:7:1
            </failure>
        </testcase>
    </testsuite>
</testsuites>
