<?xml version="1.0" encoding="UTF-8" ?>
<testsuites name="vitest tests" tests="25" failures="0" errors="0" time="0.81948891">
    <testsuite name="__tests__/components/CustomPaper/CustomPaper.test.tsx" timestamp="2025-09-06T19:03:00.651Z" hostname="c82ba9db4d53" tests="25" failures="0" errors="0" skipped="0" time="0.81948891">
        <testcase classname="__tests__/components/CustomPaper/CustomPaper.test.tsx" name="CustomPaper &gt; Basic Rendering &gt; should render without crashing" time="0.072877121">
        </testcase>
        <testcase classname="__tests__/components/CustomPaper/CustomPaper.test.tsx" name="CustomPaper &gt; Basic Rendering &gt; should render with children" time="0.02143135">
        </testcase>
        <testcase classname="__tests__/components/CustomPaper/CustomPaper.test.tsx" name="CustomPaper &gt; Basic Rendering &gt; should render multiple children" time="0.02146629">
        </testcase>
        <testcase classname="__tests__/components/CustomPaper/CustomPaper.test.tsx" name="CustomPaper &gt; Basic Rendering &gt; should render without children" time="0.010514087">
        </testcase>
        <testcase classname="__tests__/components/CustomPaper/CustomPaper.test.tsx" name="CustomPaper &gt; Props Handling &gt; should apply HTML attributes correctly" time="0.014223939">
        </testcase>
        <testcase classname="__tests__/components/CustomPaper/CustomPaper.test.tsx" name="CustomPaper &gt; Props Handling &gt; should handle click events" time="0.022381133">
        </testcase>
        <testcase classname="__tests__/components/CustomPaper/CustomPaper.test.tsx" name="CustomPaper &gt; Props Handling &gt; should handle mouse events" time="0.014959819">
        </testcase>
        <testcase classname="__tests__/components/CustomPaper/CustomPaper.test.tsx" name="CustomPaper &gt; Props Handling &gt; should handle keyboard events" time="0.020906872">
        </testcase>
        <testcase classname="__tests__/components/CustomPaper/CustomPaper.test.tsx" name="CustomPaper &gt; Styling and Theme Integration &gt; should have Material-UI Paper base styling" time="0.01069">
        </testcase>
        <testcase classname="__tests__/components/CustomPaper/CustomPaper.test.tsx" name="CustomPaper &gt; Styling and Theme Integration &gt; should apply custom margin top styling" time="0.102892071">
        </testcase>
        <testcase classname="__tests__/components/CustomPaper/CustomPaper.test.tsx" name="CustomPaper &gt; Styling and Theme Integration &gt; should merge with additional sx props when provided" time="0.018092143">
        </testcase>
        <testcase classname="__tests__/components/CustomPaper/CustomPaper.test.tsx" name="CustomPaper &gt; Accessibility &gt; should be keyboard accessible when tabIndex is provided" time="0.011189177">
        </testcase>
        <testcase classname="__tests__/components/CustomPaper/CustomPaper.test.tsx" name="CustomPaper &gt; Accessibility &gt; should support ARIA attributes" time="0.013726943">
        </testcase>
        <testcase classname="__tests__/components/CustomPaper/CustomPaper.test.tsx" name="CustomPaper &gt; Accessibility &gt; should support screen reader content" time="0.01001333">
        </testcase>
        <testcase classname="__tests__/components/CustomPaper/CustomPaper.test.tsx" name="CustomPaper &gt; Content Types &gt; should render text content" time="0.007793409">
        </testcase>
        <testcase classname="__tests__/components/CustomPaper/CustomPaper.test.tsx" name="CustomPaper &gt; Content Types &gt; should render React elements" time="0.007557806">
        </testcase>
        <testcase classname="__tests__/components/CustomPaper/CustomPaper.test.tsx" name="CustomPaper &gt; Content Types &gt; should render arrays of elements" time="0.010606509">
        </testcase>
        <testcase classname="__tests__/components/CustomPaper/CustomPaper.test.tsx" name="CustomPaper &gt; Content Types &gt; should handle conditional rendering" time="0.00786436">
        </testcase>
        <testcase classname="__tests__/components/CustomPaper/CustomPaper.test.tsx" name="CustomPaper &gt; Content Types &gt; should handle complex nested content" time="0.02357851">
        </testcase>
        <testcase classname="__tests__/components/CustomPaper/CustomPaper.test.tsx" name="CustomPaper &gt; Edge Cases &gt; should handle null children gracefully" time="0.0050182">
        </testcase>
        <testcase classname="__tests__/components/CustomPaper/CustomPaper.test.tsx" name="CustomPaper &gt; Edge Cases &gt; should handle empty string children" time="0.004752536">
        </testcase>
        <testcase classname="__tests__/components/CustomPaper/CustomPaper.test.tsx" name="CustomPaper &gt; Edge Cases &gt; should handle numeric children" time="0.005941573">
        </testcase>
        <testcase classname="__tests__/components/CustomPaper/CustomPaper.test.tsx" name="CustomPaper &gt; Edge Cases &gt; should handle mixed content types" time="0.008145264">
        </testcase>
        <testcase classname="__tests__/components/CustomPaper/CustomPaper.test.tsx" name="CustomPaper &gt; Performance &gt; should not re-render unnecessarily with same props" time="0.012596207">
        </testcase>
        <testcase classname="__tests__/components/CustomPaper/CustomPaper.test.tsx" name="CustomPaper &gt; Performance &gt; should handle large amounts of content efficiently" time="0.355094934">
        </testcase>
    </testsuite>
</testsuites>
