<?xml version="1.0" encoding="UTF-8" ?>
<testsuites name="vitest tests" tests="10" failures="10" errors="0" time="5.539">
    <testsuite name="__tests__/api/index.test.ts" timestamp="2025-09-07T10:15:43.852Z" hostname="c82ba9db4d53" tests="1" failures="1" errors="0" skipped="0" time="0">
        <testcase classname="__tests__/api/index.test.ts" name="__tests__/api/index.test.ts" time="0">
            <failure message="&apos;process.env&apos; only accepts a configurable, writable, and enumerable data descriptor" type="TypeError">
TypeError: &apos;process.env&apos; only accepts a configurable, writable, and enumerable data descriptor
 ❯ tests/setup/vitest.setup.ts:8:10

⎯⎯⎯⎯⎯⎯⎯⎯⎯⎯⎯⎯⎯⎯⎯⎯⎯⎯⎯⎯⎯⎯⎯⎯⎯⎯⎯⎯⎯⎯
Serialized Error: { code: &apos;ERR_INVALID_OBJECT_DEFINE_PROPERTY&apos; }
            </failure>
        </testcase>
    </testsuite>
    <testsuite name="__tests__/hooks/useDualModeEditor.test.ts" timestamp="2025-09-07T10:15:43.857Z" hostname="c82ba9db4d53" tests="1" failures="1" errors="0" skipped="0" time="0">
        <testcase classname="__tests__/hooks/useDualModeEditor.test.ts" name="__tests__/hooks/useDualModeEditor.test.ts" time="0">
            <failure message="&apos;process.env&apos; only accepts a configurable, writable, and enumerable data descriptor" type="TypeError">
TypeError: &apos;process.env&apos; only accepts a configurable, writable, and enumerable data descriptor
 ❯ tests/setup/vitest.setup.ts:8:10

⎯⎯⎯⎯⎯⎯⎯⎯⎯⎯⎯⎯⎯⎯⎯⎯⎯⎯⎯⎯⎯⎯⎯⎯⎯⎯⎯⎯⎯⎯
Serialized Error: { code: &apos;ERR_INVALID_OBJECT_DEFINE_PROPERTY&apos; }
            </failure>
        </testcase>
    </testsuite>
    <testsuite name="__tests__/pages/index.test.tsx" timestamp="2025-09-07T10:15:43.861Z" hostname="c82ba9db4d53" tests="1" failures="1" errors="0" skipped="0" time="0">
        <testcase classname="__tests__/pages/index.test.tsx" name="__tests__/pages/index.test.tsx" time="0">
            <failure message="&apos;process.env&apos; only accepts a configurable, writable, and enumerable data descriptor" type="TypeError">
TypeError: &apos;process.env&apos; only accepts a configurable, writable, and enumerable data descriptor
 ❯ tests/setup/vitest.setup.ts:8:10

⎯⎯⎯⎯⎯⎯⎯⎯⎯⎯⎯⎯⎯⎯⎯⎯⎯⎯⎯⎯⎯⎯⎯⎯⎯⎯⎯⎯⎯⎯
Serialized Error: { code: &apos;ERR_INVALID_OBJECT_DEFINE_PROPERTY&apos; }
            </failure>
        </testcase>
    </testsuite>
    <testsuite name="__tests__/components/ConfirmProvider/ConfirmProvider.test.tsx" timestamp="2025-09-07T10:15:43.863Z" hostname="c82ba9db4d53" tests="1" failures="1" errors="0" skipped="0" time="0">
        <testcase classname="__tests__/components/ConfirmProvider/ConfirmProvider.test.tsx" name="__tests__/components/ConfirmProvider/ConfirmProvider.test.tsx" time="0">
            <failure message="&apos;process.env&apos; only accepts a configurable, writable, and enumerable data descriptor" type="TypeError">
TypeError: &apos;process.env&apos; only accepts a configurable, writable, and enumerable data descriptor
 ❯ tests/setup/vitest.setup.ts:8:10

⎯⎯⎯⎯⎯⎯⎯⎯⎯⎯⎯⎯⎯⎯⎯⎯⎯⎯⎯⎯⎯⎯⎯⎯⎯⎯⎯⎯⎯⎯
Serialized Error: { code: &apos;ERR_INVALID_OBJECT_DEFINE_PROPERTY&apos; }
            </failure>
        </testcase>
    </testsuite>
    <testsuite name="__tests__/components/CustomPaper/CustomPaper.test.tsx" timestamp="2025-09-07T10:15:43.865Z" hostname="c82ba9db4d53" tests="1" failures="1" errors="0" skipped="0" time="0">
        <testcase classname="__tests__/components/CustomPaper/CustomPaper.test.tsx" name="__tests__/components/CustomPaper/CustomPaper.test.tsx" time="0">
            <failure message="&apos;process.env&apos; only accepts a configurable, writable, and enumerable data descriptor" type="TypeError">
TypeError: &apos;process.env&apos; only accepts a configurable, writable, and enumerable data descriptor
 ❯ tests/setup/vitest.setup.ts:8:10

⎯⎯⎯⎯⎯⎯⎯⎯⎯⎯⎯⎯⎯⎯⎯⎯⎯⎯⎯⎯⎯⎯⎯⎯⎯⎯⎯⎯⎯⎯
Serialized Error: { code: &apos;ERR_INVALID_OBJECT_DEFINE_PROPERTY&apos; }
            </failure>
        </testcase>
    </testsuite>
    <testsuite name="__tests__/components/EditorHeader/EditorHeader.test.tsx" timestamp="2025-09-07T10:15:43.867Z" hostname="c82ba9db4d53" tests="1" failures="1" errors="0" skipped="0" time="0">
        <testcase classname="__tests__/components/EditorHeader/EditorHeader.test.tsx" name="__tests__/components/EditorHeader/EditorHeader.test.tsx" time="0">
            <failure message="&apos;process.env&apos; only accepts a configurable, writable, and enumerable data descriptor" type="TypeError">
TypeError: &apos;process.env&apos; only accepts a configurable, writable, and enumerable data descriptor
 ❯ tests/setup/vitest.setup.ts:8:10

⎯⎯⎯⎯⎯⎯⎯⎯⎯⎯⎯⎯⎯⎯⎯⎯⎯⎯⎯⎯⎯⎯⎯⎯⎯⎯⎯⎯⎯⎯
Serialized Error: { code: &apos;ERR_INVALID_OBJECT_DEFINE_PROPERTY&apos; }
            </failure>
        </testcase>
    </testsuite>
    <testsuite name="__tests__/components/EnhancedMonacoJsonEditor/EnhancedMonacoJsonEditor.test.tsx" timestamp="2025-09-07T10:15:43.868Z" hostname="c82ba9db4d53" tests="1" failures="1" errors="0" skipped="0" time="0">
        <testcase classname="__tests__/components/EnhancedMonacoJsonEditor/EnhancedMonacoJsonEditor.test.tsx" name="__tests__/components/EnhancedMonacoJsonEditor/EnhancedMonacoJsonEditor.test.tsx" time="0">
            <failure message="&apos;process.env&apos; only accepts a configurable, writable, and enumerable data descriptor" type="TypeError">
TypeError: &apos;process.env&apos; only accepts a configurable, writable, and enumerable data descriptor
 ❯ tests/setup/vitest.setup.ts:8:10

⎯⎯⎯⎯⎯⎯⎯⎯⎯⎯⎯⎯⎯⎯⎯⎯⎯⎯⎯⎯⎯⎯⎯⎯⎯⎯⎯⎯⎯⎯
Serialized Error: { code: &apos;ERR_INVALID_OBJECT_DEFINE_PROPERTY&apos; }
            </failure>
        </testcase>
    </testsuite>
    <testsuite name="__tests__/components/ErrorProvider/ErrorProvider.test.tsx" timestamp="2025-09-07T10:15:43.869Z" hostname="c82ba9db4d53" tests="1" failures="1" errors="0" skipped="0" time="0">
        <testcase classname="__tests__/components/ErrorProvider/ErrorProvider.test.tsx" name="__tests__/components/ErrorProvider/ErrorProvider.test.tsx" time="0">
            <failure message="&apos;process.env&apos; only accepts a configurable, writable, and enumerable data descriptor" type="TypeError">
TypeError: &apos;process.env&apos; only accepts a configurable, writable, and enumerable data descriptor
 ❯ tests/setup/vitest.setup.ts:8:10

⎯⎯⎯⎯⎯⎯⎯⎯⎯⎯⎯⎯⎯⎯⎯⎯⎯⎯⎯⎯⎯⎯⎯⎯⎯⎯⎯⎯⎯⎯
Serialized Error: { code: &apos;ERR_INVALID_OBJECT_DEFINE_PROPERTY&apos; }
            </failure>
        </testcase>
    </testsuite>
    <testsuite name="__tests__/components/MatchFilterEditor/MatchFilterEditor.test.tsx" timestamp="2025-09-07T10:15:43.871Z" hostname="c82ba9db4d53" tests="1" failures="1" errors="0" skipped="0" time="0">
        <testcase classname="__tests__/components/MatchFilterEditor/MatchFilterEditor.test.tsx" name="__tests__/components/MatchFilterEditor/MatchFilterEditor.test.tsx" time="0">
            <failure message="&apos;process.env&apos; only accepts a configurable, writable, and enumerable data descriptor" type="TypeError">
TypeError: &apos;process.env&apos; only accepts a configurable, writable, and enumerable data descriptor
 ❯ tests/setup/vitest.setup.ts:8:10

⎯⎯⎯⎯⎯⎯⎯⎯⎯⎯⎯⎯⎯⎯⎯⎯⎯⎯⎯⎯⎯⎯⎯⎯⎯⎯⎯⎯⎯⎯
Serialized Error: { code: &apos;ERR_INVALID_OBJECT_DEFINE_PROPERTY&apos; }
            </failure>
        </testcase>
    </testsuite>
    <testsuite name="__tests__/components/PillEditor/PillEditor.test.tsx" timestamp="2025-09-07T10:15:43.872Z" hostname="c82ba9db4d53" tests="1" failures="1" errors="0" skipped="0" time="0">
        <testcase classname="__tests__/components/PillEditor/PillEditor.test.tsx" name="__tests__/components/PillEditor/PillEditor.test.tsx" time="0">
            <failure message="&apos;process.env&apos; only accepts a configurable, writable, and enumerable data descriptor" type="TypeError">
TypeError: &apos;process.env&apos; only accepts a configurable, writable, and enumerable data descriptor
 ❯ tests/setup/vitest.setup.ts:8:10

⎯⎯⎯⎯⎯⎯⎯⎯⎯⎯⎯⎯⎯⎯⎯⎯⎯⎯⎯⎯⎯⎯⎯⎯⎯⎯⎯⎯⎯⎯
Serialized Error: { code: &apos;ERR_INVALID_OBJECT_DEFINE_PROPERTY&apos; }
            </failure>
        </testcase>
    </testsuite>
</testsuites>
